$version Generated by VerilatedVcd $end
$timescale 1ps $end
 $scope module TOP $end
  $scope module $unit $end
   $var wire 7 u R_TYPE [6:0] $end
   $var wire 7 v IMM_I_TYPE [6:0] $end
   $var wire 7 v ALU_R_I_TYPE [6:0] $end
   $var wire 7 w LD_I_TYPE [6:0] $end
   $var wire 7 w IMM_LD_I_TYPE [6:0] $end
   $var wire 7 x S_TYPE [6:0] $end
   $var wire 7 w LD_I_S_TYPE [6:0] $end
   $var wire 7 y B_TYPE [6:0] $end
   $var wire 7 z JAL_J_TYPE [6:0] $end
   $var wire 7 { JMP_I_TYPE [6:0] $end
   $var wire 7 { JMP_I_J_TYPE [6:0] $end
   $var wire 7 | U_TYPE [6:0] $end
   $var wire 7 } LUI_U_TYPE [6:0] $end
   $var wire 7 | AUIPC_U_TYPE [6:0] $end
   $var wire 7 ~ ENV_I_TYPE [6:0] $end
  $upscope $end
  $var wire 1 k clk_i $end
  $var wire 1 l rst_i $end
  $var wire 1 m imem_ld_i $end
  $var wire 10 n imem_ld_addr_i [9:0] $end
  $var wire 32 o imem_ld_data_i [31:0] $end
  $var wire 1 p halt_o $end
  $scope module risc_v $end
   $var wire 32 q AddressWidth [31:0] $end
   $var wire 32 r DataWidth [31:0] $end
   $var wire 1 k clk_i $end
   $var wire 1 l rst_i $end
   $var wire 1 m imem_ld_i $end
   $var wire 10 n imem_ld_addr_i [9:0] $end
   $var wire 32 o imem_ld_data_i [31:0] $end
   $var wire 1 p halt_o $end
   $var wire 4 # alu_op [3:0] $end
   $var wire 2 $ regf_wd_src [1:0] $end
   $var wire 1 % alu_src2_sel $end
   $var wire 1 & jal $end
   $var wire 1 ' jalr $end
   $var wire 1 ( branch $end
   $var wire 1 ) auipc $end
   $var wire 1 * env_instr $end
   $var wire 1 + regf_wr_en $end
   $var wire 1 , mem_wr_en $end
   $var wire 1 - pc_src_sel $end
   $var wire 32 . target_pc [31:0] $end
   $var wire 32 H pc [31:0] $end
   $var wire 32 I pc_plus4 [31:0] $end
   $var wire 32 / next_pc [31:0] $end
   $var wire 1 0 alu_flag $end
   $var wire 32 1 alu_src2 [31:0] $end
   $var wire 32 2 alu_result [31:0] $end
   $var wire 32 3 regf_rd_data [31:0] $end
   $var wire 32 4 regf_rs1_data [31:0] $end
   $var wire 32 5 regf_rs2_data [31:0] $end
   $var wire 32 6 uimm_type_data [31:0] $end
   $var wire 32 7 data_mem_r_data [31:0] $end
   $var wire 32 8 imm [31:0] $end
   $var wire 32 9 instr [31:0] $end
   $var wire 32 : ld_data [31:0] $end
   $var wire 10 ; imem_addr [9:0] $end
   $var wire 7 < op_code [6:0] $end
   $var wire 3 = funct3 [2:0] $end
   $var wire 1 > funct7_h20 $end
   $var wire 5 ? regf_rd_addr [4:0] $end
   $var wire 5 @ regf_rs1_addr [4:0] $end
   $var wire 5 A regf_rs2_addr [4:0] $end
   $scope module alu $end
    $var wire 32 r DataWidth [31:0] $end
    $var wire 32 4 src1_i [31:0] $end
    $var wire 32 1 src2_i [31:0] $end
    $var wire 4 # alu_op_i [3:0] $end
    $var wire 32 2 result_o [31:0] $end
   $upscope $end
   $scope module alu_src2_mux $end
    $var wire 32 r DataWidth [31:0] $end
    $var wire 1 % sel_i $end
    $var wire 32 5 in0_i [31:0] $end
    $var wire 32 8 in1_i [31:0] $end
    $var wire 32 1 out_o [31:0] $end
   $upscope $end
   $scope module control_unit $end
    $var wire 7 < op_code_i [6:0] $end
    $var wire 3 = funct3_i [2:0] $end
    $var wire 1 > fnc7_h20_i $end
    $var wire 1 & jal_o $end
    $var wire 1 ' jalr_o $end
    $var wire 1 ( branch_o $end
    $var wire 1 ) auipc_o $end
    $var wire 1 + regf_wr_en_o $end
    $var wire 1 , mem_wr_en_o $end
    $var wire 2 $ regf_wd_src_o [1:0] $end
    $var wire 1 % alu_src_o $end
    $var wire 4 # alu_op_o [3:0] $end
    $var wire 1 * env_instr_o $end
    $var wire 1 B fnc7_valid $end
   $upscope $end
   $scope module ctrl_flow_unit $end
    $var wire 32 r DataWidth [31:0] $end
    $var wire 1 & jal_i $end
    $var wire 1 ' jalr_i $end
    $var wire 1 ( branch_i $end
    $var wire 1 0 alu_flag_i $end
    $var wire 32 H pc_i [31:0] $end
    $var wire 32 4 rs1_data_i [31:0] $end
    $var wire 32 8 addr_offset_i [31:0] $end
    $var wire 1 - pc_src_sel_o $end
    $var wire 32 . pc_target_o [31:0] $end
    $var wire 32 C base_addr [31:0] $end
    $var wire 32 . pc_plus_offset [31:0] $end
   $upscope $end
   $scope module dmem $end
    $var wire 32 q AddressWidth [31:0] $end
    $var wire 32 r DataWidth [31:0] $end
    $var wire 1 k clk_i $end
    $var wire 1 , wr_en_i $end
    $var wire 10 D addr_i [9:0] $end
    $var wire 32 5 wr_data_i [31:0] $end
    $var wire 32 7 r_data_o [31:0] $end
   $upscope $end
   $scope module imem $end
    $var wire 32 q AddressWidth [31:0] $end
    $var wire 32 r DataWidth [31:0] $end
    $var wire 1 k clk_i $end
    $var wire 1 m wr_en_i $end
    $var wire 10 ; addr_i [9:0] $end
    $var wire 32 o wr_data_i [31:0] $end
    $var wire 32 9 r_data_o [31:0] $end
   $upscope $end
   $scope module imm_extension_unit $end
    $var wire 32 9 instr_i [31:0] $end
    $var wire 32 8 imm_o [31:0] $end
    $var wire 7 < op_code [6:0] $end
   $upscope $end
   $scope module ld_data_ext $end
    $var wire 3 = funct3_i [2:0] $end
    $var wire 2 E offset_i [1:0] $end
    $var wire 32 7 data_i [31:0] $end
    $var wire 32 : data_o [31:0] $end
    $var wire 8 F byte_sel [7:0] $end
    $var wire 16 G halfword_sel [15:0] $end
   $upscope $end
   $scope module pc_adder $end
    $var wire 32 r DataWidth [31:0] $end
    $var wire 32 H a_i [31:0] $end
    $var wire 32 s b_i [31:0] $end
    $var wire 32 I y_o [31:0] $end
   $upscope $end
   $scope module pc_mux $end
    $var wire 32 r DataWidth [31:0] $end
    $var wire 1 - sel_i $end
    $var wire 32 I in0_i [31:0] $end
    $var wire 32 . in1_i [31:0] $end
    $var wire 32 / out_o [31:0] $end
   $upscope $end
   $scope module pc_reg $end
    $var wire 32 r DataWidth [31:0] $end
    $var wire 1 l rst_i $end
    $var wire 1 k clk_i $end
    $var wire 1 p halt_i $end
    $var wire 32 / d_i [31:0] $end
    $var wire 32 H q_o [31:0] $end
   $upscope $end
   $scope module regf_wr_data_mux $end
    $var wire 32 r DataWidth [31:0] $end
    $var wire 2 $ sel_i [1:0] $end
    $var wire 32 2 in0_i [31:0] $end
    $var wire 32 : in1_i [31:0] $end
    $var wire 32 I in2_i [31:0] $end
    $var wire 32 6 in3_i [31:0] $end
    $var wire 32 3 out_o [31:0] $end
   $upscope $end
   $scope module regfile $end
    $var wire 32 r NumRegs [31:0] $end
    $var wire 32 r DataWidth [31:0] $end
    $var wire 32 t AddressWidth [31:0] $end
    $var wire 1 k clk_i $end
    $var wire 1 l rst_i $end
    $var wire 1 + wr_en_i $end
    $var wire 5 ? rd_addr_i [4:0] $end
    $var wire 5 @ rs1_addr_i [4:0] $end
    $var wire 5 A rs2_addr_i [4:0] $end
    $var wire 32 3 rd_data_i [31:0] $end
    $var wire 32 4 rs1_data_o [31:0] $end
    $var wire 32 5 rs2_data_o [31:0] $end
    $var wire 32 J i [31:0] $end
    $var wire 32 K register_file[0] [31:0] $end
    $var wire 32 L register_file[1] [31:0] $end
    $var wire 32 M register_file[2] [31:0] $end
    $var wire 32 N register_file[3] [31:0] $end
    $var wire 32 O register_file[4] [31:0] $end
    $var wire 32 P register_file[5] [31:0] $end
    $var wire 32 Q register_file[6] [31:0] $end
    $var wire 32 R register_file[7] [31:0] $end
    $var wire 32 S register_file[8] [31:0] $end
    $var wire 32 T register_file[9] [31:0] $end
    $var wire 32 U register_file[10] [31:0] $end
    $var wire 32 V register_file[11] [31:0] $end
    $var wire 32 W register_file[12] [31:0] $end
    $var wire 32 X register_file[13] [31:0] $end
    $var wire 32 Y register_file[14] [31:0] $end
    $var wire 32 Z register_file[15] [31:0] $end
    $var wire 32 [ register_file[16] [31:0] $end
    $var wire 32 \ register_file[17] [31:0] $end
    $var wire 32 ] register_file[18] [31:0] $end
    $var wire 32 ^ register_file[19] [31:0] $end
    $var wire 32 _ register_file[20] [31:0] $end
    $var wire 32 ` register_file[21] [31:0] $end
    $var wire 32 a register_file[22] [31:0] $end
    $var wire 32 b register_file[23] [31:0] $end
    $var wire 32 c register_file[24] [31:0] $end
    $var wire 32 d register_file[25] [31:0] $end
    $var wire 32 e register_file[26] [31:0] $end
    $var wire 32 f register_file[27] [31:0] $end
    $var wire 32 g register_file[28] [31:0] $end
    $var wire 32 h register_file[29] [31:0] $end
    $var wire 32 i register_file[30] [31:0] $end
    $var wire 32 j register_file[31] [31:0] $end
   $upscope $end
   $scope module utype_rd_data_mux $end
    $var wire 32 r DataWidth [31:0] $end
    $var wire 1 ) sel_i $end
    $var wire 32 8 in0_i [31:0] $end
    $var wire 32 . in1_i [31:0] $end
    $var wire 32 6 out_o [31:0] $end
   $upscope $end
  $upscope $end
 $upscope $end
$enddefinitions $end


#0
b0000 #
b00 $
1%
0&
0'
0(
0)
0*
1+
0,
0-
b00000000000000000000000000000000 .
b00000000000000000000000000000100 /
00
b00000000000000000000000000000000 1
b00000000000000000000000000000000 2
b00000000000000000000000000000000 3
b00000000000000000000000000000000 4
b00000000000000000000000000000000 5
b00000000000000000000000000000000 6
b00000000000000000000000000000000 7
b00000000000000000000000000000000 8
b00000000000000000000000010010011 9
b00000000000000000000000000000000 :
b0000000000 ;
b0010011 <
b000 =
0>
b00001 ?
b00000 @
b00000 A
0B
b00000000000000000000000000000000 C
b0000000000 D
b00 E
b00000000 F
b0000000000000000 G
b00000000000000000000000000000000 H
b00000000000000000000000000000100 I
b00000000000000000000000000100000 J
b00000000000000000000000000000000 K
b00000000000000000000000000000000 L
b00000000000000000000000000000000 M
b00000000000000000000000000000000 N
b00000000000000000000000000000000 O
b00000000000000000000000000000000 P
b00000000000000000000000000000000 Q
b00000000000000000000000000000000 R
b00000000000000000000000000000000 S
b00000000000000000000000000000000 T
b00000000000000000000000000000000 U
b00000000000000000000000000000000 V
b00000000000000000000000000000000 W
b00000000000000000000000000000000 X
b00000000000000000000000000000000 Y
b00000000000000000000000000000000 Z
b00000000000000000000000000000000 [
b00000000000000000000000000000000 \
b00000000000000000000000000000000 ]
b00000000000000000000000000000000 ^
b00000000000000000000000000000000 _
b00000000000000000000000000000000 `
b00000000000000000000000000000000 a
b00000000000000000000000000000000 b
b00000000000000000000000000000000 c
b00000000000000000000000000000000 d
b00000000000000000000000000000000 e
b00000000000000000000000000000000 f
b00000000000000000000000000000000 g
b00000000000000000000000000000000 h
b00000000000000000000000000000000 i
b00000000000000000000000000000000 j
0k
0l
0m
b0001011100 n
b00000000000000000000000001110011 o
0p
b00000000000000000000000000001010 q
b00000000000000000000000000100000 r
b00000000000000000000000000000100 s
b00000000000000000000000000000101 t
b0110011 u
b0010011 v
b0000011 w
b0100011 x
b1100011 y
b1101111 z
b1100111 {
b0010111 |
b0110111 }
b1110011 ~
#1
b1000 #
b00000000000000000000000000000100 .
b00000000000000000000000000001000 /
b00000000000000001010111100010011 9
b0000000001 ;
b010 =
b11110 ?
b00001 @
b00000000000000000000000000000100 C
b00000000000000000000000000000100 H
b00000000000000000000000000001000 I
1k
#2
0k
#3
b0000 #
b00000000000000000000000000001000 .
b00000000000000000000000000001100 /
b00000000000000000000111010010011 9
b0000000010 ;
b000 =
b11101 ?
b00000 @
b00000000000000000000000000001000 C
b00000000000000000000000000001000 H
b00000000000000000000000000001100 I
1k
#4
0k
#5
b00000000000000000000000000001110 .
b00000000000000000000000000010000 /
b00000000000000000000000000000010 1
b00000000000000000000000000000010 2
b00000000000000000000000000000010 3
b00000000000000000000000000000010 6
b00000000000000000000000000000010 8
b00000000001000000000000110010011 9
b0000000011 ;
b00011 ?
b00010 A
b00000000000000000000000000001100 C
b10 E
b00000000000000000000000000001100 H
b00000000000000000000000000010000 I
1k
#6
0k
#7
b1011 #
0%
1(
0+
b00000000000000000000000101011100 .
b00000000000000000000000000010100 /
b00000000000000000000000000000000 1
b00000000000000000000000000000000 2
b00000000000000000000000000000000 3
b00000000000000000000000101001100 6
b00000000000000000000000101001100 8
b00010101110111110001011001100011 9
b0000000100 ;
b1100011 <
b001 =
b01100 ?
b11110 @
b11101 A
b00000000000000000000000000010000 C
b00 E
b00000000000000000000000000010000 H
b00000000000000000000000000010100 I
b00000000000000000000000000000010 N
1k
#8
0k
#9
b0000 #
1%
0(
1+
b00000000000000000000000000010101 .
b00000000000000000000000000011000 /
10
b00000000000000000000000000000001 1
b00000000000000000000000000000001 2
b00000000000000000000000000000001 3
b00000000000000000000000000000001 6
b00000000000000000000000000000001 8
b00000000000100000000000010010011 9
b0000000101 ;
b0010011 <
b000 =
b00001 ?
b00000 @
b00001 A
b00000000000000000000000000010100 C
b01 E
b00000000000000000000000000010100 H
b00000000000000000000000000011000 I
1k
#10
0k
#11
b1000 #
b00000000000000000000000000011001 .
b00000000000000000000000000011100 /
00
b00000000000000000000000000000000 2
b00000000000000000000000000000000 3
b00000000000000000000000000000001 4
b00000000000000000000000000000001 5
b00000000000100001010111100010011 9
b0000000110 ;
b010 =
b11110 ?
b00001 @
b00000000000000000000000000011000 C
b00 E
b00000000000000000000000000011000 H
b00000000000000000000000000011100 I
b00000000000000000000000000000001 L
1k
#12
0k
#13
b0000 #
b00000000000000000000000000011100 .
b00000000000000000000000000100000 /
b00000000000000000000000000000000 1
b00000000000000000000000000000000 4
b00000000000000000000000000000000 5
b00000000000000000000000000000000 6
b00000000000000000000000000000000 8
b00000000000000000000111010010011 9
b0000000111 ;
b000 =
b11101 ?
b00000 @
b00000 A
b00000000000000000000000000011100 C
b00000000000000000000000000011100 H
b00000000000000000000000000100000 I
1k
#14
0k
#15
b00000000000000000000000000100011 .
b00000000000000000000000000100100 /
10
b00000000000000000000000000000011 1
b00000000000000000000000000000011 2
b00000000000000000000000000000011 3
b00000000000000000000000000000010 5
b00000000000000000000000000000011 6
b00000000000000000000000000000011 8
b00000000001100000000000110010011 9
b0000001000 ;
b00011 ?
b00011 A
b00000000000000000000000000100000 C
b11 E
b00000000000000000000000000100000 H
b00000000000000000000000000100100 I
1k
#16
0k
#17
b1011 #
0%
1(
0+
b00000000000000000000000101011100 .
b00000000000000000000000000101000 /
00
b00000000000000000000000000000000 1
b00000000000000000000000000000000 2
b00000000000000000000000000000000 3
b00000000000000000000000000000000 5
b00000000000000000000000100111000 6
b00000000000000000000000100111000 8
b00010011110111110001110001100011 9
b0000001001 ;
b1100011 <
b001 =
b11000 ?
b11110 @
b11101 A
b00000000000000000000000000100100 C
b00 E
b00000000000000000000000000100100 H
b00000000000000000000000000101000 I
b00000000000000000000000000000011 N
1k
#18
0k
#19
b0000 #
1%
0(
1+
b00000000000000000000000000101011 .
b00000000000000000000000000101100 /
10
b00000000000000000000000000000011 1
b00000000000000000000000000000011 2
b00000000000000000000000000000011 3
b00000000000000000000000000000011 5
b00000000000000000000000000000011 6
b00000000000000000000000000000011 8
b00000000001100000000000010010011 9
b0000001010 ;
b0010011 <
b000 =
b00001 ?
b00000 @
b00011 A
b00000000000000000000000000101000 C
b11 E
b00000000000000000000000000101000 H
b00000000000000000000000000101100 I
1k
#20
0k
#21
b1000 #
b00000000000000000000000000110011 .
b00000000000000000000000000110000 /
b00000000000000000000000000000111 1
b00000000000000000000000000000001 2
b00000000000000000000000000000001 3
b00000000000000000000000000000011 4
b00000000000000000000000000000000 5
b00000000000000000000000000000111 6
b00000000000000000000000000000111 8
b00000000011100001010111100010011 9
b0000001011 ;
b010 =
b11110 ?
b00001 @
b00111 A
b00000000000000000000000000101100 C
b01 E
b00000000000000000000000000101100 H
b00000000000000000000000000110000 I
b00000000000000000000000000000011 L
1k
#22
0k
#23
b0000 #
b00000000000000000000000000110001 .
b00000000000000000000000000110100 /
b00000000000000000000000000000001 1
b00000000000000000000000000000000 4
b00000000000000000000000000000011 5
b00000000000000000000000000000001 6
b00000000000000000000000000000001 8
b00000000000100000000111010010011 9
b0000001100 ;
b000 =
b11101 ?
b00000 @
b00001 A
b00000000000000000000000000110000 C
b00000000000000000000000000110000 H
b00000000000000000000000000110100 I
b00000000000000000000000000000001 i
1k
#24
0k
#25
b00000000000000000000000000111000 .
b00000000000000000000000000111000 /
00
b00000000000000000000000000000100 1
b00000000000000000000000000000100 2
b00000000000000000000000000000100 3
b00000000000000000000000000000000 5
b00000000000000000000000000000100 6
b00000000000000000000000000000100 8
b00000000010000000000000110010011 9
b0000001101 ;
b00011 ?
b00100 A
b00000000000000000000000000110100 C
b0000000001 D
b00 E
b00000000000000000000000000110100 H
b00000000000000000000000000111000 I
b00000000000000000000000000000001 h
1k
#26
0k
#27
b1011 #
0%
1(
0+
b00000000000000000000000101011100 .
b00000000000000000000000000111100 /
b00000000000000000000000000000001 1
b00000000000000000000000000000000 2
b00000000000000000000000000000000 3
b00000000000000000000000000000001 4
b00000000000000000000000000000001 5
b00000000000000000000000100100100 6
b00000000000000000000000100100100 8
b00010011110111110001001001100011 9
b0000001110 ;
b1100011 <
b001 =
b00100 ?
b11110 @
b11101 A
b00000000000000000000000000111000 C
b0000000000 D
b00000000000000000000000000111000 H
b00000000000000000000000000111100 I
b00000000000000000000000000000100 N
1k
#28
0k
#29
b0000 #
1%
0(
1+
b00000000000000000000000001000011 .
b00000000000000000000000001000000 /
10
b00000000000000000000000000000111 1
b00000000000000000000000000000111 2
b00000000000000000000000000000111 3
b00000000000000000000000000000000 4
b00000000000000000000000000000000 5
b00000000000000000000000000000111 6
b00000000000000000000000000000111 8
b00000000011100000000000010010011 9
b0000001111 ;
b0010011 <
b000 =
b00001 ?
b00000 @
b00111 A
b00000000000000000000000000111100 C
b0000000001 D
b11 E
b00000000000000000000000000111100 H
b00000000000000000000000001000000 I
1k
#30
0k
#31
b1000 #
b00000000000000000000000001000100 /
00
b00000000000000000000000000000011 1
b00000000000000000000000000000000 2
b00000000000000000000000000000000 3
b00000000000000000000000000000111 4
b00000000000000000000000000000100 5
b00000000000000000000000000000011 6
b00000000000000000000000000000011 8
b00000000001100001010111100010011 9
b0000010000 ;
b010 =
b11110 ?
b00001 @
b00011 A
b00000000000000000000000001000000 C
b0000000000 D
b00 E
b00000000000000000000000001000000 H
b00000000000000000000000001000100 I
b00000000000000000000000000000111 L
1k
#32
0k
#33
b0000 #
b00000000000000000000000001000100 .
b00000000000000000000000001001000 /
b00000000000000000000000000000000 1
b00000000000000000000000000000000 4
b00000000000000000000000000000000 5
b00000000000000000000000000000000 6
b00000000000000000000000000000000 8
b00000000000000000000111010010011 9
b0000010001 ;
b000 =
b11101 ?
b00000 @
b00000 A
b00000000000000000000000001000100 C
b00000000000000000000000001000100 H
b00000000000000000000000001001000 I
b00000000000000000000000000000000 i
1k
#34
0k
#35
b00000000000000000000000001001101 .
b00000000000000000000000001001100 /
10
b00000000000000000000000000000101 1
b00000000000000000000000000000101 2
b00000000000000000000000000000101 3
b00000000000000000000000000000101 6
b00000000000000000000000000000101 8
b00000000010100000000000110010011 9
b0000010010 ;
b00011 ?
b00101 A
b00000000000000000000000001001000 C
b0000000001 D
b01 E
b00000000000000000000000001001000 H
b00000000000000000000000001001100 I
b00000000000000000000000000000000 h
1k
#36
0k
#37
b1011 #
0%
1(
0+
b00000000000000000000000101011100 .
b00000000000000000000000001010000 /
00
b00000000000000000000000000000000 1
b00000000000000000000000000000000 2
b00000000000000000000000000000000 3
b00000000000000000000000100010000 6
b00000000000000000000000100010000 8
b00010001110111110001100001100011 9
b0000010011 ;
b1100011 <
b001 =
b10000 ?
b11110 @
b11101 A
b00000000000000000000000001001100 C
b0000000000 D
b00 E
b00000000000000000000000001001100 H
b00000000000000000000000001010000 I
b00000000000000000000000000000101 N
1k
#38
0k
#39
b0000 #
1%
0(
1+
b00000000000000000000000001010000 .
b00000000000000000000000001010100 /
b00000000000000000000000000000000 6
b00000000000000000000000000000000 8
b00000000000000000000000010010011 9
b0000010100 ;
b0010011 <
b000 =
b00001 ?
b00000 @
b00000 A
b00000000000000000000000001010000 C
b00000000000000000000000001010000 H
b00000000000000000000000001010100 I
1k
#40
0k
#41
b1000 #
b11111111111111111111100001010100 .
b00000000000000000000000001011000 /
b11111111111111111111100000000000 1
b11111111111111111111100000000000 6
b11111111111111111111100000000000 8
b10000000000000001010111100010011 9
b0000010101 ;
b010 =
b11110 ?
b00001 @
b00000000000000000000000001010100 C
b00000000000000000000000001010100 H
b00000000000000000000000001011000 I
b00000000000000000000000000000000 L
1k
#42
0k
#43
b0000 #
b00000000000000000000000001011000 .
b00000000000000000000000001011100 /
b00000000000000000000000000000000 1
b00000000000000000000000000000000 6
b00000000000000000000000000000000 8
b00000000000000000000111010010011 9
b0000010110 ;
b000 =
b11101 ?
b00000 @
b00000000000000000000000001011000 C
b00000000000000000000000001011000 H
b00000000000000000000000001011100 I
1k
#44
0k
#45
b00000000000000000000000001100010 .
b00000000000000000000000001100000 /
b00000000000000000000000000000110 1
b00000000000000000000000000000110 2
b00000000000000000000000000000110 3
b00000000000000000000000000000110 6
b00000000000000000000000000000110 8
b00000000011000000000000110010011 9
b0000010111 ;
b00011 ?
b00110 A
b00000000000000000000000001011100 C
b0000000001 D
b10 E
b00000000000000000000000001011100 H
b00000000000000000000000001100000 I
1k
#46
0k
#47
b1011 #
0%
1(
0+
b00000000000000000000000101011100 .
b00000000000000000000000001100100 /
b00000000000000000000000000000000 1
b00000000000000000000000000000000 2
b00000000000000000000000000000000 3
b00000000000000000000000011111100 6
b00000000000000000000000011111100 8
b00001111110111110001111001100011 9
b0000011000 ;
b1100011 <
b001 =
b11100 ?
b11110 @
b11101 A
b00000000000000000000000001100000 C
b0000000000 D
b00 E
b00000000000000000000000001100000 H
b00000000000000000000000001100100 I
b00000000000000000000000000000110 N
1k
#48
0k
#49
b0000 #
b11 $
0(
1+
b10000000000000000000000001100100 .
b00000000000000000000000001101000 /
b10000000000000000000000000000000 3
b10000000000000000000000000000000 6
b10000000000000000000000000000000 8
b10000000000000000000000010110111 9
b0000011001 ;
b0110111 <
b000 =
b00001 ?
b00000 @
b00000 A
b00000000000000000000000001100100 C
b00000000000000000000000001100100 H
b00000000000000000000000001101000 I
1k
#50
0k
#51
b00 $
1%
b00000000000000000000000001101000 .
b00000000000000000000000001101100 /
b10000000000000000000000000000000 2
b10000000000000000000000000000000 4
b00000000000000000000000000000000 6
b00000000000000000000000000000000 8
b00000000000000001000000010010011 9
b0000011010 ;
b0010011 <
b00001 @
b00000000000000000000000001101000 C
b00000000000000000000000001101000 H
b00000000000000000000000001101100 I
b10000000000000000000000000000000 L
1k
#52
0k
#53
b1000 #
b00000000000000000000000001101100 .
b00000000000000000000000001110000 /
10
b00000000000000000000000000000001 2
b00000000000000000000000000000001 3
b00000000000000001010111100010011 9
b0000011011 ;
b010 =
b11110 ?
b00000000000000000000000001101100 C
b01 E
b00000000000000000000000001101100 H
b00000000000000000000000001110000 I
1k
#54
0k
#55
b0000 #
b00000000000000000000000001110001 .
b00000000000000000000000001110100 /
b00000000000000000000000000000001 1
b00000000000000000000000000000000 4
b10000000000000000000000000000000 5
b00000000000000000000000000000001 6
b00000000000000000000000000000001 8
b00000000000100000000111010010011 9
b0000011100 ;
b000 =
b11101 ?
b00000 @
b00001 A
b00000000000000000000000001110000 C
b00000000000000000000000001110000 H
b00000000000000000000000001110100 I
b00000000000000000000000000000001 i
1k
#56
0k
#57
b00000000000000000000000001111011 .
b00000000000000000000000001111000 /
b00000000000000000000000000000111 1
b00000000000000000000000000000111 2
b00000000000000000000000000000111 3
b00000000000000000000000000000000 5
b00000000000000000000000000000111 6
b00000000000000000000000000000111 8
b00000000011100000000000110010011 9
b0000011101 ;
b00011 ?
b00111 A
b00000000000000000000000001110100 C
b0000000001 D
b11 E
b00000000000000000000000001110100 H
b00000000000000000000000001111000 I
b00000000000000000000000000000001 h
1k
#58
0k
#59
b1011 #
0%
1(
0+
b00000000000000000000000101011100 .
b00000000000000000000000001111100 /
00
b00000000000000000000000000000001 1
b00000000000000000000000000000000 2
b00000000000000000000000000000000 3
b00000000000000000000000000000001 4
b00000000000000000000000000000001 5
b00000000000000000000000011100100 6
b00000000000000000000000011100100 8
b00001111110111110001001001100011 9
b0000011110 ;
b1100011 <
b001 =
b00100 ?
b11110 @
b11101 A
b00000000000000000000000001111000 C
b0000000000 D
b00 E
b00000000000000000000000001111000 H
b00000000000000000000000001111100 I
b00000000000000000000000000000111 N
1k
#60
0k
#61
b0000 #
b11 $
0(
1+
b10000000000000000000000001111100 .
b00000000000000000000000010000000 /
b00000000000000000000000000000000 1
b10000000000000000000000000000000 3
b00000000000000000000000000000000 4
b00000000000000000000000000000000 5
b10000000000000000000000000000000 6
b10000000000000000000000000000000 8
b10000000000000000000000010110111 9
b0000011111 ;
b0110111 <
b000 =
b00001 ?
b00000 @
b00000 A
b00000000000000000000000001111100 C
b00000000000000000000000001111100 H
b00000000000000000000000010000000 I
1k
#62
0k
#63
b00 $
1%
b00000000000000000000000010000000 .
b00000000000000000000000010000100 /
b10000000000000000000000000000000 2
b10000000000000000000000000000000 4
b00000000000000000000000000000000 6
b00000000000000000000000000000000 8
b00000000000000001000000010010011 9
b0000100000 ;
b0010011 <
b00001 @
b00000000000000000000000010000000 C
b00000000000000000000000010000000 H
b00000000000000000000000010000100 I
1k
#64
0k
#65
b1000 #
b11111111111111111111100010000100 .
b00000000000000000000000010001000 /
10
b11111111111111111111100000000000 1
b00000000000000000000000000000001 2
b00000000000000000000000000000001 3
b11111111111111111111100000000000 6
b11111111111111111111100000000000 8
b10000000000000001010111100010011 9
b0000100001 ;
b010 =
b11110 ?
b00000000000000000000000010000100 C
b01 E
b00000000000000000000000010000100 H
b00000000000000000000000010001000 I
1k
#66
0k
#67
b0000 #
b00000000000000000000000010001001 .
b00000000000000000000000010001100 /
b00000000000000000000000000000001 1
b00000000000000000000000000000000 4
b10000000000000000000000000000000 5
b00000000000000000000000000000001 6
b00000000000000000000000000000001 8
b00000000000100000000111010010011 9
b0000100010 ;
b000 =
b11101 ?
b00000 @
b00001 A
b00000000000000000000000010001000 C
b00000000000000000000000010001000 H
b00000000000000000000000010001100 I
1k
#68
0k
#69
b00000000000000000000000010010100 .
b00000000000000000000000010010000 /
00
b00000000000000000000000000001000 1
b00000000000000000000000000001000 2
b00000000000000000000000000001000 3
b00000000000000000000000000000000 5
b00000000000000000000000000001000 6
b00000000000000000000000000001000 8
b00000000100000000000000110010011 9
b0000100011 ;
b00011 ?
b01000 A
b00000000000000000000000010001100 C
b0000000010 D
b00 E
b00000000000000000000000010001100 H
b00000000000000000000000010010000 I
1k
#70
0k
#71
b1011 #
0%
1(
0+
b00000000000000000000000101011100 .
b00000000000000000000000010010100 /
b00000000000000000000000000000001 1
b00000000000000000000000000000000 2
b00000000000000000000000000000000 3
b00000000000000000000000000000001 4
b00000000000000000000000000000001 5
b00000000000000000000000011001100 6
b00000000000000000000000011001100 8
b00001101110111110001011001100011 9
b0000100100 ;
b1100011 <
b001 =
b01100 ?
b11110 @
b11101 A
b00000000000000000000000010010000 C
b0000000000 D
b00000000000000000000000010010000 H
b00000000000000000000000010010100 I
b00000000000000000000000000001000 N
1k
#72
0k
#73
b0000 #
1%
0(
1+
b00000000000000000000000010010100 .
b00000000000000000000000010011000 /
b00000000000000000000000000000000 1
b00000000000000000000000000000000 4
b00000000000000000000000000000000 5
b00000000000000000000000000000000 6
b00000000000000000000000000000000 8
b00000000000000000000000010010011 9
b0000100101 ;
b0010011 <
b000 =
b00001 ?
b00000 @
b00000 A
b00000000000000000000000010010100 C
b00000000000000000000000010010100 H
b00000000000000000000000010011000 I
1k
#74
0k
#75
b1000 #
b00000000000000000000100010010111 .
b00000000000000000000000010011100 /
10
b00000000000000000000011111111111 1
b00000000000000000000000000000001 2
b00000000000000000000000000000001 3
b00000000000000000000011111111111 6
b00000000000000000000011111111111 8
b01111111111100001010111100010011 9
b0000100110 ;
b010 =
1>
b11110 ?
b00001 @
b11111 A
b00000000000000000000000010011000 C
b01 E
b00000000000000000000000010011000 H
b00000000000000000000000010011100 I
b00000000000000000000000000000000 L
1k
#76
0k
#77
b0000 #
b00000000000000000000000010011101 .
b00000000000000000000000010100000 /
b00000000000000000000000000000001 1
b00000000000000000000000000000001 6
b00000000000000000000000000000001 8
b00000000000100000000111010010011 9
b0000100111 ;
b000 =
0>
b11101 ?
b00000 @
b00001 A
b00000000000000000000000010011100 C
b00000000000000000000000010011100 H
b00000000000000000000000010100000 I
1k
#78
0k
#79
b00000000000000000000000010101001 .
b00000000000000000000000010100100 /
b00000000000000000000000000001001 1
b00000000000000000000000000001001 2
b00000000000000000000000000001001 3
b00000000000000000000000000001001 6
b00000000000000000000000000001001 8
b00000000100100000000000110010011 9
b0000101000 ;
b00011 ?
b01001 A
b00000000000000000000000010100000 C
b0000000010 D
b00000000000000000000000010100000 H
b00000000000000000000000010100100 I
1k
#80
0k
#81
b1011 #
0%
1(
0+
b00000000000000000000000101011100 .
b00000000000000000000000010101000 /
00
b00000000000000000000000000000001 1
b00000000000000000000000000000000 2
b00000000000000000000000000000000 3
b00000000000000000000000000000001 4
b00000000000000000000000000000001 5
b00000000000000000000000010111000 6
b00000000000000000000000010111000 8
b00001011110111110001110001100011 9
b0000101001 ;
b1100011 <
b001 =
b11000 ?
b11110 @
b11101 A
b00000000000000000000000010100100 C
b0000000000 D
b00 E
b00000000000000000000000010100100 H
b00000000000000000000000010101000 I
b00000000000000000000000000001001 N
1k
#82
0k
#83
b0000 #
b11 $
0(
1+
b10000000000000000000000010101000 .
b00000000000000000000000010101100 /
b00000000000000000000000000000000 1
b10000000000000000000000000000000 3
b00000000000000000000000000000000 4
b00000000000000000000000000000000 5
b10000000000000000000000000000000 6
b10000000000000000000000000000000 8
b10000000000000000000000010110111 9
b0000101010 ;
b0110111 <
b000 =
b00001 ?
b00000 @
b00000 A
b00000000000000000000000010101000 C
b00000000000000000000000010101000 H
b00000000000000000000000010101100 I
1k
#84
0k
#85
b00 $
1%
b00000000000000000000000010101011 .
b00000000000000000000000010110000 /
10
b11111111111111111111111111111111 1
b01111111111111111111111111111111 2
b01111111111111111111111111111111 3
b10000000000000000000000000000000 4
b11111111111111111111111111111111 6
b11111111111111111111111111111111 8
b11111111111100001000000010010011 9
b0000101011 ;
b0010011 <
1>
b00001 @
b11111 A
b00000000000000000000000010101100 C
b1111111111 D
b11 E
b00000000000000000000000010101100 H
b00000000000000000000000010110000 I
b10000000000000000000000000000000 L
1k
#86
0k
#87
b1000 #
b00000000000000000000000010110000 .
b00000000000000000000000010110100 /
00
b00000000000000000000000000000000 1
b00000000000000000000000000000000 2
b00000000000000000000000000000000 3
b01111111111111111111111111111111 4
b00000000000000000000000000000000 6
b00000000000000000000000000000000 8
b00000000000000001010111100010011 9
b0000101100 ;
b010 =
0>
b11110 ?
b00000 A
b00000000000000000000000010110000 C
b0000000000 D
b00 E
b00000000000000000000000010110000 H
b00000000000000000000000010110100 I
b01111111111111111111111111111111 L
1k
#88
0k
#89
b0000 #
b00000000000000000000000010110100 .
b00000000000000000000000010111000 /
b00000000000000000000000000000000 4
b00000000000000000000111010010011 9
b0000101101 ;
b000 =
b11101 ?
b00000 @
b00000000000000000000000010110100 C
b00000000000000000000000010110100 H
b00000000000000000000000010111000 I
b00000000000000000000000000000000 i
1k
#90
0k
#91
b00000000000000000000000011000010 .
b00000000000000000000000010111100 /
b00000000000000000000000000001010 1
b00000000000000000000000000001010 2
b00000000000000000000000000001010 3
b00000000000000000000000000001010 6
b00000000000000000000000000001010 8
b00000000101000000000000110010011 9
b0000101110 ;
b00011 ?
b01010 A
b00000000000000000000000010111000 C
b0000000010 D
b10 E
b00000000000000000000000010111000 H
b00000000000000000000000010111100 I
b00000000000000000000000000000000 h
1k
#92
0k
#93
b1011 #
0%
1(
0+
b00000000000000000000000101011100 .
b00000000000000000000000011000000 /
b00000000000000000000000000000000 1
b00000000000000000000000000000000 2
b00000000000000000000000000000000 3
b00000000000000000000000010100000 6
b00000000000000000000000010100000 8
b00001011110111110001000001100011 9
b0000101111 ;
b1100011 <
b001 =
b00000 ?
b11110 @
b11101 A
b00000000000000000000000010111100 C
b0000000000 D
b00 E
b00000000000000000000000010111100 H
b00000000000000000000000011000000 I
b00000000000000000000000000001010 N
1k
#94
0k
#95
b0000 #
b11 $
0(
1+
b10000000000000000000000011000000 .
b00000000000000000000000011000100 /
b10000000000000000000000000000000 3
b10000000000000000000000000000000 6
b10000000000000000000000000000000 8
b10000000000000000000000010110111 9
b0000110000 ;
b0110111 <
b000 =
b00001 ?
b00000 @
b00000 A
b00000000000000000000000011000000 C
b00000000000000000000000011000000 H
b00000000000000000000000011000100 I
1k
#96
0k
#97
b00 $
1%
b00000000000000000000000011000011 .
b00000000000000000000000011001000 /
10
b11111111111111111111111111111111 1
b01111111111111111111111111111111 2
b01111111111111111111111111111111 3
b10000000000000000000000000000000 4
b11111111111111111111111111111111 6
b11111111111111111111111111111111 8
b11111111111100001000000010010011 9
b0000110001 ;
b0010011 <
1>
b00001 @
b11111 A
b00000000000000000000000011000100 C
b1111111111 D
b11 E
b00000000000000000000000011000100 H
b00000000000000000000000011001000 I
b10000000000000000000000000000000 L
1k
#98
0k
#99
b1000 #
b00000000000000000000100011000111 .
b00000000000000000000000011001100 /
00
b00000000000000000000011111111111 1
b00000000000000000000000000000000 2
b00000000000000000000000000000000 3
b01111111111111111111111111111111 4
b00000000000000000000011111111111 6
b00000000000000000000011111111111 8
b01111111111100001010111100010011 9
b0000110010 ;
b010 =
b11110 ?
b00000000000000000000000011001000 C
b0000000000 D
b00 E
b00000000000000000000000011001000 H
b00000000000000000000000011001100 I
b01111111111111111111111111111111 L
1k
#100
0k
#101
b0000 #
b00000000000000000000000011001100 .
b00000000000000000000000011010000 /
b00000000000000000000000000000000 1
b00000000000000000000000000000000 4
b00000000000000000000000000000000 6
b00000000000000000000000000000000 8
b00000000000000000000111010010011 9
b0000110011 ;
b000 =
0>
b11101 ?
b00000 @
b00000 A
b00000000000000000000000011001100 C
b00000000000000000000000011001100 H
b00000000000000000000000011010000 I
1k
#102
0k
#103
b00000000000000000000000011011011 .
b00000000000000000000000011010100 /
10
b00000000000000000000000000001011 1
b00000000000000000000000000001011 2
b00000000000000000000000000001011 3
b00000000000000000000000000001011 6
b00000000000000000000000000001011 8
b00000000101100000000000110010011 9
b0000110100 ;
b00011 ?
b01011 A
b00000000000000000000000011010000 C
b0000000010 D
b11 E
b00000000000000000000000011010000 H
b00000000000000000000000011010100 I
1k
#104
0k
#105
b1011 #
0%
1(
0+
b00000000000000000000000101011100 .
b00000000000000000000000011011000 /
00
b00000000000000000000000000000000 1
b00000000000000000000000000000000 2
b00000000000000000000000000000000 3
b00000000000000000000000010001000 6
b00000000000000000000000010001000 8
b00001001110111110001010001100011 9
b0000110101 ;
b1100011 <
b001 =
b01000 ?
b11110 @
b11101 A
b00000000000000000000000011010100 C
b0000000000 D
b00 E
b00000000000000000000000011010100 H
b00000000000000000000000011011000 I
b00000000000000000000000000001011 N
1k
#106
0k
#107
b0000 #
b11 $
0(
1+
b10000000000000000000000011011000 .
b00000000000000000000000011011100 /
b10000000000000000000000000000000 3
b10000000000000000000000000000000 6
b10000000000000000000000000000000 8
b10000000000000000000000010110111 9
b0000110110 ;
b0110111 <
b000 =
b00001 ?
b00000 @
b00000 A
b00000000000000000000000011011000 C
b00000000000000000000000011011000 H
b00000000000000000000000011011100 I
1k
#108
0k
#109
b00 $
1%
b00000000000000000000000011011100 .
b00000000000000000000000011100000 /
b10000000000000000000000000000000 2
b10000000000000000000000000000000 4
b00000000000000000000000000000000 6
b00000000000000000000000000000000 8
b00000000000000001000000010010011 9
b0000110111 ;
b0010011 <
b00001 @
b00000000000000000000000011011100 C
b00000000000000000000000011011100 H
b00000000000000000000000011100000 I
b10000000000000000000000000000000 L
1k
#110
0k
#111
b1000 #
b00000000000000000000100011011111 .
b00000000000000000000000011100100 /
10
b00000000000000000000011111111111 1
b00000000000000000000000000000001 2
b00000000000000000000000000000001 3
b00000000000000000000011111111111 6
b00000000000000000000011111111111 8
b01111111111100001010111100010011 9
b0000111000 ;
b010 =
1>
b11110 ?
b11111 A
b00000000000000000000000011100000 C
b01 E
b00000000000000000000000011100000 H
b00000000000000000000000011100100 I
1k
#112
0k
#113
b0000 #
b00000000000000000000000011100101 .
b00000000000000000000000011101000 /
b00000000000000000000000000000001 1
b00000000000000000000000000000000 4
b10000000000000000000000000000000 5
b00000000000000000000000000000001 6
b00000000000000000000000000000001 8
b00000000000100000000111010010011 9
b0000111001 ;
b000 =
0>
b11101 ?
b00000 @
b00001 A
b00000000000000000000000011100100 C
b00000000000000000000000011100100 H
b00000000000000000000000011101000 I
b00000000000000000000000000000001 i
1k
#114
0k
#115
b00000000000000000000000011110100 .
b00000000000000000000000011101100 /
00
b00000000000000000000000000001100 1
b00000000000000000000000000001100 2
b00000000000000000000000000001100 3
b00000000000000000000000000000000 5
b00000000000000000000000000001100 6
b00000000000000000000000000001100 8
b00000000110000000000000110010011 9
b0000111010 ;
b00011 ?
b01100 A
b00000000000000000000000011101000 C
b0000000011 D
b00 E
b00000000000000000000000011101000 H
b00000000000000000000000011101100 I
b00000000000000000000000000000001 h
1k
#116
0k
#117
b1011 #
0%
1(
0+
b00000000000000000000000101011100 .
b00000000000000000000000011110000 /
b00000000000000000000000000000001 1
b00000000000000000000000000000000 2
b00000000000000000000000000000000 3
b00000000000000000000000000000001 4
b00000000000000000000000000000001 5
b00000000000000000000000001110000 6
b00000000000000000000000001110000 8
b00000111110111110001100001100011 9
b0000111011 ;
b1100011 <
b001 =
b10000 ?
b11110 @
b11101 A
b00000000000000000000000011101100 C
b0000000000 D
b00000000000000000000000011101100 H
b00000000000000000000000011110000 I
b00000000000000000000000000001100 N
1k
#118
0k
#119
b0000 #
b11 $
0(
1+
b10000000000000000000000011110000 .
b00000000000000000000000011110100 /
b00000000000000000000000000000000 1
b10000000000000000000000000000000 3
b00000000000000000000000000000000 4
b00000000000000000000000000000000 5
b10000000000000000000000000000000 6
b10000000000000000000000000000000 8
b10000000000000000000000010110111 9
b0000111100 ;
b0110111 <
b000 =
b00001 ?
b00000 @
b00000 A
b00000000000000000000000011110000 C
b00000000000000000000000011110000 H
b00000000000000000000000011110100 I
1k
#120
0k
#121
b00 $
1%
b00000000000000000000000011110011 .
b00000000000000000000000011111000 /
10
b11111111111111111111111111111111 1
b01111111111111111111111111111111 2
b01111111111111111111111111111111 3
b10000000000000000000000000000000 4
b11111111111111111111111111111111 6
b11111111111111111111111111111111 8
b11111111111100001000000010010011 9
b0000111101 ;
b0010011 <
1>
b00001 @
b11111 A
b00000000000000000000000011110100 C
b1111111111 D
b11 E
b00000000000000000000000011110100 H
b00000000000000000000000011111000 I
1k
#122
0k
#123
b1000 #
b11111111111111111111100011111000 .
b00000000000000000000000011111100 /
00
b11111111111111111111100000000000 1
b00000000000000000000000000000000 2
b00000000000000000000000000000000 3
b01111111111111111111111111111111 4
b11111111111111111111100000000000 6
b11111111111111111111100000000000 8
b10000000000000001010111100010011 9
b0000111110 ;
b010 =
0>
b11110 ?
b00000 A
b00000000000000000000000011111000 C
b0000000000 D
b00 E
b00000000000000000000000011111000 H
b00000000000000000000000011111100 I
b01111111111111111111111111111111 L
1k
#124
0k
#125
b0000 #
b00000000000000000000000011111100 .
b00000000000000000000000100000000 /
b00000000000000000000000000000000 1
b00000000000000000000000000000000 4
b00000000000000000000000000000000 6
b00000000000000000000000000000000 8
b00000000000000000000111010010011 9
b0000111111 ;
b000 =
b11101 ?
b00000 @
b00000000000000000000000011111100 C
b00000000000000000000000011111100 H
b00000000000000000000000100000000 I
b00000000000000000000000000000000 i
1k
#126
0k
#127
b00000000000000000000000100001101 .
b00000000000000000000000100000100 /
10
b00000000000000000000000000001101 1
b00000000000000000000000000001101 2
b00000000000000000000000000001101 3
b00000000000000000000000000001101 6
b00000000000000000000000000001101 8
b00000000110100000000000110010011 9
b0001000000 ;
b00011 ?
b01101 A
b00000000000000000000000100000000 C
b0000000011 D
b01 E
b00000000000000000000000100000000 H
b00000000000000000000000100000100 I
b00000000000000000000000000000000 h
1k
#128
0k
#129
b1011 #
0%
1(
0+
b00000000000000000000000101011100 .
b00000000000000000000000100001000 /
00
b00000000000000000000000000000000 1
b00000000000000000000000000000000 2
b00000000000000000000000000000000 3
b00000000000000000000000001011000 6
b00000000000000000000000001011000 8
b00000101110111110001110001100011 9
b0001000001 ;
b1100011 <
b001 =
b11000 ?
b11110 @
b11101 A
b00000000000000000000000100000100 C
b0000000000 D
b00 E
b00000000000000000000000100000100 H
b00000000000000000000000100001000 I
b00000000000000000000000000001101 N
1k
#130
0k
#131
b0000 #
1%
0(
1+
b00000000000000000000000100001000 .
b00000000000000000000000100001100 /
b00000000000000000000000000000000 6
b00000000000000000000000000000000 8
b00000000000000000000000010010011 9
b0001000010 ;
b0010011 <
b000 =
b00001 ?
b00000 @
b00000 A
b00000000000000000000000100001000 C
b00000000000000000000000100001000 H
b00000000000000000000000100001100 I
1k
#132
0k
#133
b1000 #
b00000000000000000000000100001011 .
b00000000000000000000000100010000 /
b11111111111111111111111111111111 1
b11111111111111111111111111111111 6
b11111111111111111111111111111111 8
b11111111111100001010111100010011 9
b0001000011 ;
b010 =
1>
b11110 ?
b00001 @
b11111 A
b00000000000000000000000100001100 C
b00000000000000000000000100001100 H
b00000000000000000000000100010000 I
b00000000000000000000000000000000 L
1k
#134
0k
#135
b0000 #
b00000000000000000000000100010000 .
b00000000000000000000000100010100 /
b00000000000000000000000000000000 1
b00000000000000000000000000000000 6
b00000000000000000000000000000000 8
b00000000000000000000111010010011 9
b0001000100 ;
b000 =
0>
b11101 ?
b00000 @
b00000 A
b00000000000000000000000100010000 C
b00000000000000000000000100010000 H
b00000000000000000000000100010100 I
1k
#136
0k
#137
b00000000000000000000000100100010 .
b00000000000000000000000100011000 /
b00000000000000000000000000001110 1
b00000000000000000000000000001110 2
b00000000000000000000000000001110 3
b00000000000000000000000000001110 6
b00000000000000000000000000001110 8
b00000000111000000000000110010011 9
b0001000101 ;
b00011 ?
b01110 A
b00000000000000000000000100010100 C
b0000000011 D
b10 E
b00000000000000000000000100010100 H
b00000000000000000000000100011000 I
1k
#138
0k
#139
b1011 #
0%
1(
0+
b00000000000000000000000101011100 .
b00000000000000000000000100011100 /
b00000000000000000000000000000000 1
b00000000000000000000000000000000 2
b00000000000000000000000000000000 3
b00000000000000000000000001000100 6
b00000000000000000000000001000100 8
b00000101110111110001001001100011 9
b0001000110 ;
b1100011 <
b001 =
b00100 ?
b11110 @
b11101 A
b00000000000000000000000100011000 C
b0000000000 D
b00 E
b00000000000000000000000100011000 H
b00000000000000000000000100011100 I
b00000000000000000000000000001110 N
1k
#140
0k
#141
b0000 #
1%
0(
1+
b00000000000000000000000100011011 .
b00000000000000000000000100100000 /
10
b11111111111111111111111111111111 1
b11111111111111111111111111111111 2
b11111111111111111111111111111111 3
b11111111111111111111111111111111 6
b11111111111111111111111111111111 8
b11111111111100000000000010010011 9
b0001000111 ;
b0010011 <
b000 =
1>
b00001 ?
b00000 @
b11111 A
b00000000000000000000000100011100 C
b1111111111 D
b11 E
b00000000000000000000000100011100 H
b00000000000000000000000100100000 I
1k
#142
0k
#143
b1000 #
b00000000000000000000000100100001 .
b00000000000000000000000100100100 /
b00000000000000000000000000000001 1
b00000000000000000000000000000001 2
b00000000000000000000000000000001 3
b11111111111111111111111111111111 4
b11111111111111111111111111111111 5
b00000000000000000000000000000001 6
b00000000000000000000000000000001 8
b00000000000100001010111100010011 9
b0001001000 ;
b010 =
0>
b11110 ?
b00001 @
b00001 A
b00000000000000000000000100100000 C
b0000000000 D
b01 E
b00000000000000000000000100100000 H
b00000000000000000000000100100100 I
b11111111111111111111111111111111 L
1k
#144
0k
#145
b0000 #
b00000000000000000000000100100101 .
b00000000000000000000000100101000 /
b00000000000000000000000000000000 4
b00000000000100000000111010010011 9
b0001001001 ;
b000 =
b11101 ?
b00000 @
b00000000000000000000000100100100 C
b00000000000000000000000100100100 H
b00000000000000000000000100101000 I
b00000000000000000000000000000001 i
1k
#146
0k
#147
b00000000000000000000000100110111 .
b00000000000000000000000100101100 /
b00000000000000000000000000001111 1
b00000000000000000000000000001111 2
b00000000000000000000000000001111 3
b00000000000000000000000000000000 5
b00000000000000000000000000001111 6
b00000000000000000000000000001111 8
b00000000111100000000000110010011 9
b0001001010 ;
b00011 ?
b01111 A
b00000000000000000000000100101000 C
b0000000011 D
b11 E
b00000000000000000000000100101000 H
b00000000000000000000000100101100 I
b00000000000000000000000000000001 h
1k
#148
0k
#149
b1011 #
0%
1(
0+
b00000000000000000000000101011100 .
b00000000000000000000000100110000 /
00
b00000000000000000000000000000001 1
b00000000000000000000000000000000 2
b00000000000000000000000000000000 3
b00000000000000000000000000000001 4
b00000000000000000000000000000001 5
b00000000000000000000000000110000 6
b00000000000000000000000000110000 8
b00000011110111110001100001100011 9
b0001001011 ;
b1100011 <
b001 =
b10000 ?
b11110 @
b11101 A
b00000000000000000000000100101100 C
b0000000000 D
b00 E
b00000000000000000000000100101100 H
b00000000000000000000000100110000 I
b00000000000000000000000000001111 N
1k
#150
0k
#151
b0000 #
1%
0(
1+
b00000000000000000000000100101111 .
b00000000000000000000000100110100 /
10
b11111111111111111111111111111111 1
b11111111111111111111111111111111 2
b11111111111111111111111111111111 3
b00000000000000000000000000000000 4
b00000000000000000000000000000000 5
b11111111111111111111111111111111 6
b11111111111111111111111111111111 8
b11111111111100000000000010010011 9
b0001001100 ;
b0010011 <
b000 =
1>
b00001 ?
b00000 @
b11111 A
b00000000000000000000000100110000 C
b1111111111 D
b11 E
b00000000000000000000000100110000 H
b00000000000000000000000100110100 I
1k
#152
0k
#153
b1000 #
b00000000000000000000000100110011 .
b00000000000000000000000100111000 /
00
b00000000000000000000000000000000 2
b00000000000000000000000000000000 3
b11111111111111111111111111111111 4
b11111111111100001010111100010011 9
b0001001101 ;
b010 =
b11110 ?
b00001 @
b00000000000000000000000100110100 C
b0000000000 D
b00 E
b00000000000000000000000100110100 H
b00000000000000000000000100111000 I
1k
#154
0k
#155
b0000 #
b00000000000000000000000100111000 .
b00000000000000000000000100111100 /
b00000000000000000000000000000000 1
b00000000000000000000000000000000 4
b00000000000000000000000000000000 6
b00000000000000000000000000000000 8
b00000000000000000000111010010011 9
b0001001110 ;
b000 =
0>
b11101 ?
b00000 @
b00000 A
b00000000000000000000000100111000 C
b00000000000000000000000100111000 H
b00000000000000000000000100111100 I
b00000000000000000000000000000000 i
1k
#156
0k
#157
b00000000000000000000000101001100 .
b00000000000000000000000101000000 /
b00000000000000000000000000010000 1
b00000000000000000000000000010000 2
b00000000000000000000000000010000 3
b00000000000000000000000000010000 6
b00000000000000000000000000010000 8
b00000001000000000000000110010011 9
b0001001111 ;
b00011 ?
b10000 A
b00000000000000000000000100111100 C
b0000000100 D
b00000000000000000000000100111100 H
b00000000000000000000000101000000 I
b00000000000000000000000000000000 h
1k
#158
0k
#159
b1011 #
0%
1(
0+
b00000000000000000000000101011100 .
b00000000000000000000000101000100 /
b00000000000000000000000000000000 1
b00000000000000000000000000000000 2
b00000000000000000000000000000000 3
b00000000000000000000000000011100 6
b00000000000000000000000000011100 8
b00000001110111110001111001100011 9
b0001010000 ;
b1100011 <
b001 =
b11100 ?
b11110 @
b11101 A
b00000000000000000000000101000000 C
b0000000000 D
b00000000000000000000000101000000 H
b00000000000000000000000101000100 I
b00000000000000000000000000010000 N
1k
#160
0k
#161
b0000 #
1%
0(
1+
b00000000000000000000000101001111 .
b00000000000000000000000101001000 /
10
b00000000000000000000000000001011 1
b00000000000000000000000000001011 2
b00000000000000000000000000001011 3
b00000000000000000000000000001011 6
b00000000000000000000000000001011 8
b00000000101100000000000010010011 9
b0001010001 ;
b0010011 <
b000 =
b00001 ?
b00000 @
b01011 A
b00000000000000000000000101000100 C
b0000000010 D
b11 E
b00000000000000000000000101000100 H
b00000000000000000000000101001000 I
1k
#162
0k
#163
b1000 #
b00000000000000000000000101010101 .
b00000000000000000000000101001100 /
b00000000000000000000000000001101 1
b00000000000000000000000000000001 2
b00000000000000000000000000000001 3
b00000000000000000000000000001011 4
b00000000000000000000000000001101 6
b00000000000000000000000000001101 8
b00000000110100001010000010010011 9
b0001010010 ;
b010 =
b00001 @
b01101 A
b00000000000000000000000101001000 C
b0000000000 D
b01 E
b00000000000000000000000101001000 H
b00000000000000000000000101001100 I
b00000000000000000000000000001011 L
1k
#164
0k
#165
b0000 #
b00000000000000000000000101001101 .
b00000000000000000000000101010000 /
b00000000000000000000000000000001 1
b00000000000000000000000000000000 4
b00000000000000000000000000000001 5
b00000000000000000000000000000001 6
b00000000000000000000000000000001 8
b00000000000100000000111010010011 9
b0001010011 ;
b000 =
b11101 ?
b00000 @
b00001 A
b00000000000000000000000101001100 C
b00000000000000000000000101001100 H
b00000000000000000000000101010000 I
b00000000000000000000000000000001 L
1k
#166
0k
#167
b00000000000000000000000101100001 .
b00000000000000000000000101010100 /
b00000000000000000000000000010001 1
b00000000000000000000000000010001 2
b00000000000000000000000000010001 3
b00000000000000000000000000000000 5
b00000000000000000000000000010001 6
b00000000000000000000000000010001 8
b00000001000100000000000110010011 9
b0001010100 ;
b00011 ?
b10001 A
b00000000000000000000000101010000 C
b0000000100 D
b00000000000000000000000101010000 H
b00000000000000000000000101010100 I
b00000000000000000000000000000001 h
1k
#168
0k
#169
b1011 #
0%
1(
0+
b00000000000000000000000101011100 .
b00000000000000000000000101011000 /
00
b00000000000000000000000000000001 1
b00000000000000000000000000000000 2
b00000000000000000000000000000000 3
b00000000000000000000000000000001 4
b00000000000000000000000000000001 5
b00000000000000000000000000001000 6
b00000000000000000000000000001000 8
b00000001110100001001010001100011 9
b0001010101 ;
b1100011 <
b001 =
b01000 ?
b00001 @
b11101 A
b00000000000000000000000101010100 C
b0000000000 D
b00 E
b00000000000000000000000101010100 H
b00000000000000000000000101011000 I
b00000000000000000000000000010001 N
1k
#170
0k
#171
1-
b00000000000000000000000101101000 .
b00000000000000000000000101101000 /
10
b00000000000000000000000000010001 1
b00000000000000000000000000000001 2
b00000000000000000000000000000001 3
b00000000000000000000000000000000 4
b00000000000000000000000000010001 5
b00000000000000000000000000010000 6
b00000000000000000000000000010000 8
b00000000001100000001100001100011 9
b0001010110 ;
b10000 ?
b00000 @
b00011 A
b00000000000000000000000101011000 C
b01 E
b00000000000000000000000101011000 H
b00000000000000000000000101011100 I
1k
#172
0k
#173
b0000 #
1%
0(
1+
0-
b00000000000000000000000110010010 .
b00000000000000000000000101101100 /
00
b00000000000000000000000000101010 1
b00000000000000000000000000101010 2
b00000000000000000000000000101010 3
b00000000000000000000000000000000 5
b00000000000000000000000000101010 6
b00000000000000000000000000101010 8
b00000010101000000000010100010011 9
b0001011010 ;
b0010011 <
b000 =
b01010 ?
b01010 A
b00000000000000000000000101101000 C
b0000001010 D
b10 E
b00000000000000000000000101101000 H
b00000000000000000000000101101100 I
1k
#174
0k
#175
b00000000000000000000000111001001 .
b00000000000000000000000101110000 /
10
b00000000000000000000000001011101 1
b00000000000000000000000001011101 2
b00000000000000000000000001011101 3
b00000000000000000000000000000001 5
b00000000000000000000000001011101 6
b00000000000000000000000001011101 8
b00000101110100000000100010010011 9
b0001011011 ;
b10001 ?
b11101 A
b00000000000000000000000101101100 C
b0000010111 D
b01 E
b00000000000000000000000101101100 H
b00000000000000000000000101110000 I
b00000000000000000000000000101010 U
1k
#176
0k
#177
0%
1*
0+
b00000000000000000000000101110000 .
b00000000000000000000000101110100 /
00
b00000000000000000000000000000000 1
b00000000000000000000000000000000 2
b00000000000000000000000000000000 3
b00000000000000000000000000000000 5
b00000000000000000000000000000000 6
b00000000000000000000000000000000 8
b00000000000000000000000001110011 9
b0001011100 ;
b1110011 <
b00000 ?
b00000 A
b00000000000000000000000101110000 C
b0000000000 D
b00 E
b00000000000000000000000101110000 H
b00000000000000000000000101110100 I
b00000000000000000000000001011101 \
1k
1p
#178
0k
