[inst #1] lui x1,-524288
Register Write to Reg: 0x01 Val: 0xFFFFFFFF80000000
[inst #2] addi x1,x1,0
Register Write to Reg: 0x01 Val: 0xFFFFFFFF80000000
[inst #3] addi x2,x0,0
Register Write to Reg: 0x02 Val: 0x00000000
[inst #4] srl x30,x1,x2
Register Write to Reg: 0x1E Val: 0xFFFFFFFF80000000
[inst #5] lui x29,-524288
Register Write to Reg: 0x1D Val: 0xFFFFFFFF80000000
[inst #6] addi x29,x29,0
Register Write to Reg: 0x1D Val: 0xFFFFFFFF80000000
[inst #7] addi x3,x0,2
Register Write to Reg: 0x03 Val: 0x00000002
[inst #8] bne x30,x29,660
[inst #9] lui x1,-524288
Register Write to Reg: 0x01 Val: 0xFFFFFFFF80000000
[inst #10] addi x1,x1,0
Register Write to Reg: 0x01 Val: 0xFFFFFFFF80000000
[inst #11] addi x2,x0,1
Register Write to Reg: 0x02 Val: 0x00000001
[inst #12] srl x30,x1,x2
Register Write to Reg: 0x1E Val: 0x40000000
[inst #13] lui x29,262144
Register Write to Reg: 0x1D Val: 0x40000000
[inst #14] addi x29,x29,0
Register Write to Reg: 0x1D Val: 0x40000000
[inst #15] addi x3,x0,3
Register Write to Reg: 0x03 Val: 0x00000003
[inst #16] bne x30,x29,628
[inst #17] lui x1,-524288
Register Write to Reg: 0x01 Val: 0xFFFFFFFF80000000
[inst #18] addi x1,x1,0
Register Write to Reg: 0x01 Val: 0xFFFFFFFF80000000
[inst #19] addi x2,x0,7
Register Write to Reg: 0x02 Val: 0x00000007
[inst #20] srl x30,x1,x2
Register Write to Reg: 0x1E Val: 0x01000000
[inst #21] lui x29,4096
Register Write to Reg: 0x1D Val: 0x01000000
[inst #22] addi x29,x29,0
Register Write to Reg: 0x1D Val: 0x01000000
[inst #23] addi x3,x0,4
Register Write to Reg: 0x03 Val: 0x00000004
[inst #24] bne x30,x29,596
[inst #25] lui x1,-524288
Register Write to Reg: 0x01 Val: 0xFFFFFFFF80000000
[inst #26] addi x1,x1,0
Register Write to Reg: 0x01 Val: 0xFFFFFFFF80000000
[inst #27] addi x2,x0,14
Register Write to Reg: 0x02 Val: 0x0000000E
[inst #28] srl x30,x1,x2
Register Write to Reg: 0x1E Val: 0x00020000
[inst #29] lui x29,32
Register Write to Reg: 0x1D Val: 0x00020000
[inst #30] addi x29,x29,0
Register Write to Reg: 0x1D Val: 0x00020000
[inst #31] addi x3,x0,5
Register Write to Reg: 0x03 Val: 0x00000005
[inst #32] bne x30,x29,564
[inst #33] lui x1,-524288
Register Write to Reg: 0x01 Val: 0xFFFFFFFF80000000
[inst #34] addi x1,x1,1
Register Write to Reg: 0x01 Val: 0xFFFFFFFF80000001
[inst #35] addi x2,x0,31
Register Write to Reg: 0x02 Val: 0x0000001F
[inst #36] srl x30,x1,x2
Register Write to Reg: 0x1E Val: 0x00000001
[inst #37] addi x29,x0,1
Register Write to Reg: 0x1D Val: 0x00000001
[inst #38] addi x3,x0,6
Register Write to Reg: 0x03 Val: 0x00000006
[inst #39] bne x30,x29,536
[inst #40] addi x1,x0,-1
Register Write to Reg: 0x01 Val: 0xFFFFFFFFFFFFFFFF
[inst #41] addi x2,x0,0
Register Write to Reg: 0x02 Val: 0x00000000
[inst #42] srl x30,x1,x2
Register Write to Reg: 0x1E Val: 0xFFFFFFFFFFFFFFFF
[inst #43] addi x29,x0,-1
Register Write to Reg: 0x1D Val: 0xFFFFFFFFFFFFFFFF
[inst #44] addi x3,x0,7
Register Write to Reg: 0x03 Val: 0x00000007
[inst #45] bne x30,x29,512
[inst #46] addi x1,x0,-1
Register Write to Reg: 0x01 Val: 0xFFFFFFFFFFFFFFFF
[inst #47] addi x2,x0,1
Register Write to Reg: 0x02 Val: 0x00000001
[inst #48] srl x30,x1,x2
Register Write to Reg: 0x1E Val: 0x7FFFFFFF
[inst #49] lui x29,524288
Register Write to Reg: 0x1D Val: 0xFFFFFFFF80000000
[inst #50] addi x29,x29,-1
Register Write to Reg: 0x1D Val: 0x7FFFFFFF
[inst #51] addi x3,x0,8
Register Write to Reg: 0x03 Val: 0x00000008
[inst #52] bne x30,x29,484
[inst #53] addi x1,x0,-1
Register Write to Reg: 0x01 Val: 0xFFFFFFFFFFFFFFFF
[inst #54] addi x2,x0,7
Register Write to Reg: 0x02 Val: 0x00000007
[inst #55] srl x30,x1,x2
Register Write to Reg: 0x1E Val: 0x01FFFFFF
[inst #56] lui x29,8192
Register Write to Reg: 0x1D Val: 0x02000000
[inst #57] addi x29,x29,-1
Register Write to Reg: 0x1D Val: 0x01FFFFFF
[inst #58] addi x3,x0,9
Register Write to Reg: 0x03 Val: 0x00000009
[inst #59] bne x30,x29,456
[inst #60] addi x1,x0,-1
Register Write to Reg: 0x01 Val: 0xFFFFFFFFFFFFFFFF
[inst #61] addi x2,x0,14
Register Write to Reg: 0x02 Val: 0x0000000E
[inst #62] srl x30,x1,x2
Register Write to Reg: 0x1E Val: 0x0003FFFF
[inst #63] lui x29,64
Register Write to Reg: 0x1D Val: 0x00040000
[inst #64] addi x29,x29,-1
Register Write to Reg: 0x1D Val: 0x0003FFFF
[inst #65] addi x3,x0,10
Register Write to Reg: 0x03 Val: 0x0000000A
[inst #66] bne x30,x29,428
[inst #67] addi x1,x0,-1
Register Write to Reg: 0x01 Val: 0xFFFFFFFFFFFFFFFF
[inst #68] addi x2,x0,31
Register Write to Reg: 0x02 Val: 0x0000001F
[inst #69] srl x30,x1,x2
Register Write to Reg: 0x1E Val: 0x00000001
[inst #70] addi x29,x0,1
Register Write to Reg: 0x1D Val: 0x00000001
[inst #71] addi x3,x0,11
Register Write to Reg: 0x03 Val: 0x0000000B
[inst #72] bne x30,x29,404
[inst #73] lui x1,135698
Register Write to Reg: 0x01 Val: 0x21212000
[inst #74] addi x1,x1,289
Register Write to Reg: 0x01 Val: 0x21212121
[inst #75] addi x2,x0,0
Register Write to Reg: 0x02 Val: 0x00000000
[inst #76] srl x30,x1,x2
Register Write to Reg: 0x1E Val: 0x21212121
[inst #77] lui x29,135698
Register Write to Reg: 0x1D Val: 0x21212000
[inst #78] addi x29,x29,289
Register Write to Reg: 0x1D Val: 0x21212121
[inst #79] addi x3,x0,12
Register Write to Reg: 0x03 Val: 0x0000000C
[inst #80] bne x30,x29,372
[inst #81] lui x1,135698
Register Write to Reg: 0x01 Val: 0x21212000
[inst #82] addi x1,x1,289
Register Write to Reg: 0x01 Val: 0x21212121
[inst #83] addi x2,x0,1
Register Write to Reg: 0x02 Val: 0x00000001
[inst #84] srl x30,x1,x2
Register Write to Reg: 0x1E Val: 0x10909090
[inst #85] lui x29,67849
Register Write to Reg: 0x1D Val: 0x10909000
[inst #86] addi x29,x29,144
Register Write to Reg: 0x1D Val: 0x10909090
[inst #87] addi x3,x0,13
Register Write to Reg: 0x03 Val: 0x0000000D
[inst #88] bne x30,x29,340
[inst #89] lui x1,135698
Register Write to Reg: 0x01 Val: 0x21212000
[inst #90] addi x1,x1,289
Register Write to Reg: 0x01 Val: 0x21212121
[inst #91] addi x2,x0,7
Register Write to Reg: 0x02 Val: 0x00000007
[inst #92] srl x30,x1,x2
Register Write to Reg: 0x1E Val: 0x00424242
[inst #93] lui x29,1060
Register Write to Reg: 0x1D Val: 0x00424000
[inst #94] addi x29,x29,578
Register Write to Reg: 0x1D Val: 0x00424242
[inst #95] addi x3,x0,14
Register Write to Reg: 0x03 Val: 0x0000000E
[inst #96] bne x30,x29,308
[inst #97] lui x1,135698
Register Write to Reg: 0x01 Val: 0x21212000
[inst #98] addi x1,x1,289
Register Write to Reg: 0x01 Val: 0x21212121
[inst #99] addi x2,x0,14
Register Write to Reg: 0x02 Val: 0x0000000E
[inst #100] srl x30,x1,x2
Register Write to Reg: 0x1E Val: 0x00008484
[inst #101] lui x29,8
Register Write to Reg: 0x1D Val: 0x00008000
[inst #102] addi x29,x29,1156
Register Write to Reg: 0x1D Val: 0x00008484
[inst #103] addi x3,x0,15
Register Write to Reg: 0x03 Val: 0x0000000F
[inst #104] bne x30,x29,276
[inst #105] lui x1,135698
Register Write to Reg: 0x01 Val: 0x21212000
[inst #106] addi x1,x1,289
Register Write to Reg: 0x01 Val: 0x21212121
[inst #107] addi x2,x0,31
Register Write to Reg: 0x02 Val: 0x0000001F
[inst #108] srl x30,x1,x2
Register Write to Reg: 0x1E Val: 0x00000000
[inst #109] addi x29,x0,0
Register Write to Reg: 0x1D Val: 0x00000000
[inst #110] addi x3,x0,16
Register Write to Reg: 0x03 Val: 0x00000010
[inst #111] bne x30,x29,248
[inst #112] lui x1,135698
Register Write to Reg: 0x01 Val: 0x21212000
[inst #113] addi x1,x1,289
Register Write to Reg: 0x01 Val: 0x21212121
[inst #114] addi x2,x0,-64
Register Write to Reg: 0x02 Val: 0xFFFFFFFFFFFFFFC0
[inst #115] srl x30,x1,x2
Register Write to Reg: 0x1E Val: 0x21212121
[inst #116] lui x29,135698
Register Write to Reg: 0x1D Val: 0x21212000
[inst #117] addi x29,x29,289
Register Write to Reg: 0x1D Val: 0x21212121
[inst #118] addi x3,x0,17
Register Write to Reg: 0x03 Val: 0x00000011
[inst #119] bne x30,x29,216
[inst #120] lui x1,135698
Register Write to Reg: 0x01 Val: 0x21212000
[inst #121] addi x1,x1,289
Register Write to Reg: 0x01 Val: 0x21212121
[inst #122] addi x2,x0,-63
Register Write to Reg: 0x02 Val: 0xFFFFFFFFFFFFFFC1
[inst #123] srl x30,x1,x2
Register Write to Reg: 0x1E Val: 0x10909090
[inst #124] lui x29,67849
Register Write to Reg: 0x1D Val: 0x10909000
[inst #125] addi x29,x29,144
Register Write to Reg: 0x1D Val: 0x10909090
[inst #126] addi x3,x0,18
Register Write to Reg: 0x03 Val: 0x00000012
[inst #127] bne x30,x29,184
[inst #128] lui x1,135698
Register Write to Reg: 0x01 Val: 0x21212000
[inst #129] addi x1,x1,289
Register Write to Reg: 0x01 Val: 0x21212121
[inst #130] addi x2,x0,-57
Register Write to Reg: 0x02 Val: 0xFFFFFFFFFFFFFFC7
[inst #131] srl x30,x1,x2
Register Write to Reg: 0x1E Val: 0x00424242
[inst #132] lui x29,1060
Register Write to Reg: 0x1D Val: 0x00424000
[inst #133] addi x29,x29,578
Register Write to Reg: 0x1D Val: 0x00424242
[inst #134] addi x3,x0,19
Register Write to Reg: 0x03 Val: 0x00000013
[inst #135] bne x30,x29,152
[inst #136] lui x1,135698
Register Write to Reg: 0x01 Val: 0x21212000
[inst #137] addi x1,x1,289
Register Write to Reg: 0x01 Val: 0x21212121
[inst #138] addi x2,x0,-50
Register Write to Reg: 0x02 Val: 0xFFFFFFFFFFFFFFCE
[inst #139] srl x30,x1,x2
Register Write to Reg: 0x1E Val: 0x00008484
[inst #140] lui x29,8
Register Write to Reg: 0x1D Val: 0x00008000
[inst #141] addi x29,x29,1156
Register Write to Reg: 0x1D Val: 0x00008484
[inst #142] addi x3,x0,20
Register Write to Reg: 0x03 Val: 0x00000014
[inst #143] bne x30,x29,120
[inst #144] lui x1,135698
Register Write to Reg: 0x01 Val: 0x21212000
[inst #145] addi x1,x1,289
Register Write to Reg: 0x01 Val: 0x21212121
[inst #146] addi x2,x0,-1
Register Write to Reg: 0x02 Val: 0xFFFFFFFFFFFFFFFF
[inst #147] srl x30,x1,x2
Register Write to Reg: 0x1E Val: 0x00000000
[inst #148] addi x29,x0,0
Register Write to Reg: 0x1D Val: 0x00000000
[inst #149] addi x3,x0,21
Register Write to Reg: 0x03 Val: 0x00000015
[inst #150] bne x30,x29,92
[inst #151] lui x1,-524288
Register Write to Reg: 0x01 Val: 0xFFFFFFFF80000000
[inst #152] addi x1,x1,0
Register Write to Reg: 0x01 Val: 0xFFFFFFFF80000000
[inst #153] addi x2,x0,7
Register Write to Reg: 0x02 Val: 0x00000007
[inst #154] srl x1,x1,x2
Register Write to Reg: 0x01 Val: 0x01000000
[inst #155] lui x29,4096
Register Write to Reg: 0x1D Val: 0x01000000
[inst #156] addi x29,x29,0
Register Write to Reg: 0x1D Val: 0x01000000
[inst #157] addi x3,x0,22
Register Write to Reg: 0x03 Val: 0x00000016
[inst #158] bne x1,x29,60
[inst #159] lui x1,-524288
Register Write to Reg: 0x01 Val: 0xFFFFFFFF80000000
[inst #160] addi x1,x1,0
Register Write to Reg: 0x01 Val: 0xFFFFFFFF80000000
[inst #161] addi x2,x0,14
Register Write to Reg: 0x02 Val: 0x0000000E
[inst #162] srl x2,x1,x2
Register Write to Reg: 0x02 Val: 0x00020000
[inst #163] lui x29,32
Register Write to Reg: 0x1D Val: 0x00020000
[inst #164] addi x29,x29,0
Register Write to Reg: 0x1D Val: 0x00020000
[inst #165] addi x3,x0,23
Register Write to Reg: 0x03 Val: 0x00000017
[inst #166] bne x2,x29,28
[inst #167] addi x1,x0,7
Register Write to Reg: 0x01 Val: 0x00000007
[inst #168] srl x1,x1,x1
Register Write to Reg: 0x01 Val: 0x00000000
[inst #169] addi x29,x0,0
Register Write to Reg: 0x1D Val: 0x00000000
[inst #170] addi x3,x0,24
Register Write to Reg: 0x03 Val: 0x00000018
[inst #171] bne x1,x29,8
[inst #172] bne x0,x3,16
[inst #173] addi x10,x0,42
Register Write to Reg: 0x0A Val: 0x0000002A
[inst #174] addi x17,x0,93
Register Write to Reg: 0x11 Val: 0x0000005D
[inst #175] ecall 

Program terminated by calling exit
