[inst #1] addi x3,x0,2
Register Write to Reg: 0x03 Val: 0x00000002
[inst #2] auipc x10,64528
Register Write to Reg: 0x0A Val: 0x10010004
[inst #3] addi x10,x10,-4
Register Write to Reg: 0x0A Val: 0x10010000
[inst #4] flw f0,0(x10)
[inst #5] flw f1,4(x10)
[inst #6] flw f2,8(x10)
[inst #7] lw x13,12(x10)
Register Write to Reg: 0x0D Val: 0x40600000
[inst #8] fadd.s f3,f0,f1,dyn
[inst #9] fmv.x.s x10,f3
Register Write to Reg: 0x0A Val: 0x40600000
[inst #10] csrrw x11,1,x0
Register Write to Reg: 0x0B Val: 0x00000000
[inst #11] addi x12,x0,0
Register Write to Reg: 0x0C Val: 0x00000000
[inst #12] bne x10,x13,480
[inst #13] bne x11,x12,476
[inst #14] addi x3,x0,3
Register Write to Reg: 0x03 Val: 0x00000003
[inst #15] auipc x10,64528
Register Write to Reg: 0x0A Val: 0x10010038
[inst #16] addi x10,x10,-40
Register Write to Reg: 0x0A Val: 0x10010010
[inst #17] flw f0,0(x10)
[inst #18] flw f1,4(x10)
[inst #19] flw f2,8(x10)
[inst #20] lw x13,12(x10)
Register Write to Reg: 0x0D Val: 0xFFFFFFFFC49A4000
[inst #21] fadd.s f3,f0,f1,dyn
[inst #22] fmv.x.s x10,f3
Register Write to Reg: 0x0A Val: 0xFFFFFFFFC49A4000
[inst #23] csrrw x11,1,x0
Register Write to Reg: 0x0B Val: 0x00000001
[inst #24] addi x12,x0,1
Register Write to Reg: 0x0C Val: 0x00000001
[inst #25] bne x10,x13,428
[inst #26] bne x11,x12,424
[inst #27] addi x3,x0,4
Register Write to Reg: 0x03 Val: 0x00000004
[inst #28] auipc x10,64528
Register Write to Reg: 0x0A Val: 0x1001006C
[inst #29] addi x10,x10,-76
Register Write to Reg: 0x0A Val: 0x10010020
[inst #30] flw f0,0(x10)
[inst #31] flw f1,4(x10)
[inst #32] flw f2,8(x10)
[inst #33] lw x13,12(x10)
Register Write to Reg: 0x0D Val: 0x40490FDB
[inst #34] fadd.s f3,f0,f1,dyn
[inst #35] fmv.x.s x10,f3
Register Write to Reg: 0x0A Val: 0x40490FDB
[inst #36] csrrw x11,1,x0
Register Write to Reg: 0x0B Val: 0x00000001
[inst #37] addi x12,x0,1
Register Write to Reg: 0x0C Val: 0x00000001
[inst #38] bne x10,x13,376
[inst #39] bne x11,x12,372
[inst #40] addi x3,x0,5
Register Write to Reg: 0x03 Val: 0x00000005
[inst #41] auipc x10,64528
Register Write to Reg: 0x0A Val: 0x100100A0
[inst #42] addi x10,x10,-112
Register Write to Reg: 0x0A Val: 0x10010030
[inst #43] flw f0,0(x10)
[inst #44] flw f1,4(x10)
[inst #45] flw f2,8(x10)
[inst #46] lw x13,12(x10)
Register Write to Reg: 0x0D Val: 0x3FC00000
[inst #47] fsub.s f3,f0,f1,dyn
[inst #48] fmv.x.s x10,f3
Register Write to Reg: 0x0A Val: 0x3FC00000
[inst #49] csrrw x11,1,x0
Register Write to Reg: 0x0B Val: 0x00000000
[inst #50] addi x12,x0,0
Register Write to Reg: 0x0C Val: 0x00000000
[inst #51] bne x10,x13,324
[inst #52] bne x11,x12,320
[inst #53] addi x3,x0,6
Register Write to Reg: 0x03 Val: 0x00000006
[inst #54] auipc x10,64528
Register Write to Reg: 0x0A Val: 0x100100D4
[inst #55] addi x10,x10,-148
Register Write to Reg: 0x0A Val: 0x10010040
[inst #56] flw f0,0(x10)
[inst #57] flw f1,4(x10)
[inst #58] flw f2,8(x10)
[inst #59] lw x13,12(x10)
Register Write to Reg: 0x0D Val: 0xFFFFFFFFC49A4000
[inst #60] fsub.s f3,f0,f1,dyn
[inst #61] fmv.x.s x10,f3
Register Write to Reg: 0x0A Val: 0xFFFFFFFFC49A4000
[inst #62] csrrw x11,1,x0
Register Write to Reg: 0x0B Val: 0x00000001
[inst #63] addi x12,x0,1
Register Write to Reg: 0x0C Val: 0x00000001
[inst #64] bne x10,x13,272
[inst #65] bne x11,x12,268
[inst #66] addi x3,x0,7
Register Write to Reg: 0x03 Val: 0x00000007
[inst #67] auipc x10,64528
Register Write to Reg: 0x0A Val: 0x10010108
[inst #68] addi x10,x10,-184
Register Write to Reg: 0x0A Val: 0x10010050
[inst #69] flw f0,0(x10)
[inst #70] flw f1,4(x10)
[inst #71] flw f2,8(x10)
[inst #72] lw x13,12(x10)
Register Write to Reg: 0x0D Val: 0x40490FDB
[inst #73] fsub.s f3,f0,f1,dyn
[inst #74] fmv.x.s x10,f3
Register Write to Reg: 0x0A Val: 0x40490FDB
[inst #75] csrrw x11,1,x0
Register Write to Reg: 0x0B Val: 0x00000001
[inst #76] addi x12,x0,1
Register Write to Reg: 0x0C Val: 0x00000001
[inst #77] bne x10,x13,220
[inst #78] bne x11,x12,216
[inst #79] addi x3,x0,8
Register Write to Reg: 0x03 Val: 0x00000008
[inst #80] auipc x10,64528
Register Write to Reg: 0x0A Val: 0x1001013C
[inst #81] addi x10,x10,-220
Register Write to Reg: 0x0A Val: 0x10010060
[inst #82] flw f0,0(x10)
[inst #83] flw f1,4(x10)
[inst #84] flw f2,8(x10)
[inst #85] lw x13,12(x10)
Register Write to Reg: 0x0D Val: 0x40200000
[inst #86] fmul.s f3,f0,f1,dyn
[inst #87] fmv.x.s x10,f3
Register Write to Reg: 0x0A Val: 0x40200000
[inst #88] csrrw x11,1,x0
Register Write to Reg: 0x0B Val: 0x00000000
[inst #89] addi x12,x0,0
Register Write to Reg: 0x0C Val: 0x00000000
[inst #90] bne x10,x13,168
[inst #91] bne x11,x12,164
[inst #92] addi x3,x0,9
Register Write to Reg: 0x03 Val: 0x00000009
[inst #93] auipc x10,64528
Register Write to Reg: 0x0A Val: 0x10010170
[inst #94] addi x10,x10,-256
Register Write to Reg: 0x0A Val: 0x10010070
[inst #95] flw f0,0(x10)
[inst #96] flw f1,4(x10)
[inst #97] flw f2,8(x10)
[inst #98] lw x13,12(x10)
Register Write to Reg: 0x0D Val: 0x44A9D385
[inst #99] fmul.s f3,f0,f1,dyn
[inst #100] fmv.x.s x10,f3
Register Write to Reg: 0x0A Val: 0x44A9D385
[inst #101] csrrw x11,1,x0
Register Write to Reg: 0x0B Val: 0x00000001
[inst #102] addi x12,x0,1
Register Write to Reg: 0x0C Val: 0x00000001
[inst #103] bne x10,x13,116
[inst #104] bne x11,x12,112
[inst #105] addi x3,x0,10
Register Write to Reg: 0x03 Val: 0x0000000A
[inst #106] auipc x10,64528
Register Write to Reg: 0x0A Val: 0x100101A4
[inst #107] addi x10,x10,-292
Register Write to Reg: 0x0A Val: 0x10010080
[inst #108] flw f0,0(x10)
[inst #109] flw f1,4(x10)
[inst #110] flw f2,8(x10)
[inst #111] lw x13,12(x10)
Register Write to Reg: 0x0D Val: 0x3306EE2D
[inst #112] fmul.s f3,f0,f1,dyn
[inst #113] fmv.x.s x10,f3
Register Write to Reg: 0x0A Val: 0x3306EE2D
[inst #114] csrrw x11,1,x0
Register Write to Reg: 0x0B Val: 0x00000001
[inst #115] addi x12,x0,1
Register Write to Reg: 0x0C Val: 0x00000001
[inst #116] bne x10,x13,64
[inst #117] bne x11,x12,60
[inst #118] addi x3,x0,11
Register Write to Reg: 0x03 Val: 0x0000000B
[inst #119] auipc x10,64528
Register Write to Reg: 0x0A Val: 0x100101D8
[inst #120] addi x10,x10,-328
Register Write to Reg: 0x0A Val: 0x10010090
[inst #121] flw f0,0(x10)
[inst #122] flw f1,4(x10)
[inst #123] flw f2,8(x10)
[inst #124] lw x13,12(x10)
Register Write to Reg: 0x0D Val: 0x7FC00000
[inst #125] fsub.s f3,f0,f1,dyn
[inst #126] fmv.x.s x10,f3
Register Write to Reg: 0x0A Val: 0x7FC00000
[inst #127] csrrw x11,1,x0
Register Write to Reg: 0x0B Val: 0x00000010
[inst #128] addi x12,x0,16
Register Write to Reg: 0x0C Val: 0x00000010
[inst #129] bne x10,x13,12
[inst #130] bne x11,x12,8
[inst #131] bne x0,x3,16
[inst #132] addi x10,x0,42
Register Write to Reg: 0x0A Val: 0x0000002A
[inst #133] addi x17,x0,93
Register Write to Reg: 0x11 Val: 0x0000005D
[inst #134] ecall 

Program terminated by calling exit
