$version Generated by VerilatedVcd $end
$timescale 1ps $end
 $scope module TOP $end
  $scope module $unit $end
   $var wire 7 u R_TYPE [6:0] $end
   $var wire 7 v IMM_I_TYPE [6:0] $end
   $var wire 7 v ALU_R_I_TYPE [6:0] $end
   $var wire 7 w LD_I_TYPE [6:0] $end
   $var wire 7 w IMM_LD_I_TYPE [6:0] $end
   $var wire 7 x S_TYPE [6:0] $end
   $var wire 7 w LD_I_S_TYPE [6:0] $end
   $var wire 7 y B_TYPE [6:0] $end
   $var wire 7 z JAL_J_TYPE [6:0] $end
   $var wire 7 { JMP_I_TYPE [6:0] $end
   $var wire 7 { JMP_I_J_TYPE [6:0] $end
   $var wire 7 | U_TYPE [6:0] $end
   $var wire 7 } LUI_U_TYPE [6:0] $end
   $var wire 7 | AUIPC_U_TYPE [6:0] $end
   $var wire 7 ~ ENV_I_TYPE [6:0] $end
  $upscope $end
  $var wire 1 k clk_i $end
  $var wire 1 l rst_i $end
  $var wire 1 m imem_ld_i $end
  $var wire 10 n imem_ld_addr_i [9:0] $end
  $var wire 32 o imem_ld_data_i [31:0] $end
  $var wire 1 p halt_o $end
  $scope module risc_v $end
   $var wire 32 q AddressWidth [31:0] $end
   $var wire 32 r DataWidth [31:0] $end
   $var wire 1 k clk_i $end
   $var wire 1 l rst_i $end
   $var wire 1 m imem_ld_i $end
   $var wire 10 n imem_ld_addr_i [9:0] $end
   $var wire 32 o imem_ld_data_i [31:0] $end
   $var wire 1 p halt_o $end
   $var wire 4 # alu_op [3:0] $end
   $var wire 2 $ regf_wd_src [1:0] $end
   $var wire 1 % alu_src2_sel $end
   $var wire 1 & jal $end
   $var wire 1 ' jalr $end
   $var wire 1 ( branch $end
   $var wire 1 ) auipc $end
   $var wire 1 * env_instr $end
   $var wire 1 + regf_wr_en $end
   $var wire 1 , mem_wr_en $end
   $var wire 1 - pc_src_sel $end
   $var wire 32 . target_pc [31:0] $end
   $var wire 32 H pc [31:0] $end
   $var wire 32 I pc_plus4 [31:0] $end
   $var wire 32 / next_pc [31:0] $end
   $var wire 1 0 alu_flag $end
   $var wire 32 1 alu_src2 [31:0] $end
   $var wire 32 2 alu_result [31:0] $end
   $var wire 32 3 regf_rd_data [31:0] $end
   $var wire 32 4 regf_rs1_data [31:0] $end
   $var wire 32 5 regf_rs2_data [31:0] $end
   $var wire 32 6 uimm_type_data [31:0] $end
   $var wire 32 7 data_mem_r_data [31:0] $end
   $var wire 32 8 imm [31:0] $end
   $var wire 32 9 instr [31:0] $end
   $var wire 32 : ld_data [31:0] $end
   $var wire 10 ; imem_addr [9:0] $end
   $var wire 7 < op_code [6:0] $end
   $var wire 3 = funct3 [2:0] $end
   $var wire 1 > funct7_h20 $end
   $var wire 5 ? regf_rd_addr [4:0] $end
   $var wire 5 @ regf_rs1_addr [4:0] $end
   $var wire 5 A regf_rs2_addr [4:0] $end
   $scope module alu $end
    $var wire 32 r DataWidth [31:0] $end
    $var wire 32 4 src1_i [31:0] $end
    $var wire 32 1 src2_i [31:0] $end
    $var wire 4 # alu_op_i [3:0] $end
    $var wire 32 2 result_o [31:0] $end
   $upscope $end
   $scope module alu_src2_mux $end
    $var wire 32 r DataWidth [31:0] $end
    $var wire 1 % sel_i $end
    $var wire 32 5 in0_i [31:0] $end
    $var wire 32 8 in1_i [31:0] $end
    $var wire 32 1 out_o [31:0] $end
   $upscope $end
   $scope module control_unit $end
    $var wire 7 < op_code_i [6:0] $end
    $var wire 3 = funct3_i [2:0] $end
    $var wire 1 > fnc7_h20_i $end
    $var wire 1 & jal_o $end
    $var wire 1 ' jalr_o $end
    $var wire 1 ( branch_o $end
    $var wire 1 ) auipc_o $end
    $var wire 1 + regf_wr_en_o $end
    $var wire 1 , mem_wr_en_o $end
    $var wire 2 $ regf_wd_src_o [1:0] $end
    $var wire 1 % alu_src_o $end
    $var wire 4 # alu_op_o [3:0] $end
    $var wire 1 * env_instr_o $end
    $var wire 1 B fnc7_valid $end
   $upscope $end
   $scope module ctrl_flow_unit $end
    $var wire 32 r DataWidth [31:0] $end
    $var wire 1 & jal_i $end
    $var wire 1 ' jalr_i $end
    $var wire 1 ( branch_i $end
    $var wire 1 0 alu_flag_i $end
    $var wire 32 H pc_i [31:0] $end
    $var wire 32 4 rs1_data_i [31:0] $end
    $var wire 32 8 addr_offset_i [31:0] $end
    $var wire 1 - pc_src_sel_o $end
    $var wire 32 . pc_target_o [31:0] $end
    $var wire 32 C base_addr [31:0] $end
    $var wire 32 . pc_plus_offset [31:0] $end
   $upscope $end
   $scope module dmem $end
    $var wire 32 q AddressWidth [31:0] $end
    $var wire 32 r DataWidth [31:0] $end
    $var wire 1 k clk_i $end
    $var wire 1 , wr_en_i $end
    $var wire 10 D addr_i [9:0] $end
    $var wire 32 5 wr_data_i [31:0] $end
    $var wire 32 7 r_data_o [31:0] $end
   $upscope $end
   $scope module imem $end
    $var wire 32 q AddressWidth [31:0] $end
    $var wire 32 r DataWidth [31:0] $end
    $var wire 1 k clk_i $end
    $var wire 1 m wr_en_i $end
    $var wire 10 ; addr_i [9:0] $end
    $var wire 32 o wr_data_i [31:0] $end
    $var wire 32 9 r_data_o [31:0] $end
   $upscope $end
   $scope module imm_extension_unit $end
    $var wire 32 9 instr_i [31:0] $end
    $var wire 32 8 imm_o [31:0] $end
    $var wire 7 < op_code [6:0] $end
   $upscope $end
   $scope module ld_data_ext $end
    $var wire 3 = funct3_i [2:0] $end
    $var wire 2 E offset_i [1:0] $end
    $var wire 32 7 data_i [31:0] $end
    $var wire 32 : data_o [31:0] $end
    $var wire 8 F byte_sel [7:0] $end
    $var wire 16 G halfword_sel [15:0] $end
   $upscope $end
   $scope module pc_adder $end
    $var wire 32 r DataWidth [31:0] $end
    $var wire 32 H a_i [31:0] $end
    $var wire 32 s b_i [31:0] $end
    $var wire 32 I y_o [31:0] $end
   $upscope $end
   $scope module pc_mux $end
    $var wire 32 r DataWidth [31:0] $end
    $var wire 1 - sel_i $end
    $var wire 32 I in0_i [31:0] $end
    $var wire 32 . in1_i [31:0] $end
    $var wire 32 / out_o [31:0] $end
   $upscope $end
   $scope module pc_reg $end
    $var wire 32 r DataWidth [31:0] $end
    $var wire 1 l rst_i $end
    $var wire 1 k clk_i $end
    $var wire 1 p halt_i $end
    $var wire 32 / d_i [31:0] $end
    $var wire 32 H q_o [31:0] $end
   $upscope $end
   $scope module regf_wr_data_mux $end
    $var wire 32 r DataWidth [31:0] $end
    $var wire 2 $ sel_i [1:0] $end
    $var wire 32 2 in0_i [31:0] $end
    $var wire 32 : in1_i [31:0] $end
    $var wire 32 I in2_i [31:0] $end
    $var wire 32 6 in3_i [31:0] $end
    $var wire 32 3 out_o [31:0] $end
   $upscope $end
   $scope module regfile $end
    $var wire 32 r NumRegs [31:0] $end
    $var wire 32 r DataWidth [31:0] $end
    $var wire 32 t AddressWidth [31:0] $end
    $var wire 1 k clk_i $end
    $var wire 1 l rst_i $end
    $var wire 1 + wr_en_i $end
    $var wire 5 ? rd_addr_i [4:0] $end
    $var wire 5 @ rs1_addr_i [4:0] $end
    $var wire 5 A rs2_addr_i [4:0] $end
    $var wire 32 3 rd_data_i [31:0] $end
    $var wire 32 4 rs1_data_o [31:0] $end
    $var wire 32 5 rs2_data_o [31:0] $end
    $var wire 32 J i [31:0] $end
    $var wire 32 K register_file[0] [31:0] $end
    $var wire 32 L register_file[1] [31:0] $end
    $var wire 32 M register_file[2] [31:0] $end
    $var wire 32 N register_file[3] [31:0] $end
    $var wire 32 O register_file[4] [31:0] $end
    $var wire 32 P register_file[5] [31:0] $end
    $var wire 32 Q register_file[6] [31:0] $end
    $var wire 32 R register_file[7] [31:0] $end
    $var wire 32 S register_file[8] [31:0] $end
    $var wire 32 T register_file[9] [31:0] $end
    $var wire 32 U register_file[10] [31:0] $end
    $var wire 32 V register_file[11] [31:0] $end
    $var wire 32 W register_file[12] [31:0] $end
    $var wire 32 X register_file[13] [31:0] $end
    $var wire 32 Y register_file[14] [31:0] $end
    $var wire 32 Z register_file[15] [31:0] $end
    $var wire 32 [ register_file[16] [31:0] $end
    $var wire 32 \ register_file[17] [31:0] $end
    $var wire 32 ] register_file[18] [31:0] $end
    $var wire 32 ^ register_file[19] [31:0] $end
    $var wire 32 _ register_file[20] [31:0] $end
    $var wire 32 ` register_file[21] [31:0] $end
    $var wire 32 a register_file[22] [31:0] $end
    $var wire 32 b register_file[23] [31:0] $end
    $var wire 32 c register_file[24] [31:0] $end
    $var wire 32 d register_file[25] [31:0] $end
    $var wire 32 e register_file[26] [31:0] $end
    $var wire 32 f register_file[27] [31:0] $end
    $var wire 32 g register_file[28] [31:0] $end
    $var wire 32 h register_file[29] [31:0] $end
    $var wire 32 i register_file[30] [31:0] $end
    $var wire 32 j register_file[31] [31:0] $end
   $upscope $end
   $scope module utype_rd_data_mux $end
    $var wire 32 r DataWidth [31:0] $end
    $var wire 1 ) sel_i $end
    $var wire 32 8 in0_i [31:0] $end
    $var wire 32 . in1_i [31:0] $end
    $var wire 32 6 out_o [31:0] $end
   $upscope $end
  $upscope $end
 $upscope $end
$enddefinitions $end


#0
b0000 #
b00 $
1%
0&
0'
0(
0)
0*
1+
0,
0-
b00000000000000000000000000000010 .
b00000000000000000000000000000100 /
00
b00000000000000000000000000000010 1
b00000000000000000000000000000010 2
b00000000000000000000000000000010 3
b00000000000000000000000000000000 4
b00000000000000000000000000000000 5
b00000000000000000000000000000010 6
b00000000000000000000000000000000 7
b00000000000000000000000000000010 8
b00000000001000000000000110010011 9
b00000000000000000000000000000000 :
b0000000000 ;
b0010011 <
b000 =
0>
b00011 ?
b00000 @
b00010 A
0B
b00000000000000000000000000000000 C
b0000000000 D
b10 E
b00000000 F
b0000000000000000 G
b00000000000000000000000000000000 H
b00000000000000000000000000000100 I
b00000000000000000000000000100000 J
b00000000000000000000000000000000 K
b00000000000000000000000000000000 L
b00000000000000000000000000000000 M
b00000000000000000000000000000000 N
b00000000000000000000000000000000 O
b00000000000000000000000000000000 P
b00000000000000000000000000000000 Q
b00000000000000000000000000000000 R
b00000000000000000000000000000000 S
b00000000000000000000000000000000 T
b00000000000000000000000000000000 U
b00000000000000000000000000000000 V
b00000000000000000000000000000000 W
b00000000000000000000000000000000 X
b00000000000000000000000000000000 Y
b00000000000000000000000000000000 Z
b00000000000000000000000000000000 [
b00000000000000000000000000000000 \
b00000000000000000000000000000000 ]
b00000000000000000000000000000000 ^
b00000000000000000000000000000000 _
b00000000000000000000000000000000 `
b00000000000000000000000000000000 a
b00000000000000000000000000000000 b
b00000000000000000000000000000000 c
b00000000000000000000000000000000 d
b00000000000000000000000000000000 e
b00000000000000000000000000000000 f
b00000000000000000000000000000000 g
b00000000000000000000000000000000 h
b00000000000000000000000000000000 i
b00000000000000000000000000000000 j
0k
0l
0m
b0010001000 n
b00000000000000000000000001110011 o
0p
b00000000000000000000000000001010 q
b00000000000000000000000000100000 r
b00000000000000000000000000000100 s
b00000000000000000000000000000101 t
b0110011 u
b0010011 v
b0000011 w
b0100011 x
b1100011 y
b1101111 z
b1100111 {
b0010111 |
b0110111 }
b1110011 ~
#1
b11 $
0%
1)
b00001111110000010000000000000100 .
b00000000000000000000000000001000 /
b00000000000000000000000000000000 1
b00000000000000000000000000000000 2
b00001111110000010000000000000100 3
b00001111110000010000000000000100 6
b00001111110000010000000000000000 8
b00001111110000010000010100010111 9
b0000000001 ;
b0010111 <
b01010 ?
b00010 @
b11100 A
b00000000000000000000000000000100 C
b00 E
b00000000000000000000000000000100 H
b00000000000000000000000000001000 I
b00000000000000000000000000000010 N
1k
#2
0k
#3
b00 $
1%
0)
b00000000000000000000000000000100 .
b00000000000000000000000000001100 /
b11111111111111111111111111111100 1
b00001111110000010000000000000000 2
b00001111110000010000000000000000 3
b00001111110000010000000000000100 4
b11111111111111111111111111111100 6
b11111111111111111111111111111100 8
b11111111110001010000010100010011 9
b0000000010 ;
b0010011 <
1>
b01010 @
b00000000000000000000000000001000 C
b00000000000000000000000000001000 H
b00000000000000000000000000001100 I
b00001111110000010000000000000100 U
1k
#4
0k
#5
0%
b00000000000000000000000000001100 .
b00000000000000000000000000010000 /
b00000000000000000000000000000000 1
b00001111110000010000000000000000 4
b00000000000000000000000000000000 6
b00000000000000000000000000000000 8
b00000000000001010010000000000111 9
b0000000011 ;
b0000111 <
b010 =
0>
b00000 ?
b00000 A
b00000000000000000000000000001100 C
b00000000000000000000000000001100 H
b00000000000000000000000000010000 I
b00001111110000010000000000000000 U
1k
#6
0k
#7
b00000000000000000000000000010000 .
b00000000000000000000000000010100 /
b00000000010001010010000010000111 9
b0000000100 ;
b00001 ?
b00100 A
b00000000000000000000000000010000 C
b00000000000000000000000000010000 H
b00000000000000000000000000010100 I
1k
#8
0k
#9
b00000000000000000000000000010100 .
b00000000000000000000000000011000 /
b00000000100001010010000100000111 9
b0000000101 ;
b00010 ?
b01000 A
b00000000000000000000000000010100 C
b00000000000000000000000000010100 H
b00000000000000000000000000011000 I
b00001111110000010000000000000000 L
1k
#10
0k
#11
b01 $
1%
b00000000000000000000000000100100 .
b00000000000000000000000000011100 /
b00000000000000000000000000001100 1
b00001111110000010000000000001100 2
b00000000000000000000000000000000 3
b00000000000000000000000000001100 6
b00000000000000000000000000001100 8
b00000000110001010010011010000011 9
b0000000110 ;
b0000011 <
b01101 ?
b01100 A
b00000000000000000000000000011000 C
b0000000011 D
b00000000000000000000000000011000 H
b00000000000000000000000000011100 I
b00001111110000010000000000000000 M
1k
#12
0k
#13
b00 $
0%
b00000000000000000000000000011100 .
b00000000000000000000000000100000 /
b00001111110000010000000000000000 1
b00001111110000010000000000000000 2
b00001111110000010000000000000000 3
b00000000000000000000000000000000 4
b00001111110000010000000000000000 5
b00000000000000000000000000000000 6
b00000000000000000000000000000000 8
b00000000000100000111000111010011 9
b0000000111 ;
b1010011 <
b111 =
b00011 ?
b00000 @
b00001 A
b00000000000000000000000000011100 C
b0000000000 D
b00000000000000000000000000011100 H
b00000000000000000000000000100000 I
1k
#14
0k
#15
b00000000000000000000000000100000 .
b00000000000000000000000000100100 /
b00000000000000000000000000000000 1
b00001111110000010000000000000000 4
b00000000000000000000000000000000 5
b11100000000000011000010101010011 9
b0000001000 ;
b000 =
1>
b01010 ?
b00011 @
b00000 A
b00000000000000000000000000100000 C
b00000000000000000000000000100000 H
b00000000000000000000000000100100 I
b00001111110000010000000000000000 N
1k
#16
0k
#17
1*
0+
b00000000000000000000000000100100 .
b00000000000000000000000000101000 /
b00001111110000010000000000000000 1
b00000000000000000000000000000000 4
b00001111110000010000000000000000 5
b00000000000100000001010111110011 9
b0000001001 ;
b1110011 <
b001 =
0>
b01011 ?
b00000 @
b00001 A
b00000000000000000000000000100100 C
b00000000000000000000000000100100 H
b00000000000000000000000000101000 I
1k
1p
#18
0k
