[inst #1] lui x1,-4080
Register Write to Reg: 0x01 Val: 0xFFFFFFFFFF010000
[inst #2] addi x1,x1,-256
Register Write to Reg: 0x01 Val: 0xFFFFFFFFFF00FF00
[inst #3] lui x2,61681
Register Write to Reg: 0x02 Val: 0x0F0F1000
[inst #4] addi x2,x2,-241
Register Write to Reg: 0x02 Val: 0x0F0F0F0F
[inst #5] and x30,x1,x2
Register Write to Reg: 0x1E Val: 0x0F000F00
[inst #6] lui x29,61441
Register Write to Reg: 0x1D Val: 0x0F001000
[inst #7] addi x29,x29,-256
Register Write to Reg: 0x1D Val: 0x0F000F00
[inst #8] addi x3,x0,2
Register Write to Reg: 0x03 Val: 0x00000002
[inst #9] bne x30,x29,224
[inst #10] lui x1,65281
Register Write to Reg: 0x01 Val: 0x0FF01000
[inst #11] addi x1,x1,-16
Register Write to Reg: 0x01 Val: 0x0FF00FF0
[inst #12] lui x2,-61681
Register Write to Reg: 0x02 Val: 0xFFFFFFFFF0F0F000
[inst #13] addi x2,x2,240
Register Write to Reg: 0x02 Val: 0xFFFFFFFFF0F0F0F0
[inst #14] and x30,x1,x2
Register Write to Reg: 0x1E Val: 0x00F000F0
[inst #15] lui x29,3840
Register Write to Reg: 0x1D Val: 0x00F00000
[inst #16] addi x29,x29,240
Register Write to Reg: 0x1D Val: 0x00F000F0
[inst #17] addi x3,x0,3
Register Write to Reg: 0x03 Val: 0x00000003
[inst #18] bne x30,x29,188
[inst #19] lui x1,4080
Register Write to Reg: 0x01 Val: 0x00FF0000
[inst #20] addi x1,x1,255
Register Write to Reg: 0x01 Val: 0x00FF00FF
[inst #21] lui x2,61681
Register Write to Reg: 0x02 Val: 0x0F0F1000
[inst #22] addi x2,x2,-241
Register Write to Reg: 0x02 Val: 0x0F0F0F0F
[inst #23] and x30,x1,x2
Register Write to Reg: 0x1E Val: 0x000F000F
[inst #24] lui x29,240
Register Write to Reg: 0x1D Val: 0x000F0000
[inst #25] addi x29,x29,15
Register Write to Reg: 0x1D Val: 0x000F000F
[inst #26] addi x3,x0,4
Register Write to Reg: 0x03 Val: 0x00000004
[inst #27] bne x30,x29,152
[inst #28] lui x1,-65281
Register Write to Reg: 0x01 Val: 0xFFFFFFFFF00FF000
[inst #29] addi x1,x1,15
Register Write to Reg: 0x01 Val: 0xFFFFFFFFF00FF00F
[inst #30] lui x2,-61681
Register Write to Reg: 0x02 Val: 0xFFFFFFFFF0F0F000
[inst #31] addi x2,x2,240
Register Write to Reg: 0x02 Val: 0xFFFFFFFFF0F0F0F0
[inst #32] and x30,x1,x2
Register Write to Reg: 0x1E Val: 0xFFFFFFFFF000F000
[inst #33] lui x29,-65521
Register Write to Reg: 0x1D Val: 0xFFFFFFFFF000F000
[inst #34] addi x29,x29,0
Register Write to Reg: 0x1D Val: 0xFFFFFFFFF000F000
[inst #35] addi x3,x0,5
Register Write to Reg: 0x03 Val: 0x00000005
[inst #36] bne x30,x29,116
[inst #37] lui x1,-4080
Register Write to Reg: 0x01 Val: 0xFFFFFFFFFF010000
[inst #38] addi x1,x1,-256
Register Write to Reg: 0x01 Val: 0xFFFFFFFFFF00FF00
[inst #39] lui x2,61681
Register Write to Reg: 0x02 Val: 0x0F0F1000
[inst #40] addi x2,x2,-241
Register Write to Reg: 0x02 Val: 0x0F0F0F0F
[inst #41] and x1,x1,x2
Register Write to Reg: 0x01 Val: 0x0F000F00
[inst #42] lui x29,61441
Register Write to Reg: 0x1D Val: 0x0F001000
[inst #43] addi x29,x29,-256
Register Write to Reg: 0x1D Val: 0x0F000F00
[inst #44] addi x3,x0,6
Register Write to Reg: 0x03 Val: 0x00000006
[inst #45] bne x1,x29,80
[inst #46] lui x1,65281
Register Write to Reg: 0x01 Val: 0x0FF01000
[inst #47] addi x1,x1,-16
Register Write to Reg: 0x01 Val: 0x0FF00FF0
[inst #48] lui x2,-61681
Register Write to Reg: 0x02 Val: 0xFFFFFFFFF0F0F000
[inst #49] addi x2,x2,240
Register Write to Reg: 0x02 Val: 0xFFFFFFFFF0F0F0F0
[inst #50] and x2,x1,x2
Register Write to Reg: 0x02 Val: 0x00F000F0
[inst #51] lui x29,3840
Register Write to Reg: 0x1D Val: 0x00F00000
[inst #52] addi x29,x29,240
Register Write to Reg: 0x1D Val: 0x00F000F0
[inst #53] addi x3,x0,7
Register Write to Reg: 0x03 Val: 0x00000007
[inst #54] bne x2,x29,44
[inst #55] lui x1,-4080
Register Write to Reg: 0x01 Val: 0xFFFFFFFFFF010000
[inst #56] addi x1,x1,-256
Register Write to Reg: 0x01 Val: 0xFFFFFFFFFF00FF00
[inst #57] and x1,x1,x1
Register Write to Reg: 0x01 Val: 0xFFFFFFFFFF00FF00
[inst #58] lui x29,-4080
Register Write to Reg: 0x1D Val: 0xFFFFFFFFFF010000
[inst #59] addi x29,x29,-256
Register Write to Reg: 0x1D Val: 0xFFFFFFFFFF00FF00
[inst #60] addi x3,x0,8
Register Write to Reg: 0x03 Val: 0x00000008
[inst #61] bne x1,x29,16
[inst #62] addi x10,x0,42
Register Write to Reg: 0x0A Val: 0x0000002A
[inst #63] addi x17,x0,93
Register Write to Reg: 0x11 Val: 0x0000005D
[inst #64] ecall 

Program terminated by calling exit
