[inst #1] addi x1,x0,0
Register Write to Reg: 0x01 Val: 0x00000000
[inst #2] addi x2,x0,0
Register Write to Reg: 0x02 Val: 0x00000000
[inst #3] slt x30,x1,x2
Register Write to Reg: 0x1E Val: 0x00000000
[inst #4] addi x29,x0,0
Register Write to Reg: 0x1D Val: 0x00000000
[inst #5] addi x3,x0,2
Register Write to Reg: 0x03 Val: 0x00000002
[inst #6] bne x30,x29,460
[inst #7] addi x1,x0,1
Register Write to Reg: 0x01 Val: 0x00000001
[inst #8] addi x2,x0,1
Register Write to Reg: 0x02 Val: 0x00000001
[inst #9] slt x30,x1,x2
Register Write to Reg: 0x1E Val: 0x00000000
[inst #10] addi x29,x0,0
Register Write to Reg: 0x1D Val: 0x00000000
[inst #11] addi x3,x0,3
Register Write to Reg: 0x03 Val: 0x00000003
[inst #12] bne x30,x29,436
[inst #13] addi x1,x0,3
Register Write to Reg: 0x01 Val: 0x00000003
[inst #14] addi x2,x0,7
Register Write to Reg: 0x02 Val: 0x00000007
[inst #15] slt x30,x1,x2
Register Write to Reg: 0x1E Val: 0x00000001
[inst #16] addi x29,x0,1
Register Write to Reg: 0x1D Val: 0x00000001
[inst #17] addi x3,x0,4
Register Write to Reg: 0x03 Val: 0x00000004
[inst #18] bne x30,x29,412
[inst #19] addi x1,x0,7
Register Write to Reg: 0x01 Val: 0x00000007
[inst #20] addi x2,x0,3
Register Write to Reg: 0x02 Val: 0x00000003
[inst #21] slt x30,x1,x2
Register Write to Reg: 0x1E Val: 0x00000000
[inst #22] addi x29,x0,0
Register Write to Reg: 0x1D Val: 0x00000000
[inst #23] addi x3,x0,5
Register Write to Reg: 0x03 Val: 0x00000005
[inst #24] bne x30,x29,388
[inst #25] addi x1,x0,0
Register Write to Reg: 0x01 Val: 0x00000000
[inst #26] lui x2,-8
Register Write to Reg: 0x02 Val: 0xFFFFFFFFFFFF8000
[inst #27] addi x2,x2,0
Register Write to Reg: 0x02 Val: 0xFFFFFFFFFFFF8000
[inst #28] slt x30,x1,x2
Register Write to Reg: 0x1E Val: 0x00000000
[inst #29] addi x29,x0,0
Register Write to Reg: 0x1D Val: 0x00000000
[inst #30] addi x3,x0,6
Register Write to Reg: 0x03 Val: 0x00000006
[inst #31] bne x30,x29,360
[inst #32] lui x1,-524288
Register Write to Reg: 0x01 Val: 0xFFFFFFFF80000000
[inst #33] addi x1,x1,0
Register Write to Reg: 0x01 Val: 0xFFFFFFFF80000000
[inst #34] addi x2,x0,0
Register Write to Reg: 0x02 Val: 0x00000000
[inst #35] slt x30,x1,x2
Register Write to Reg: 0x1E Val: 0x00000001
[inst #36] addi x29,x0,1
Register Write to Reg: 0x1D Val: 0x00000001
[inst #37] addi x3,x0,7
Register Write to Reg: 0x03 Val: 0x00000007
[inst #38] bne x30,x29,332
[inst #39] lui x1,-524288
Register Write to Reg: 0x01 Val: 0xFFFFFFFF80000000
[inst #40] addi x1,x1,0
Register Write to Reg: 0x01 Val: 0xFFFFFFFF80000000
[inst #41] lui x2,-8
Register Write to Reg: 0x02 Val: 0xFFFFFFFFFFFF8000
[inst #42] addi x2,x2,0
Register Write to Reg: 0x02 Val: 0xFFFFFFFFFFFF8000
[inst #43] slt x30,x1,x2
Register Write to Reg: 0x1E Val: 0x00000001
[inst #44] addi x29,x0,1
Register Write to Reg: 0x1D Val: 0x00000001
[inst #45] addi x3,x0,8
Register Write to Reg: 0x03 Val: 0x00000008
[inst #46] bne x30,x29,300
[inst #47] addi x1,x0,0
Register Write to Reg: 0x01 Val: 0x00000000
[inst #48] lui x2,8
Register Write to Reg: 0x02 Val: 0x00008000
[inst #49] addi x2,x2,-1
Register Write to Reg: 0x02 Val: 0x00007FFF
[inst #50] slt x30,x1,x2
Register Write to Reg: 0x1E Val: 0x00000001
[inst #51] addi x29,x0,1
Register Write to Reg: 0x1D Val: 0x00000001
[inst #52] addi x3,x0,9
Register Write to Reg: 0x03 Val: 0x00000009
[inst #53] bne x30,x29,272
[inst #54] lui x1,524288
Register Write to Reg: 0x01 Val: 0xFFFFFFFF80000000
[inst #55] addi x1,x1,-1
Register Write to Reg: 0x01 Val: 0x7FFFFFFF
[inst #56] addi x2,x0,0
Register Write to Reg: 0x02 Val: 0x00000000
[inst #57] slt x30,x1,x2
Register Write to Reg: 0x1E Val: 0x00000000
[inst #58] addi x29,x0,0
Register Write to Reg: 0x1D Val: 0x00000000
[inst #59] addi x3,x0,10
Register Write to Reg: 0x03 Val: 0x0000000A
[inst #60] bne x30,x29,244
[inst #61] lui x1,524288
Register Write to Reg: 0x01 Val: 0xFFFFFFFF80000000
[inst #62] addi x1,x1,-1
Register Write to Reg: 0x01 Val: 0x7FFFFFFF
[inst #63] lui x2,8
Register Write to Reg: 0x02 Val: 0x00008000
[inst #64] addi x2,x2,-1
Register Write to Reg: 0x02 Val: 0x00007FFF
[inst #65] slt x30,x1,x2
Register Write to Reg: 0x1E Val: 0x00000000
[inst #66] addi x29,x0,0
Register Write to Reg: 0x1D Val: 0x00000000
[inst #67] addi x3,x0,11
Register Write to Reg: 0x03 Val: 0x0000000B
[inst #68] bne x30,x29,212
[inst #69] lui x1,-524288
Register Write to Reg: 0x01 Val: 0xFFFFFFFF80000000
[inst #70] addi x1,x1,0
Register Write to Reg: 0x01 Val: 0xFFFFFFFF80000000
[inst #71] lui x2,8
Register Write to Reg: 0x02 Val: 0x00008000
[inst #72] addi x2,x2,-1
Register Write to Reg: 0x02 Val: 0x00007FFF
[inst #73] slt x30,x1,x2
Register Write to Reg: 0x1E Val: 0x00000001
[inst #74] addi x29,x0,1
Register Write to Reg: 0x1D Val: 0x00000001
[inst #75] addi x3,x0,12
Register Write to Reg: 0x03 Val: 0x0000000C
[inst #76] bne x30,x29,180
[inst #77] lui x1,524288
Register Write to Reg: 0x01 Val: 0xFFFFFFFF80000000
[inst #78] addi x1,x1,-1
Register Write to Reg: 0x01 Val: 0x7FFFFFFF
[inst #79] lui x2,-8
Register Write to Reg: 0x02 Val: 0xFFFFFFFFFFFF8000
[inst #80] addi x2,x2,0
Register Write to Reg: 0x02 Val: 0xFFFFFFFFFFFF8000
[inst #81] slt x30,x1,x2
Register Write to Reg: 0x1E Val: 0x00000000
[inst #82] addi x29,x0,0
Register Write to Reg: 0x1D Val: 0x00000000
[inst #83] addi x3,x0,13
Register Write to Reg: 0x03 Val: 0x0000000D
[inst #84] bne x30,x29,148
[inst #85] addi x1,x0,0
Register Write to Reg: 0x01 Val: 0x00000000
[inst #86] addi x2,x0,-1
Register Write to Reg: 0x02 Val: 0xFFFFFFFFFFFFFFFF
[inst #87] slt x30,x1,x2
Register Write to Reg: 0x1E Val: 0x00000000
[inst #88] addi x29,x0,0
Register Write to Reg: 0x1D Val: 0x00000000
[inst #89] addi x3,x0,14
Register Write to Reg: 0x03 Val: 0x0000000E
[inst #90] bne x30,x29,124
[inst #91] addi x1,x0,-1
Register Write to Reg: 0x01 Val: 0xFFFFFFFFFFFFFFFF
[inst #92] addi x2,x0,1
Register Write to Reg: 0x02 Val: 0x00000001
[inst #93] slt x30,x1,x2
Register Write to Reg: 0x1E Val: 0x00000001
[inst #94] addi x29,x0,1
Register Write to Reg: 0x1D Val: 0x00000001
[inst #95] addi x3,x0,15
Register Write to Reg: 0x03 Val: 0x0000000F
[inst #96] bne x30,x29,100
[inst #97] addi x1,x0,-1
Register Write to Reg: 0x01 Val: 0xFFFFFFFFFFFFFFFF
[inst #98] addi x2,x0,-1
Register Write to Reg: 0x02 Val: 0xFFFFFFFFFFFFFFFF
[inst #99] slt x30,x1,x2
Register Write to Reg: 0x1E Val: 0x00000000
[inst #100] addi x29,x0,0
Register Write to Reg: 0x1D Val: 0x00000000
[inst #101] addi x3,x0,16
Register Write to Reg: 0x03 Val: 0x00000010
[inst #102] bne x30,x29,76
[inst #103] addi x1,x0,14
Register Write to Reg: 0x01 Val: 0x0000000E
[inst #104] addi x2,x0,13
Register Write to Reg: 0x02 Val: 0x0000000D
[inst #105] slt x1,x1,x2
Register Write to Reg: 0x01 Val: 0x00000000
[inst #106] addi x29,x0,0
Register Write to Reg: 0x1D Val: 0x00000000
[inst #107] addi x3,x0,17
Register Write to Reg: 0x03 Val: 0x00000011
[inst #108] bne x1,x29,52
[inst #109] addi x1,x0,11
Register Write to Reg: 0x01 Val: 0x0000000B
[inst #110] addi x2,x0,13
Register Write to Reg: 0x02 Val: 0x0000000D
[inst #111] slt x2,x1,x2
Register Write to Reg: 0x02 Val: 0x00000001
[inst #112] addi x29,x0,1
Register Write to Reg: 0x1D Val: 0x00000001
[inst #113] addi x3,x0,18
Register Write to Reg: 0x03 Val: 0x00000012
[inst #114] bne x2,x29,28
[inst #115] addi x1,x0,13
Register Write to Reg: 0x01 Val: 0x0000000D
[inst #116] slt x1,x1,x1
Register Write to Reg: 0x01 Val: 0x00000000
[inst #117] addi x29,x0,0
Register Write to Reg: 0x1D Val: 0x00000000
[inst #118] addi x3,x0,19
Register Write to Reg: 0x03 Val: 0x00000013
[inst #119] bne x1,x29,8
[inst #120] bne x0,x3,16
[inst #121] addi x10,x0,42
Register Write to Reg: 0x0A Val: 0x0000002A
[inst #122] addi x17,x0,93
Register Write to Reg: 0x11 Val: 0x0000005D
[inst #123] ecall 

Program terminated by calling exit
