[inst #1] lui x1,135698
Register Write to Reg: 0x01 Val: 0x21212000
[inst #2] addi x1,x1,289
Register Write to Reg: 0x01 Val: 0x21212121
[inst #3] addi x2,x0,-64
Register Write to Reg: 0x02 Val: 0xFFFFFFFFFFFFFFC0
[inst #4] sll x30,x1,x2
Register Write to Reg: 0x1E Val: 0x21212121
[inst #5] lui x29,135698
Register Write to Reg: 0x1D Val: 0x21212000
[inst #6] addi x29,x29,289
Register Write to Reg: 0x1D Val: 0x21212121
[inst #7] addi x3,x0,17
Register Write to Reg: 0x03 Val: 0x00000011
[inst #8] bne x30,x29,176
[inst #9] lui x1,135698
Register Write to Reg: 0x01 Val: 0x21212000
[inst #10] addi x1,x1,289
Register Write to Reg: 0x01 Val: 0x21212121
[inst #11] addi x2,x0,-63
Register Write to Reg: 0x02 Val: 0xFFFFFFFFFFFFFFC1
[inst #12] sll x30,x1,x2
Register Write to Reg: 0x1E Val: 0x42424242
[inst #13] lui x29,271396
Register Write to Reg: 0x1D Val: 0x42424000
[inst #14] addi x29,x29,578
Register Write to Reg: 0x1D Val: 0x42424242
[inst #15] addi x3,x0,18
Register Write to Reg: 0x03 Val: 0x00000012
[inst #16] bne x30,x29,144
[inst #17] lui x1,135698
Register Write to Reg: 0x01 Val: 0x21212000
[inst #18] addi x1,x1,289
Register Write to Reg: 0x01 Val: 0x21212121
[inst #19] addi x2,x0,-57
Register Write to Reg: 0x02 Val: 0xFFFFFFFFFFFFFFC7
[inst #20] sll x30,x1,x2
Register Write to Reg: 0x1E Val: 0xFFFFFFFF90909080
[inst #21] lui x29,-456439
Register Write to Reg: 0x1D Val: 0xFFFFFFFF90909000
[inst #22] addi x29,x29,128
Register Write to Reg: 0x1D Val: 0xFFFFFFFF90909080
[inst #23] addi x3,x0,19
Register Write to Reg: 0x03 Val: 0x00000013
[inst #24] bne x30,x29,112
[inst #25] lui x1,135698
Register Write to Reg: 0x01 Val: 0x21212000
[inst #26] addi x1,x1,289
Register Write to Reg: 0x01 Val: 0x21212121
[inst #27] addi x2,x0,-50
Register Write to Reg: 0x02 Val: 0xFFFFFFFFFFFFFFCE
[inst #28] sll x30,x1,x2
Register Write to Reg: 0x1E Val: 0x48484000
[inst #29] lui x29,296068
Register Write to Reg: 0x1D Val: 0x48484000
[inst #30] addi x29,x29,0
Register Write to Reg: 0x1D Val: 0x48484000
[inst #31] addi x3,x0,20
Register Write to Reg: 0x03 Val: 0x00000014
[inst #32] bne x30,x29,80
[inst #33] addi x1,x0,1
Register Write to Reg: 0x01 Val: 0x00000001
[inst #34] addi x2,x0,7
Register Write to Reg: 0x02 Val: 0x00000007
[inst #35] sll x1,x1,x2
Register Write to Reg: 0x01 Val: 0x00000080
[inst #36] addi x29,x0,128
Register Write to Reg: 0x1D Val: 0x00000080
[inst #37] addi x3,x0,22
Register Write to Reg: 0x03 Val: 0x00000016
[inst #38] bne x1,x29,56
[inst #39] addi x1,x0,1
Register Write to Reg: 0x01 Val: 0x00000001
[inst #40] addi x2,x0,14
Register Write to Reg: 0x02 Val: 0x0000000E
[inst #41] sll x2,x1,x2
Register Write to Reg: 0x02 Val: 0x00004000
[inst #42] lui x29,4
Register Write to Reg: 0x1D Val: 0x00004000
[inst #43] addi x29,x29,0
Register Write to Reg: 0x1D Val: 0x00004000
[inst #44] addi x3,x0,23
Register Write to Reg: 0x03 Val: 0x00000017
[inst #45] bne x2,x29,28
[inst #46] addi x1,x0,3
Register Write to Reg: 0x01 Val: 0x00000003
[inst #47] sll x1,x1,x1
Register Write to Reg: 0x01 Val: 0x00000018
[inst #48] addi x29,x0,24
Register Write to Reg: 0x1D Val: 0x00000018
[inst #49] addi x3,x0,24
Register Write to Reg: 0x03 Val: 0x00000018
[inst #50] bne x1,x29,8
[inst #51] bne x0,x3,16
[inst #52] addi x10,x0,42
Register Write to Reg: 0x0A Val: 0x0000002A
[inst #53] addi x17,x0,93
Register Write to Reg: 0x11 Val: 0x0000005D
[inst #54] ecall 

Program terminated by calling exit
