$version Generated by VerilatedVcd $end
$timescale 1ps $end
 $scope module TOP $end
  $scope module $unit $end
   $var wire 7 u R_TYPE [6:0] $end
   $var wire 7 v IMM_I_TYPE [6:0] $end
   $var wire 7 v ALU_R_I_TYPE [6:0] $end
   $var wire 7 w LD_I_TYPE [6:0] $end
   $var wire 7 w IMM_LD_I_TYPE [6:0] $end
   $var wire 7 x S_TYPE [6:0] $end
   $var wire 7 w LD_I_S_TYPE [6:0] $end
   $var wire 7 y B_TYPE [6:0] $end
   $var wire 7 z JAL_J_TYPE [6:0] $end
   $var wire 7 { JMP_I_TYPE [6:0] $end
   $var wire 7 { JMP_I_J_TYPE [6:0] $end
   $var wire 7 | U_TYPE [6:0] $end
   $var wire 7 } LUI_U_TYPE [6:0] $end
   $var wire 7 | AUIPC_U_TYPE [6:0] $end
   $var wire 7 ~ ENV_I_TYPE [6:0] $end
  $upscope $end
  $var wire 1 k clk_i $end
  $var wire 1 l rst_i $end
  $var wire 1 m imem_ld_i $end
  $var wire 10 n imem_ld_addr_i [9:0] $end
  $var wire 32 o imem_ld_data_i [31:0] $end
  $var wire 1 p halt_o $end
  $scope module risc_v $end
   $var wire 32 q AddressWidth [31:0] $end
   $var wire 32 r DataWidth [31:0] $end
   $var wire 1 k clk_i $end
   $var wire 1 l rst_i $end
   $var wire 1 m imem_ld_i $end
   $var wire 10 n imem_ld_addr_i [9:0] $end
   $var wire 32 o imem_ld_data_i [31:0] $end
   $var wire 1 p halt_o $end
   $var wire 4 # alu_op [3:0] $end
   $var wire 2 $ regf_wd_src [1:0] $end
   $var wire 1 % alu_src2_sel $end
   $var wire 1 & jal $end
   $var wire 1 ' jalr $end
   $var wire 1 ( branch $end
   $var wire 1 ) auipc $end
   $var wire 1 * env_instr $end
   $var wire 1 + regf_wr_en $end
   $var wire 1 , mem_wr_en $end
   $var wire 1 - pc_src_sel $end
   $var wire 32 . target_pc [31:0] $end
   $var wire 32 H pc [31:0] $end
   $var wire 32 I pc_plus4 [31:0] $end
   $var wire 32 / next_pc [31:0] $end
   $var wire 1 0 alu_flag $end
   $var wire 32 1 alu_src2 [31:0] $end
   $var wire 32 2 alu_result [31:0] $end
   $var wire 32 3 regf_rd_data [31:0] $end
   $var wire 32 4 regf_rs1_data [31:0] $end
   $var wire 32 5 regf_rs2_data [31:0] $end
   $var wire 32 6 uimm_type_data [31:0] $end
   $var wire 32 7 data_mem_r_data [31:0] $end
   $var wire 32 8 imm [31:0] $end
   $var wire 32 9 instr [31:0] $end
   $var wire 32 : ld_data [31:0] $end
   $var wire 10 ; imem_addr [9:0] $end
   $var wire 7 < op_code [6:0] $end
   $var wire 3 = funct3 [2:0] $end
   $var wire 1 > funct7_h20 $end
   $var wire 5 ? regf_rd_addr [4:0] $end
   $var wire 5 @ regf_rs1_addr [4:0] $end
   $var wire 5 A regf_rs2_addr [4:0] $end
   $scope module alu $end
    $var wire 32 r DataWidth [31:0] $end
    $var wire 32 4 src1_i [31:0] $end
    $var wire 32 1 src2_i [31:0] $end
    $var wire 4 # alu_op_i [3:0] $end
    $var wire 32 2 result_o [31:0] $end
   $upscope $end
   $scope module alu_src2_mux $end
    $var wire 32 r DataWidth [31:0] $end
    $var wire 1 % sel_i $end
    $var wire 32 5 in0_i [31:0] $end
    $var wire 32 8 in1_i [31:0] $end
    $var wire 32 1 out_o [31:0] $end
   $upscope $end
   $scope module control_unit $end
    $var wire 7 < op_code_i [6:0] $end
    $var wire 3 = funct3_i [2:0] $end
    $var wire 1 > fnc7_h20_i $end
    $var wire 1 & jal_o $end
    $var wire 1 ' jalr_o $end
    $var wire 1 ( branch_o $end
    $var wire 1 ) auipc_o $end
    $var wire 1 + regf_wr_en_o $end
    $var wire 1 , mem_wr_en_o $end
    $var wire 2 $ regf_wd_src_o [1:0] $end
    $var wire 1 % alu_src_o $end
    $var wire 4 # alu_op_o [3:0] $end
    $var wire 1 * env_instr_o $end
    $var wire 1 B fnc7_valid $end
   $upscope $end
   $scope module ctrl_flow_unit $end
    $var wire 32 r DataWidth [31:0] $end
    $var wire 1 & jal_i $end
    $var wire 1 ' jalr_i $end
    $var wire 1 ( branch_i $end
    $var wire 1 0 alu_flag_i $end
    $var wire 32 H pc_i [31:0] $end
    $var wire 32 4 rs1_data_i [31:0] $end
    $var wire 32 8 addr_offset_i [31:0] $end
    $var wire 1 - pc_src_sel_o $end
    $var wire 32 . pc_target_o [31:0] $end
    $var wire 32 C base_addr [31:0] $end
    $var wire 32 . pc_plus_offset [31:0] $end
   $upscope $end
   $scope module dmem $end
    $var wire 32 q AddressWidth [31:0] $end
    $var wire 32 r DataWidth [31:0] $end
    $var wire 1 k clk_i $end
    $var wire 1 , wr_en_i $end
    $var wire 10 D addr_i [9:0] $end
    $var wire 32 5 wr_data_i [31:0] $end
    $var wire 32 7 r_data_o [31:0] $end
   $upscope $end
   $scope module imem $end
    $var wire 32 q AddressWidth [31:0] $end
    $var wire 32 r DataWidth [31:0] $end
    $var wire 1 k clk_i $end
    $var wire 1 m wr_en_i $end
    $var wire 10 ; addr_i [9:0] $end
    $var wire 32 o wr_data_i [31:0] $end
    $var wire 32 9 r_data_o [31:0] $end
   $upscope $end
   $scope module imm_extension_unit $end
    $var wire 32 9 instr_i [31:0] $end
    $var wire 32 8 imm_o [31:0] $end
    $var wire 7 < op_code [6:0] $end
   $upscope $end
   $scope module ld_data_ext $end
    $var wire 3 = funct3_i [2:0] $end
    $var wire 2 E offset_i [1:0] $end
    $var wire 32 7 data_i [31:0] $end
    $var wire 32 : data_o [31:0] $end
    $var wire 8 F byte_sel [7:0] $end
    $var wire 16 G halfword_sel [15:0] $end
   $upscope $end
   $scope module pc_adder $end
    $var wire 32 r DataWidth [31:0] $end
    $var wire 32 H a_i [31:0] $end
    $var wire 32 s b_i [31:0] $end
    $var wire 32 I y_o [31:0] $end
   $upscope $end
   $scope module pc_mux $end
    $var wire 32 r DataWidth [31:0] $end
    $var wire 1 - sel_i $end
    $var wire 32 I in0_i [31:0] $end
    $var wire 32 . in1_i [31:0] $end
    $var wire 32 / out_o [31:0] $end
   $upscope $end
   $scope module pc_reg $end
    $var wire 32 r DataWidth [31:0] $end
    $var wire 1 l rst_i $end
    $var wire 1 k clk_i $end
    $var wire 1 p halt_i $end
    $var wire 32 / d_i [31:0] $end
    $var wire 32 H q_o [31:0] $end
   $upscope $end
   $scope module regf_wr_data_mux $end
    $var wire 32 r DataWidth [31:0] $end
    $var wire 2 $ sel_i [1:0] $end
    $var wire 32 2 in0_i [31:0] $end
    $var wire 32 : in1_i [31:0] $end
    $var wire 32 I in2_i [31:0] $end
    $var wire 32 6 in3_i [31:0] $end
    $var wire 32 3 out_o [31:0] $end
   $upscope $end
   $scope module regfile $end
    $var wire 32 r NumRegs [31:0] $end
    $var wire 32 r DataWidth [31:0] $end
    $var wire 32 t AddressWidth [31:0] $end
    $var wire 1 k clk_i $end
    $var wire 1 l rst_i $end
    $var wire 1 + wr_en_i $end
    $var wire 5 ? rd_addr_i [4:0] $end
    $var wire 5 @ rs1_addr_i [4:0] $end
    $var wire 5 A rs2_addr_i [4:0] $end
    $var wire 32 3 rd_data_i [31:0] $end
    $var wire 32 4 rs1_data_o [31:0] $end
    $var wire 32 5 rs2_data_o [31:0] $end
    $var wire 32 J i [31:0] $end
    $var wire 32 K register_file[0] [31:0] $end
    $var wire 32 L register_file[1] [31:0] $end
    $var wire 32 M register_file[2] [31:0] $end
    $var wire 32 N register_file[3] [31:0] $end
    $var wire 32 O register_file[4] [31:0] $end
    $var wire 32 P register_file[5] [31:0] $end
    $var wire 32 Q register_file[6] [31:0] $end
    $var wire 32 R register_file[7] [31:0] $end
    $var wire 32 S register_file[8] [31:0] $end
    $var wire 32 T register_file[9] [31:0] $end
    $var wire 32 U register_file[10] [31:0] $end
    $var wire 32 V register_file[11] [31:0] $end
    $var wire 32 W register_file[12] [31:0] $end
    $var wire 32 X register_file[13] [31:0] $end
    $var wire 32 Y register_file[14] [31:0] $end
    $var wire 32 Z register_file[15] [31:0] $end
    $var wire 32 [ register_file[16] [31:0] $end
    $var wire 32 \ register_file[17] [31:0] $end
    $var wire 32 ] register_file[18] [31:0] $end
    $var wire 32 ^ register_file[19] [31:0] $end
    $var wire 32 _ register_file[20] [31:0] $end
    $var wire 32 ` register_file[21] [31:0] $end
    $var wire 32 a register_file[22] [31:0] $end
    $var wire 32 b register_file[23] [31:0] $end
    $var wire 32 c register_file[24] [31:0] $end
    $var wire 32 d register_file[25] [31:0] $end
    $var wire 32 e register_file[26] [31:0] $end
    $var wire 32 f register_file[27] [31:0] $end
    $var wire 32 g register_file[28] [31:0] $end
    $var wire 32 h register_file[29] [31:0] $end
    $var wire 32 i register_file[30] [31:0] $end
    $var wire 32 j register_file[31] [31:0] $end
   $upscope $end
   $scope module utype_rd_data_mux $end
    $var wire 32 r DataWidth [31:0] $end
    $var wire 1 ) sel_i $end
    $var wire 32 8 in0_i [31:0] $end
    $var wire 32 . in1_i [31:0] $end
    $var wire 32 6 out_o [31:0] $end
   $upscope $end
  $upscope $end
 $upscope $end
$enddefinitions $end


#0
b0000 #
b11 $
0%
0&
0'
0(
0)
0*
1+
0,
0-
b00100001001000010010000000000000 .
b00000000000000000000000000000100 /
00
b00000000000000000000000000000000 1
b00000000000000000000000000000000 2
b00100001001000010010000000000000 3
b00000000000000000000000000000000 4
b00000000000000000000000000000000 5
b00100001001000010010000000000000 6
b00000000000000000000000000000000 7
b00100001001000010010000000000000 8
b00100001001000010010000010110111 9
b00000000000000000000000000000000 :
b0000000000 ;
b0110111 <
b010 =
0>
b00001 ?
b00010 @
b10010 A
0B
b00000000000000000000000000000000 C
b0000000000 D
b00 E
b00000000 F
b0000000000000000 G
b00000000000000000000000000000000 H
b00000000000000000000000000000100 I
b00000000000000000000000000100000 J
b00000000000000000000000000000000 K
b00000000000000000000000000000000 L
b00000000000000000000000000000000 M
b00000000000000000000000000000000 N
b00000000000000000000000000000000 O
b00000000000000000000000000000000 P
b00000000000000000000000000000000 Q
b00000000000000000000000000000000 R
b00000000000000000000000000000000 S
b00000000000000000000000000000000 T
b00000000000000000000000000000000 U
b00000000000000000000000000000000 V
b00000000000000000000000000000000 W
b00000000000000000000000000000000 X
b00000000000000000000000000000000 Y
b00000000000000000000000000000000 Z
b00000000000000000000000000000000 [
b00000000000000000000000000000000 \
b00000000000000000000000000000000 ]
b00000000000000000000000000000000 ^
b00000000000000000000000000000000 _
b00000000000000000000000000000000 `
b00000000000000000000000000000000 a
b00000000000000000000000000000000 b
b00000000000000000000000000000000 c
b00000000000000000000000000000000 d
b00000000000000000000000000000000 e
b00000000000000000000000000000000 f
b00000000000000000000000000000000 g
b00000000000000000000000000000000 h
b00000000000000000000000000000000 i
b00000000000000000000000000000000 j
0k
0l
0m
b0000111000 n
b00000000000000000000000001110011 o
0p
b00000000000000000000000000001010 q
b00000000000000000000000000100000 r
b00000000000000000000000000000100 s
b00000000000000000000000000000101 t
b0110011 u
b0010011 v
b0000011 w
b0100011 x
b1100011 y
b1101111 z
b1100111 {
b0010111 |
b0110111 }
b1110011 ~
#1
b00 $
1%
b00000000000000000000000100100101 .
b00000000000000000000000000001000 /
10
b00000000000000000000000100100001 1
b00100001001000010010000100100001 2
b00100001001000010010000100100001 3
b00100001001000010010000000000000 4
b00100001001000010010000000000000 5
b00000000000000000000000100100001 6
b00000000000000000000000100100001 8
b00010010000100001000000010010011 9
b0000000001 ;
b0010011 <
b000 =
b00001 @
b00001 A
b00000000000000000000000000000100 C
b0001001000 D
b01 E
b00000000000000000000000000000100 H
b00000000000000000000000000001000 I
b00100001001000010010000000000000 L
1k
#2
0k
#3
b11111111111111111111111111001000 .
b00000000000000000000000000001100 /
00
b11111111111111111111111111000000 1
b11111111111111111111111111000000 2
b11111111111111111111111111000000 3
b00000000000000000000000000000000 4
b00000000000000000000000000000000 5
b11111111111111111111111111000000 6
b11111111111111111111111111000000 8
b11111100000000000000000100010011 9
b0000000010 ;
1>
b00010 ?
b00000 @
b00000 A
b00000000000000000000000000001000 C
b1111110000 D
b00 E
b00000000000000000000000000001000 H
b00000000000000000000000000001100 I
b00100001001000010010000100100001 L
1k
#4
0k
#5
b0101 #
0%
b00000000000000000000000000001100 .
b00000000000000000000000000010000 /
10
b00100001001000010010000100100001 2
b00100001001000010010000100100001 3
b00100001001000010010000100100001 4
b11111111111111111111111111000000 5
b00000000000000000000000000000000 6
b00000000000000000000000000000000 8
b00000000001000001001111100110011 9
b0000000011 ;
b0110011 <
b001 =
0>
b11110 ?
b00001 @
b00010 A
b00000000000000000000000000001100 C
b0001001000 D
b01 E
b00000000000000000000000000001100 H
b00000000000000000000000000010000 I
b11111111111111111111111111000000 M
1k
#6
0k
#7
b0000 #
b11 $
b00100001001000010010000000010000 .
b00000000000000000000000000010100 /
00
b00000000000000000000000000000000 1
b11111111111111111111111111000000 2
b00100001001000010010000000000000 3
b11111111111111111111111111000000 4
b00000000000000000000000000000000 5
b00100001001000010010000000000000 6
b00100001001000010010000000000000 8
b00100001001000010010111010110111 9
b0000000100 ;
b0110111 <
b010 =
b11101 ?
b00010 @
b10010 A
b00000000000000000000000000010000 C
b1111110000 D
b00 E
b00000000000000000000000000010000 H
b00000000000000000000000000010100 I
b00100001001000010010000100100001 i
1k
#8
0k
#9
b00 $
1%
b00000000000000000000000100110101 .
b00000000000000000000000000011000 /
10
b00000000000000000000000100100001 1
b00100001001000010010000100100001 2
b00100001001000010010000100100001 3
b00100001001000010010000000000000 4
b00100001001000010010000100100001 5
b00000000000000000000000100100001 6
b00000000000000000000000100100001 8
b00010010000111101000111010010011 9
b0000000101 ;
b0010011 <
b000 =
b11101 @
b00001 A
b00000000000000000000000000010100 C
b0001001000 D
b01 E
b00000000000000000000000000010100 H
b00000000000000000000000000011000 I
b00100001001000010010000000000000 h
1k
#10
0k
#11
b00000000000000000000000000101001 .
b00000000000000000000000000011100 /
b00000000000000000000000000010001 1
b00000000000000000000000000010001 2
b00000000000000000000000000010001 3
b00000000000000000000000000000000 4
b00000000000000000000000000000000 5
b00000000000000000000000000010001 6
b00000000000000000000000000010001 8
b00000001000100000000000110010011 9
b0000000110 ;
b00011 ?
b00000 @
b10001 A
b00000000000000000000000000011000 C
b0000000100 D
b00000000000000000000000000011000 H
b00000000000000000000000000011100 I
b00100001001000010010000100100001 h
1k
#12
0k
#13
b1011 #
0%
1(
0+
b00000000000000000000000011001100 .
b00000000000000000000000000100000 /
00
b00100001001000010010000100100001 1
b00000000000000000000000000000000 2
b00000000000000000000000000000000 3
b00100001001000010010000100100001 4
b00100001001000010010000100100001 5
b00000000000000000000000010110000 6
b00000000000000000000000010110000 8
b00001011110111110001100001100011 9
b0000000111 ;
b1100011 <
b001 =
b10000 ?
b11110 @
b11101 A
b00000000000000000000000000011100 C
b0000000000 D
b00 E
b00000000000000000000000000011100 H
b00000000000000000000000000100000 I
b00000000000000000000000000010001 N
1k
#14
0k
#15
b0000 #
b11 $
0(
1+
b00100001001000010010000000100000 .
b00000000000000000000000000100100 /
b00000000000000000000000000000000 1
b11111111111111111111111111000000 2
b00100001001000010010000000000000 3
b11111111111111111111111111000000 4
b00000000000000000000000000000000 5
b00100001001000010010000000000000 6
b00100001001000010010000000000000 8
b00100001001000010010000010110111 9
b0000001000 ;
b0110111 <
b010 =
b00001 ?
b00010 @
b10010 A
b00000000000000000000000000100000 C
b1111110000 D
b00000000000000000000000000100000 H
b00000000000000000000000000100100 I
1k
#16
0k
#17
b00 $
1%
b00000000000000000000000101000101 .
b00000000000000000000000000101000 /
10
b00000000000000000000000100100001 1
b00100001001000010010000100100001 2
b00100001001000010010000100100001 3
b00100001001000010010000000000000 4
b00100001001000010010000000000000 5
b00000000000000000000000100100001 6
b00000000000000000000000100100001 8
b00010010000100001000000010010011 9
b0000001001 ;
b0010011 <
b000 =
b00001 @
b00001 A
b00000000000000000000000000100100 C
b0001001000 D
b01 E
b00000000000000000000000000100100 H
b00000000000000000000000000101000 I
b00100001001000010010000000000000 L
1k
#18
0k
#19
b11111111111111111111111111101001 .
b00000000000000000000000000101100 /
b11111111111111111111111111000001 1
b11111111111111111111111111000001 2
b11111111111111111111111111000001 3
b00000000000000000000000000000000 4
b00100001001000010010000100100001 5
b11111111111111111111111111000001 6
b11111111111111111111111111000001 8
b11111100000100000000000100010011 9
b0000001010 ;
1>
b00010 ?
b00000 @
b00000000000000000000000000101000 C
b1111110000 D
b00000000000000000000000000101000 H
b00000000000000000000000000101100 I
b00100001001000010010000100100001 L
1k
#20
0k
#21
b0101 #
0%
b00000000000000000000000000101100 .
b00000000000000000000000000110000 /
00
b01000010010000100100001001000010 2
b01000010010000100100001001000010 3
b00100001001000010010000100100001 4
b11111111111111111111111111000001 5
b00000000000000000000000000000000 6
b00000000000000000000000000000000 8
b00000000001000001001111100110011 9
b0000001011 ;
b0110011 <
b001 =
0>
b11110 ?
b00001 @
b00010 A
b00000000000000000000000000101100 C
b0010010000 D
b10 E
b00000000000000000000000000101100 H
b00000000000000000000000000110000 I
b11111111111111111111111111000001 M
1k
#22
0k
#23
b0000 #
b11 $
b01000010010000100100000000110000 .
b00000000000000000000000000110100 /
b00000000000000000000000000000000 1
b00000000000000000000000000000000 2
b01000010010000100100000000000000 3
b00000000000000000000000000000000 4
b00000000000000000000000000000000 5
b01000010010000100100000000000000 6
b01000010010000100100000000000000 8
b01000010010000100100111010110111 9
b0000001100 ;
b0110111 <
b100 =
1>
b11101 ?
b00100 @
b00100 A
b00000000000000000000000000110000 C
b0000000000 D
b00 E
b00000000000000000000000000110000 H
b00000000000000000000000000110100 I
b01000010010000100100001001000010 i
1k
#24
0k
#25
b00 $
1%
b00000000000000000000001001110110 .
b00000000000000000000000000111000 /
b00000000000000000000001001000010 1
b01000010010000100100001001000010 2
b01000010010000100100001001000010 3
b01000010010000100100000000000000 4
b11111111111111111111111111000001 5
b00000000000000000000001001000010 6
b00000000000000000000001001000010 8
b00100100001011101000111010010011 9
b0000001101 ;
b0010011 <
b000 =
0>
b11101 @
b00010 A
b00000000000000000000000000110100 C
b0010010000 D
b10 E
b00000000000000000000000000110100 H
b00000000000000000000000000111000 I
b01000010010000100100000000000000 h
1k
#26
0k
#27
b00000000000000000000000001001010 .
b00000000000000000000000000111100 /
b00000000000000000000000000010010 1
b00000000000000000000000000010010 2
b00000000000000000000000000010010 3
b00000000000000000000000000000000 4
b00000000000000000000000000000000 5
b00000000000000000000000000010010 6
b00000000000000000000000000010010 8
b00000001001000000000000110010011 9
b0000001110 ;
b00011 ?
b00000 @
b10010 A
b00000000000000000000000000111000 C
b0000000100 D
b00000000000000000000000000111000 H
b00000000000000000000000000111100 I
b01000010010000100100001001000010 h
1k
#28
0k
#29
b1011 #
0%
1(
0+
b00000000000000000000000011001100 .
b00000000000000000000000001000000 /
b01000010010000100100001001000010 1
b00000000000000000000000000000000 2
b00000000000000000000000000000000 3
b01000010010000100100001001000010 4
b01000010010000100100001001000010 5
b00000000000000000000000010010000 6
b00000000000000000000000010010000 8
b00001001110111110001100001100011 9
b0000001111 ;
b1100011 <
b001 =
b10000 ?
b11110 @
b11101 A
b00000000000000000000000000111100 C
b0000000000 D
b00 E
b00000000000000000000000000111100 H
b00000000000000000000000001000000 I
b00000000000000000000000000010010 N
1k
#30
0k
#31
b0000 #
b11 $
0(
1+
b00100001001000010010000001000000 .
b00000000000000000000000001000100 /
10
b00000000000000000000000000000000 1
b11111111111111111111111111000001 2
b00100001001000010010000000000000 3
b11111111111111111111111111000001 4
b00000000000000000000000000000000 5
b00100001001000010010000000000000 6
b00100001001000010010000000000000 8
b00100001001000010010000010110111 9
b0000010000 ;
b0110111 <
b010 =
b00001 ?
b00010 @
b10010 A
b00000000000000000000000001000000 C
b1111110000 D
b01 E
b00000000000000000000000001000000 H
b00000000000000000000000001000100 I
1k
#32
0k
#33
b00 $
1%
b00000000000000000000000101100101 .
b00000000000000000000000001001000 /
b00000000000000000000000100100001 1
b00100001001000010010000100100001 2
b00100001001000010010000100100001 3
b00100001001000010010000000000000 4
b00100001001000010010000000000000 5
b00000000000000000000000100100001 6
b00000000000000000000000100100001 8
b00010010000100001000000010010011 9
b0000010001 ;
b0010011 <
b000 =
b00001 @
b00001 A
b00000000000000000000000001000100 C
b0001001000 D
b00000000000000000000000001000100 H
b00000000000000000000000001001000 I
b00100001001000010010000000000000 L
1k
#34
0k
#35
b00000000000000000000000000001111 .
b00000000000000000000000001001100 /
b11111111111111111111111111000111 1
b11111111111111111111111111000111 2
b11111111111111111111111111000111 3
b00000000000000000000000000000000 4
b00000000000000000000000000000000 5
b11111111111111111111111111000111 6
b11111111111111111111111111000111 8
b11111100011100000000000100010011 9
b0000010010 ;
1>
b00010 ?
b00000 @
b00111 A
b00000000000000000000000001001000 C
b1111110001 D
b11 E
b00000000000000000000000001001000 H
b00000000000000000000000001001100 I
b00100001001000010010000100100001 L
1k
#36
0k
#37
b0101 #
0%
b00000000000000000000000001001100 .
b00000000000000000000000001010000 /
00
b10010000100100001001000010000000 2
b10010000100100001001000010000000 3
b00100001001000010010000100100001 4
b11111111111111111111111111000111 5
b00000000000000000000000000000000 6
b00000000000000000000000000000000 8
b00000000001000001001111100110011 9
b0000010011 ;
b0110011 <
b001 =
0>
b11110 ?
b00001 @
b00010 A
b00000000000000000000000001001100 C
b0000100000 D
b00 E
b00000000000000000000000001001100 H
b00000000000000000000000001010000 I
b11111111111111111111111111000111 M
1k
#38
0k
#39
b0000 #
b11 $
b10010000100100001001000001010000 .
b00000000000000000000000001010100 /
10
b00000000000000000000000000000000 1
b00100001001000010010000100100001 2
b10010000100100001001000000000000 3
b00000000000000000000000000000000 5
b10010000100100001001000000000000 6
b10010000100100001001000000000000 8
b10010000100100001001111010110111 9
b0000010100 ;
b0110111 <
b11101 ?
b01001 A
b00000000000000000000000001010000 C
b0001001000 D
b01 E
b00000000000000000000000001010000 H
b00000000000000000000000001010100 I
b10010000100100001001000010000000 i
1k
#40
0k
#41
b00 $
1%
b00000000000000000000000011010100 .
b00000000000000000000000001011000 /
00
b00000000000000000000000010000000 1
b10010000100100001001000010000000 2
b10010000100100001001000010000000 3
b10010000100100001001000000000000 4
b00000000000000000000000010000000 6
b00000000000000000000000010000000 8
b00001000000011101000111010010011 9
b0000010101 ;
b0010011 <
b000 =
b11101 @
b00000 A
b00000000000000000000000001010100 C
b0000100000 D
b00 E
b00000000000000000000000001010100 H
b00000000000000000000000001011000 I
b10010000100100001001000000000000 h
1k
#42
0k
#43
b00000000000000000000000001101011 .
b00000000000000000000000001011100 /
10
b00000000000000000000000000010011 1
b00000000000000000000000000010011 2
b00000000000000000000000000010011 3
b00000000000000000000000000000000 4
b00000000000000000000000000010011 6
b00000000000000000000000000010011 8
b00000001001100000000000110010011 9
b0000010110 ;
b00011 ?
b00000 @
b10011 A
b00000000000000000000000001011000 C
b0000000100 D
b11 E
b00000000000000000000000001011000 H
b00000000000000000000000001011100 I
b10010000100100001001000010000000 h
1k
#44
0k
#45
b1011 #
0%
1(
0+
b00000000000000000000000011001100 .
b00000000000000000000000001100000 /
00
b10010000100100001001000010000000 1
b00000000000000000000000000000000 2
b00000000000000000000000000000000 3
b10010000100100001001000010000000 4
b10010000100100001001000010000000 5
b00000000000000000000000001110000 6
b00000000000000000000000001110000 8
b00000111110111110001100001100011 9
b0000010111 ;
b1100011 <
b001 =
b10000 ?
b11110 @
b11101 A
b00000000000000000000000001011100 C
b0000000000 D
b00 E
b00000000000000000000000001011100 H
b00000000000000000000000001100000 I
b00000000000000000000000000010011 N
1k
#46
0k
#47
b0000 #
b11 $
0(
1+
b00100001001000010010000001100000 .
b00000000000000000000000001100100 /
10
b00000000000000000000000000000000 1
b11111111111111111111111111000111 2
b00100001001000010010000000000000 3
b11111111111111111111111111000111 4
b00000000000000000000000000000000 5
b00100001001000010010000000000000 6
b00100001001000010010000000000000 8
b00100001001000010010000010110111 9
b0000011000 ;
b0110111 <
b010 =
b00001 ?
b00010 @
b10010 A
b00000000000000000000000001100000 C
b1111110001 D
b11 E
b00000000000000000000000001100000 H
b00000000000000000000000001100100 I
1k
#48
0k
#49
b00 $
1%
b00000000000000000000000110000101 .
b00000000000000000000000001101000 /
b00000000000000000000000100100001 1
b00100001001000010010000100100001 2
b00100001001000010010000100100001 3
b00100001001000010010000000000000 4
b00100001001000010010000000000000 5
b00000000000000000000000100100001 6
b00000000000000000000000100100001 8
b00010010000100001000000010010011 9
b0000011001 ;
b0010011 <
b000 =
b00001 @
b00001 A
b00000000000000000000000001100100 C
b0001001000 D
b01 E
b00000000000000000000000001100100 H
b00000000000000000000000001101000 I
b00100001001000010010000000000000 L
1k
#50
0k
#51
b00000000000000000000000000110110 .
b00000000000000000000000001101100 /
00
b11111111111111111111111111001110 1
b11111111111111111111111111001110 2
b11111111111111111111111111001110 3
b00000000000000000000000000000000 4
b00000000000000000000000000000000 5
b11111111111111111111111111001110 6
b11111111111111111111111111001110 8
b11111100111000000000000100010011 9
b0000011010 ;
1>
b00010 ?
b00000 @
b01110 A
b00000000000000000000000001101000 C
b1111110011 D
b10 E
b00000000000000000000000001101000 H
b00000000000000000000000001101100 I
b00100001001000010010000100100001 L
1k
#52
0k
#53
b0101 #
0%
b00000000000000000000000001101100 .
b00000000000000000000000001110000 /
b01001000010010000100000000000000 2
b01001000010010000100000000000000 3
b00100001001000010010000100100001 4
b11111111111111111111111111001110 5
b00000000000000000000000000000000 6
b00000000000000000000000000000000 8
b00000000001000001001111100110011 9
b0000011011 ;
b0110011 <
b001 =
0>
b11110 ?
b00001 @
b00010 A
b00000000000000000000000001101100 C
b0000000000 D
b00 E
b00000000000000000000000001101100 H
b00000000000000000000000001110000 I
b11111111111111111111111111001110 M
1k
#54
0k
#55
b0000 #
b11 $
b01001000010010000100000001110000 .
b00000000000000000000000001110100 /
b00000000000000000000000000000000 1
b00000000000000000000000000000000 2
b00000000000000000000000000000000 4
b00000000000000000000000000000000 5
b01001000010010000100000000000000 6
b01001000010010000100000000000000 8
b01001000010010000100111010110111 9
b0000011100 ;
b0110111 <
b100 =
1>
b11101 ?
b10000 @
b00100 A
b00000000000000000000000001110000 C
b00000000000000000000000001110000 H
b00000000000000000000000001110100 I
b01001000010010000100000000000000 i
1k
#56
0k
#57
b00 $
1%
b00000000000000000000000001110100 .
b00000000000000000000000001111000 /
b01001000010010000100000000000000 2
b01001000010010000100000000000000 4
b00000000000000000000000000000000 6
b00000000000000000000000000000000 8
b00000000000011101000111010010011 9
b0000011101 ;
b0010011 <
b000 =
0>
b11101 @
b00000 A
b00000000000000000000000001110100 C
b00000000000000000000000001110100 H
b00000000000000000000000001111000 I
b01001000010010000100000000000000 h
1k
#58
0k
#59
b00000000000000000000000010001100 .
b00000000000000000000000001111100 /
b00000000000000000000000000010100 1
b00000000000000000000000000010100 2
b00000000000000000000000000010100 3
b00000000000000000000000000000000 4
b00000000000000000000000000010100 6
b00000000000000000000000000010100 8
b00000001010000000000000110010011 9
b0000011110 ;
b00011 ?
b00000 @
b10100 A
b00000000000000000000000001111000 C
b0000000101 D
b00000000000000000000000001111000 H
b00000000000000000000000001111100 I
1k
#60
0k
#61
b1011 #
0%
1(
0+
b00000000000000000000000011001100 .
b00000000000000000000000010000000 /
b01001000010010000100000000000000 1
b00000000000000000000000000000000 2
b00000000000000000000000000000000 3
b01001000010010000100000000000000 4
b01001000010010000100000000000000 5
b00000000000000000000000001010000 6
b00000000000000000000000001010000 8
b00000101110111110001100001100011 9
b0000011111 ;
b1100011 <
b001 =
b10000 ?
b11110 @
b11101 A
b00000000000000000000000001111100 C
b0000000000 D
b00000000000000000000000001111100 H
b00000000000000000000000010000000 I
b00000000000000000000000000010100 N
1k
#62
0k
#63
b0000 #
1%
0(
1+
b00000000000000000000000010000001 .
b00000000000000000000000010000100 /
10
b00000000000000000000000000000001 1
b00000000000000000000000000000001 2
b00000000000000000000000000000001 3
b00000000000000000000000000000000 4
b00100001001000010010000100100001 5
b00000000000000000000000000000001 6
b00000000000000000000000000000001 8
b00000000000100000000000010010011 9
b0000100000 ;
b0010011 <
b000 =
b00001 ?
b00000 @
b00001 A
b00000000000000000000000010000000 C
b01 E
b00000000000000000000000010000000 H
b00000000000000000000000010000100 I
1k
#64
0k
#65
b00000000000000000000000010001011 .
b00000000000000000000000010001000 /
b00000000000000000000000000000111 1
b00000000000000000000000000000111 2
b00000000000000000000000000000111 3
b00000000000000000000000000000000 5
b00000000000000000000000000000111 6
b00000000000000000000000000000111 8
b00000000011100000000000100010011 9
b0000100001 ;
b00010 ?
b00111 A
b00000000000000000000000010000100 C
b0000000001 D
b11 E
b00000000000000000000000010000100 H
b00000000000000000000000010001000 I
b00000000000000000000000000000001 L
1k
#66
0k
#67
b0101 #
0%
b00000000000000000000000010001000 .
b00000000000000000000000010001100 /
00
b00000000000000000000000010000000 2
b00000000000000000000000010000000 3
b00000000000000000000000000000001 4
b00000000000000000000000000000111 5
b00000000000000000000000000000000 6
b00000000000000000000000000000000 8
b00000000001000001001000010110011 9
b0000100010 ;
b0110011 <
b001 =
b00001 ?
b00001 @
b00010 A
b00000000000000000000000010001000 C
b0000100000 D
b00 E
b00000000000000000000000010001000 H
b00000000000000000000000010001100 I
b00000000000000000000000000000111 M
1k
#68
0k
#69
b0000 #
1%
b00000000000000000000000100001100 .
b00000000000000000000000010010000 /
b00000000000000000000000010000000 1
b00000000000000000000000000000000 4
b00000000000000000000000000000000 5
b00000000000000000000000010000000 6
b00000000000000000000000010000000 8
b00001000000000000000111010010011 9
b0000100011 ;
b0010011 <
b000 =
b11101 ?
b00000 @
b00000 A
b00000000000000000000000010001100 C
b00000000000000000000000010001100 H
b00000000000000000000000010010000 I
b00000000000000000000000010000000 L
1k
#70
0k
#71
b00000000000000000000000010100110 .
b00000000000000000000000010010100 /
b00000000000000000000000000010110 1
b00000000000000000000000000010110 2
b00000000000000000000000000010110 3
b00000000000000000000000000010110 6
b00000000000000000000000000010110 8
b00000001011000000000000110010011 9
b0000100100 ;
b00011 ?
b10110 A
b00000000000000000000000010010000 C
b0000000101 D
b10 E
b00000000000000000000000010010000 H
b00000000000000000000000010010100 I
b00000000000000000000000010000000 h
1k
#72
0k
#73
b1011 #
0%
1(
0+
b00000000000000000000000011001100 .
b00000000000000000000000010011000 /
b00000000000000000000000010000000 1
b00000000000000000000000000000000 2
b00000000000000000000000000000000 3
b00000000000000000000000010000000 4
b00000000000000000000000010000000 5
b00000000000000000000000000111000 6
b00000000000000000000000000111000 8
b00000011110100001001110001100011 9
b0000100101 ;
b1100011 <
b001 =
b11000 ?
b00001 @
b11101 A
b00000000000000000000000010010100 C
b0000000000 D
b00 E
b00000000000000000000000010010100 H
b00000000000000000000000010011000 I
b00000000000000000000000000010110 N
1k
#74
0k
#75
b0000 #
1%
0(
1+
b00000000000000000000000010011001 .
b00000000000000000000000010011100 /
10
b00000000000000000000000000000001 1
b00000000000000000000000000000001 2
b00000000000000000000000000000001 3
b00000000000000000000000000000000 4
b00000000000000000000000000000001 6
b00000000000000000000000000000001 8
b00000000000100000000000010010011 9
b0000100110 ;
b0010011 <
b000 =
b00001 ?
b00000 @
b00001 A
b00000000000000000000000010011000 C
b01 E
b00000000000000000000000010011000 H
b00000000000000000000000010011100 I
1k
#76
0k
#77
b00000000000000000000000010101010 .
b00000000000000000000000010100000 /
00
b00000000000000000000000000001110 1
b00000000000000000000000000001110 2
b00000000000000000000000000001110 3
b00000000000000000000000000000000 5
b00000000000000000000000000001110 6
b00000000000000000000000000001110 8
b00000000111000000000000100010011 9
b0000100111 ;
b00010 ?
b01110 A
b00000000000000000000000010011100 C
b0000000011 D
b10 E
b00000000000000000000000010011100 H
b00000000000000000000000010100000 I
b00000000000000000000000000000001 L
1k
#78
0k
#79
b0101 #
0%
b00000000000000000000000010100000 .
b00000000000000000000000010100100 /
b00000000000000000100000000000000 2
b00000000000000000100000000000000 3
b00000000000000000000000000000001 4
b00000000000000000000000000001110 5
b00000000000000000000000000000000 6
b00000000000000000000000000000000 8
b00000000001000001001000100110011 9
b0000101000 ;
b0110011 <
b001 =
b00001 @
b00010 A
b00000000000000000000000010100000 C
b0000000000 D
b00 E
b00000000000000000000000010100000 H
b00000000000000000000000010100100 I
b00000000000000000000000000001110 M
1k
#80
0k
#81
b0000 #
b11 $
b00000000000000000100000010100100 .
b00000000000000000000000010101000 /
b00000000000000000000000000000000 1
b00000000000000000000000000000000 2
b00000000000000000000000000000000 4
b00000000000000000000000000000000 5
b00000000000000000100000000000000 6
b00000000000000000100000000000000 8
b00000000000000000100111010110111 9
b0000101001 ;
b0110111 <
b100 =
b11101 ?
b00000 @
b00000 A
b00000000000000000000000010100100 C
b00000000000000000000000010100100 H
b00000000000000000000000010101000 I
b00000000000000000100000000000000 M
1k
#82
0k
#83
b00 $
1%
b00000000000000000000000010101000 .
b00000000000000000000000010101100 /
b00000000000000000100000000000000 2
b00000000000000000100000000000000 4
b00000000000000000000000000000000 6
b00000000000000000000000000000000 8
b00000000000011101000111010010011 9
b0000101010 ;
b0010011 <
b000 =
b11101 @
b00000000000000000000000010101000 C
b00000000000000000000000010101000 H
b00000000000000000000000010101100 I
b00000000000000000100000000000000 h
1k
#84
0k
#85
b00000000000000000000000011000011 .
b00000000000000000000000010110000 /
10
b00000000000000000000000000010111 1
b00000000000000000000000000010111 2
b00000000000000000000000000010111 3
b00000000000000000000000000000000 4
b00000000000000000000000000010111 6
b00000000000000000000000000010111 8
b00000001011100000000000110010011 9
b0000101011 ;
b00011 ?
b00000 @
b10111 A
b00000000000000000000000010101100 C
b0000000101 D
b11 E
b00000000000000000000000010101100 H
b00000000000000000000000010110000 I
1k
#86
0k
#87
b1011 #
0%
1(
0+
b00000000000000000000000011001100 .
b00000000000000000000000010110100 /
00
b00000000000000000100000000000000 1
b00000000000000000000000000000000 2
b00000000000000000000000000000000 3
b00000000000000000100000000000000 4
b00000000000000000100000000000000 5
b00000000000000000000000000011100 6
b00000000000000000000000000011100 8
b00000001110100010001111001100011 9
b0000101100 ;
b1100011 <
b001 =
b11100 ?
b00010 @
b11101 A
b00000000000000000000000010110000 C
b0000000000 D
b00 E
b00000000000000000000000010110000 H
b00000000000000000000000010110100 I
b00000000000000000000000000010111 N
1k
#88
0k
#89
b0000 #
1%
0(
1+
b00000000000000000000000010110111 .
b00000000000000000000000010111000 /
10
b00000000000000000000000000000011 1
b00000000000000000000000000000011 2
b00000000000000000000000000000011 3
b00000000000000000000000000000000 4
b00000000000000000000000000010111 5
b00000000000000000000000000000011 6
b00000000000000000000000000000011 8
b00000000001100000000000010010011 9
b0000101101 ;
b0010011 <
b000 =
b00001 ?
b00000 @
b00011 A
b00000000000000000000000010110100 C
b11 E
b00000000000000000000000010110100 H
b00000000000000000000000010111000 I
1k
#90
0k
#91
b0101 #
0%
b00000000000000000000000010111000 .
b00000000000000000000000010111100 /
00
b00000000000000000000000000011000 2
b00000000000000000000000000011000 3
b00000000000000000000000000000011 4
b00000000000000000000000000000011 5
b00000000000000000000000000000000 6
b00000000000000000000000000000000 8
b00000000000100001001000010110011 9
b0000101110 ;
b0110011 <
b001 =
b00001 @
b00001 A
b00000000000000000000000010111000 C
b0000000110 D
b00 E
b00000000000000000000000010111000 H
b00000000000000000000000010111100 I
b00000000000000000000000000000011 L
1k
#92
0k
#93
b0000 #
1%
b00000000000000000000000011010100 .
b00000000000000000000000011000000 /
b00000000000000000000000000011000 1
b00000000000000000000000000000000 4
b00000000000000000000000000000000 5
b00000000000000000000000000011000 6
b00000000000000000000000000011000 8
b00000001100000000000111010010011 9
b0000101111 ;
b0010011 <
b000 =
b11101 ?
b00000 @
b11000 A
b00000000000000000000000010111100 C
b00000000000000000000000010111100 H
b00000000000000000000000011000000 I
b00000000000000000000000000011000 L
1k
#94
0k
#95
b00000000000000000000000011011000 .
b00000000000000000000000011000100 /
b00000001100000000000000110010011 9
b0000110000 ;
b00011 ?
b00000000000000000000000011000000 C
b00000000000000000000000011000000 H
b00000000000000000000000011000100 I
b00000000000000000000000000011000 h
1k
#96
0k
#97
b1011 #
0%
1(
0+
b00000000000000000000000011001100 .
b00000000000000000000000011001000 /
b00000000000000000000000000000000 2
b00000000000000000000000000000000 3
b00000000000000000000000000011000 4
b00000000000000000000000000011000 5
b00000000000000000000000000001000 6
b00000000000000000000000000001000 8
b00000001110100001001010001100011 9
b0000110001 ;
b1100011 <
b001 =
b01000 ?
b00001 @
b11101 A
b00000000000000000000000011000100 C
b0000000000 D
b00000000000000000000000011000100 H
b00000000000000000000000011001000 I
b00000000000000000000000000011000 N
1k
#98
0k
#99
1-
b00000000000000000000000011011000 .
b00000000000000000000000011011000 /
10
b00000000000000000000000000000001 2
b00000000000000000000000000000001 3
b00000000000000000000000000000000 4
b00000000000000000000000000010000 6
b00000000000000000000000000010000 8
b00000000001100000001100001100011 9
b0000110010 ;
b10000 ?
b00000 @
b00011 A
b00000000000000000000000011001000 C
b01 E
b00000000000000000000000011001000 H
b00000000000000000000000011001100 I
1k
#100
0k
#101
b0000 #
1%
0(
1+
0-
b00000000000000000000000100000010 .
b00000000000000000000000011011100 /
00
b00000000000000000000000000101010 1
b00000000000000000000000000101010 2
b00000000000000000000000000101010 3
b00000000000000000000000000000000 5
b00000000000000000000000000101010 6
b00000000000000000000000000101010 8
b00000010101000000000010100010011 9
b0000110110 ;
b0010011 <
b000 =
b01010 ?
b01010 A
b00000000000000000000000011011000 C
b0000001010 D
b10 E
b00000000000000000000000011011000 H
b00000000000000000000000011011100 I
1k
#102
0k
#103
b00000000000000000000000100111001 .
b00000000000000000000000011100000 /
10
b00000000000000000000000001011101 1
b00000000000000000000000001011101 2
b00000000000000000000000001011101 3
b00000000000000000000000000011000 5
b00000000000000000000000001011101 6
b00000000000000000000000001011101 8
b00000101110100000000100010010011 9
b0000110111 ;
b10001 ?
b11101 A
b00000000000000000000000011011100 C
b0000010111 D
b01 E
b00000000000000000000000011011100 H
b00000000000000000000000011100000 I
b00000000000000000000000000101010 U
1k
#104
0k
#105
0%
1*
0+
b00000000000000000000000011100000 .
b00000000000000000000000011100100 /
00
b00000000000000000000000000000000 1
b00000000000000000000000000000000 2
b00000000000000000000000000000000 3
b00000000000000000000000000000000 5
b00000000000000000000000000000000 6
b00000000000000000000000000000000 8
b00000000000000000000000001110011 9
b0000111000 ;
b1110011 <
b00000 ?
b00000 A
b00000000000000000000000011100000 C
b0000000000 D
b00 E
b00000000000000000000000011100000 H
b00000000000000000000000011100100 I
b00000000000000000000000001011101 \
1k
1p
#106
0k
