[inst #1] lui x1,-524288
Register Write to Reg: 0x01 Val: 0xFFFFFFFF80000000
[inst #2] addi x1,x1,0
Register Write to Reg: 0x01 Val: 0xFFFFFFFF80000000
[inst #3] srli x30,x1,1
Register Write to Reg: 0x1E Val: 0x40000000
[inst #4] lui x29,262144
Register Write to Reg: 0x1D Val: 0x40000000
[inst #5] addi x29,x29,0
Register Write to Reg: 0x1D Val: 0x40000000
[inst #6] addi x3,x0,3
Register Write to Reg: 0x03 Val: 0x00000003
[inst #7] bne x30,x29,364
[inst #8] lui x1,-524288
Register Write to Reg: 0x01 Val: 0xFFFFFFFF80000000
[inst #9] addi x1,x1,0
Register Write to Reg: 0x01 Val: 0xFFFFFFFF80000000
[inst #10] srli x30,x1,7
Register Write to Reg: 0x1E Val: 0x01000000
[inst #11] lui x29,4096
Register Write to Reg: 0x1D Val: 0x01000000
[inst #12] addi x29,x29,0
Register Write to Reg: 0x1D Val: 0x01000000
[inst #13] addi x3,x0,4
Register Write to Reg: 0x03 Val: 0x00000004
[inst #14] bne x30,x29,336
[inst #15] lui x1,-524288
Register Write to Reg: 0x01 Val: 0xFFFFFFFF80000000
[inst #16] addi x1,x1,0
Register Write to Reg: 0x01 Val: 0xFFFFFFFF80000000
[inst #17] srli x30,x1,14
Register Write to Reg: 0x1E Val: 0x00020000
[inst #18] lui x29,32
Register Write to Reg: 0x1D Val: 0x00020000
[inst #19] addi x29,x29,0
Register Write to Reg: 0x1D Val: 0x00020000
[inst #20] addi x3,x0,5
Register Write to Reg: 0x03 Val: 0x00000005
[inst #21] bne x30,x29,308
[inst #22] lui x1,-524288
Register Write to Reg: 0x01 Val: 0xFFFFFFFF80000000
[inst #23] addi x1,x1,1
Register Write to Reg: 0x01 Val: 0xFFFFFFFF80000001
[inst #24] srli x30,x1,31
Register Write to Reg: 0x1E Val: 0x00000001
[inst #25] addi x29,x0,1
Register Write to Reg: 0x1D Val: 0x00000001
[inst #26] addi x3,x0,6
Register Write to Reg: 0x03 Val: 0x00000006
[inst #27] bne x30,x29,284
[inst #28] addi x1,x0,-1
Register Write to Reg: 0x01 Val: 0xFFFFFFFFFFFFFFFF
[inst #29] srli x30,x1,0
Register Write to Reg: 0x1E Val: 0xFFFFFFFFFFFFFFFF
[inst #30] addi x29,x0,-1
Register Write to Reg: 0x1D Val: 0xFFFFFFFFFFFFFFFF
[inst #31] addi x3,x0,7
Register Write to Reg: 0x03 Val: 0x00000007
[inst #32] bne x30,x29,264
[inst #33] addi x1,x0,-1
Register Write to Reg: 0x01 Val: 0xFFFFFFFFFFFFFFFF
[inst #34] srli x30,x1,1
Register Write to Reg: 0x1E Val: 0x7FFFFFFF
[inst #35] lui x29,524288
Register Write to Reg: 0x1D Val: 0xFFFFFFFF80000000
[inst #36] addi x29,x29,-1
Register Write to Reg: 0x1D Val: 0x7FFFFFFF
[inst #37] addi x3,x0,8
Register Write to Reg: 0x03 Val: 0x00000008
[inst #38] bne x30,x29,240
[inst #39] addi x1,x0,-1
Register Write to Reg: 0x01 Val: 0xFFFFFFFFFFFFFFFF
[inst #40] srli x30,x1,7
Register Write to Reg: 0x1E Val: 0x01FFFFFF
[inst #41] lui x29,8192
Register Write to Reg: 0x1D Val: 0x02000000
[inst #42] addi x29,x29,-1
Register Write to Reg: 0x1D Val: 0x01FFFFFF
[inst #43] addi x3,x0,9
Register Write to Reg: 0x03 Val: 0x00000009
[inst #44] bne x30,x29,216
[inst #45] addi x1,x0,-1
Register Write to Reg: 0x01 Val: 0xFFFFFFFFFFFFFFFF
[inst #46] srli x30,x1,14
Register Write to Reg: 0x1E Val: 0x0003FFFF
[inst #47] lui x29,64
Register Write to Reg: 0x1D Val: 0x00040000
[inst #48] addi x29,x29,-1
Register Write to Reg: 0x1D Val: 0x0003FFFF
[inst #49] addi x3,x0,10
Register Write to Reg: 0x03 Val: 0x0000000A
[inst #50] bne x30,x29,192
[inst #51] addi x1,x0,-1
Register Write to Reg: 0x01 Val: 0xFFFFFFFFFFFFFFFF
[inst #52] srli x30,x1,31
Register Write to Reg: 0x1E Val: 0x00000001
[inst #53] addi x29,x0,1
Register Write to Reg: 0x1D Val: 0x00000001
[inst #54] addi x3,x0,11
Register Write to Reg: 0x03 Val: 0x0000000B
[inst #55] bne x30,x29,172
[inst #56] lui x1,135698
Register Write to Reg: 0x01 Val: 0x21212000
[inst #57] addi x1,x1,289
Register Write to Reg: 0x01 Val: 0x21212121
[inst #58] srli x30,x1,0
Register Write to Reg: 0x1E Val: 0x21212121
[inst #59] lui x29,135698
Register Write to Reg: 0x1D Val: 0x21212000
[inst #60] addi x29,x29,289
Register Write to Reg: 0x1D Val: 0x21212121
[inst #61] addi x3,x0,12
Register Write to Reg: 0x03 Val: 0x0000000C
[inst #62] bne x30,x29,144
[inst #63] lui x1,135698
Register Write to Reg: 0x01 Val: 0x21212000
[inst #64] addi x1,x1,289
Register Write to Reg: 0x01 Val: 0x21212121
[inst #65] srli x30,x1,1
Register Write to Reg: 0x1E Val: 0x10909090
[inst #66] lui x29,67849
Register Write to Reg: 0x1D Val: 0x10909000
[inst #67] addi x29,x29,144
Register Write to Reg: 0x1D Val: 0x10909090
[inst #68] addi x3,x0,13
Register Write to Reg: 0x03 Val: 0x0000000D
[inst #69] bne x30,x29,116
[inst #70] lui x1,135698
Register Write to Reg: 0x01 Val: 0x21212000
[inst #71] addi x1,x1,289
Register Write to Reg: 0x01 Val: 0x21212121
[inst #72] srli x30,x1,7
Register Write to Reg: 0x1E Val: 0x00424242
[inst #73] lui x29,1060
Register Write to Reg: 0x1D Val: 0x00424000
[inst #74] addi x29,x29,578
Register Write to Reg: 0x1D Val: 0x00424242
[inst #75] addi x3,x0,14
Register Write to Reg: 0x03 Val: 0x0000000E
[inst #76] bne x30,x29,88
[inst #77] lui x1,135698
Register Write to Reg: 0x01 Val: 0x21212000
[inst #78] addi x1,x1,289
Register Write to Reg: 0x01 Val: 0x21212121
[inst #79] srli x30,x1,14
Register Write to Reg: 0x1E Val: 0x00008484
[inst #80] lui x29,8
Register Write to Reg: 0x1D Val: 0x00008000
[inst #81] addi x29,x29,1156
Register Write to Reg: 0x1D Val: 0x00008484
[inst #82] addi x3,x0,15
Register Write to Reg: 0x03 Val: 0x0000000F
[inst #83] bne x30,x29,60
[inst #84] lui x1,135698
Register Write to Reg: 0x01 Val: 0x21212000
[inst #85] addi x1,x1,289
Register Write to Reg: 0x01 Val: 0x21212121
[inst #86] srli x30,x1,31
Register Write to Reg: 0x1E Val: 0x00000000
[inst #87] addi x29,x0,0
Register Write to Reg: 0x1D Val: 0x00000000
[inst #88] addi x3,x0,16
Register Write to Reg: 0x03 Val: 0x00000010
[inst #89] bne x30,x29,36
[inst #90] lui x1,-524288
Register Write to Reg: 0x01 Val: 0xFFFFFFFF80000000
[inst #91] addi x1,x1,0
Register Write to Reg: 0x01 Val: 0xFFFFFFFF80000000
[inst #92] srli x1,x1,7
Register Write to Reg: 0x01 Val: 0x01000000
[inst #93] lui x29,4096
Register Write to Reg: 0x1D Val: 0x01000000
[inst #94] addi x29,x29,0
Register Write to Reg: 0x1D Val: 0x01000000
[inst #95] addi x3,x0,17
Register Write to Reg: 0x03 Val: 0x00000011
[inst #96] bne x1,x29,8
[inst #97] bne x0,x3,16
[inst #98] addi x10,x0,42
Register Write to Reg: 0x0A Val: 0x0000002A
[inst #99] addi x17,x0,93
Register Write to Reg: 0x11 Val: 0x0000005D
[inst #100] ecall 

Program terminated by calling exit
