$version Generated by VerilatedVcd $end
$timescale 1ps $end
 $scope module TOP $end
  $scope module $unit $end
   $var wire 7 t R_TYPE [6:0] $end
   $var wire 7 u I_IMM_TYPE [6:0] $end
   $var wire 7 u I_OR_R_ALU [6:0] $end
   $var wire 7 v LD_TYPE [6:0] $end
   $var wire 7 v I_IMM_OR_LD [6:0] $end
   $var wire 7 w S_TYPE [6:0] $end
   $var wire 7 v LD_OR_S [6:0] $end
   $var wire 7 x B_TYPE [6:0] $end
   $var wire 7 y J_TYPE [6:0] $end
   $var wire 7 z I_JMP_TYPE [6:0] $end
   $var wire 7 z JAL_OR_JALR [6:0] $end
   $var wire 7 { AUIPC [6:0] $end
   $var wire 7 { U_TYPE [6:0] $end
  $upscope $end
  $var wire 1 j clk_i $end
  $var wire 1 k rst_i $end
  $var wire 1 l imem_ld_i $end
  $var wire 10 m imem_ld_addr_i [9:0] $end
  $var wire 32 n imem_ld_data_i [31:0] $end
  $scope module risc_v $end
   $var wire 32 o AddressWidth [31:0] $end
   $var wire 32 p DataWidth [31:0] $end
   $var wire 1 j clk_i $end
   $var wire 1 k rst_i $end
   $var wire 1 l imem_ld_i $end
   $var wire 10 m imem_ld_addr_i [9:0] $end
   $var wire 32 n imem_ld_data_i [31:0] $end
   $var wire 1 q halt $end
   $var wire 4 # alu_op [3:0] $end
   $var wire 2 $ regf_rd_src [1:0] $end
   $var wire 1 % alu_src2_sel $end
   $var wire 1 & jal $end
   $var wire 1 ' jalr $end
   $var wire 1 ( branch $end
   $var wire 1 ) auipc $end
   $var wire 1 * regf_wr_en $end
   $var wire 1 + mem_wr_en $end
   $var wire 1 , pc_src_sel $end
   $var wire 32 - target_pc [31:0] $end
   $var wire 32 G pc [31:0] $end
   $var wire 32 H pc_plus4 [31:0] $end
   $var wire 32 . next_pc [31:0] $end
   $var wire 1 / alu_flag $end
   $var wire 32 0 alu_src2 [31:0] $end
   $var wire 32 1 alu_result [31:0] $end
   $var wire 32 2 regf_rd_data [31:0] $end
   $var wire 32 3 regf_rs1_data [31:0] $end
   $var wire 32 4 regf_rs2_data [31:0] $end
   $var wire 32 5 uimm_type_data [31:0] $end
   $var wire 32 6 data_mem_r_data [31:0] $end
   $var wire 32 7 imm [31:0] $end
   $var wire 32 8 instr [31:0] $end
   $var wire 32 9 ld_data [31:0] $end
   $var wire 10 : imem_addr [9:0] $end
   $var wire 7 ; op_code [6:0] $end
   $var wire 3 < funct3 [2:0] $end
   $var wire 1 = funct7_h20 $end
   $var wire 5 > regf_rd_addr [4:0] $end
   $var wire 5 ? regf_rs1_addr [4:0] $end
   $var wire 5 @ regf_rs2_addr [4:0] $end
   $scope module alu $end
    $var wire 32 p DataWidth [31:0] $end
    $var wire 32 3 src1_i [31:0] $end
    $var wire 32 0 src2_i [31:0] $end
    $var wire 4 # alu_op_i [3:0] $end
    $var wire 32 1 result_o [31:0] $end
   $upscope $end
   $scope module alu_src2_mux $end
    $var wire 32 p DataWidth [31:0] $end
    $var wire 1 % sel_i $end
    $var wire 32 4 in0_i [31:0] $end
    $var wire 32 7 in1_i [31:0] $end
    $var wire 32 0 out_o [31:0] $end
   $upscope $end
   $scope module control_unit $end
    $var wire 7 ; op_code_i [6:0] $end
    $var wire 1 & jal_o $end
    $var wire 1 ' jalr_o $end
    $var wire 1 ( branch_o $end
    $var wire 1 ) auipc_o $end
    $var wire 1 * regf_wr_en_o $end
    $var wire 1 + mem_wr_en_o $end
    $var wire 2 $ regf_rd_src_o [1:0] $end
    $var wire 1 = fnc7_h20_i $end
    $var wire 3 < funct3_i [2:0] $end
    $var wire 1 % alu_src_o $end
    $var wire 4 # alu_op_o [3:0] $end
    $var wire 1 A fnc7_en $end
   $upscope $end
   $scope module ctrl_flow_unit $end
    $var wire 32 p DataWidth [31:0] $end
    $var wire 1 & jal_i $end
    $var wire 1 ' jalr_i $end
    $var wire 1 ( branch_i $end
    $var wire 1 / alu_flag_i $end
    $var wire 32 G pc_i [31:0] $end
    $var wire 32 3 rs1_data_i [31:0] $end
    $var wire 32 7 addr_offset_i [31:0] $end
    $var wire 1 , pc_src_sel_o $end
    $var wire 32 - pc_target_o [31:0] $end
    $var wire 32 B base_addr [31:0] $end
    $var wire 32 - pc_plus_offset [31:0] $end
   $upscope $end
   $scope module dmem $end
    $var wire 32 o AddressWidth [31:0] $end
    $var wire 32 p DataWidth [31:0] $end
    $var wire 1 j clk_i $end
    $var wire 1 + wr_en_i $end
    $var wire 10 C addr_i [9:0] $end
    $var wire 32 4 wr_data_i [31:0] $end
    $var wire 32 6 r_data_o [31:0] $end
   $upscope $end
   $scope module imem $end
    $var wire 32 o AddressWidth [31:0] $end
    $var wire 32 p DataWidth [31:0] $end
    $var wire 1 j clk_i $end
    $var wire 1 l wr_en_i $end
    $var wire 10 : addr_i [9:0] $end
    $var wire 32 n wr_data_i [31:0] $end
    $var wire 32 8 r_data_o [31:0] $end
   $upscope $end
   $scope module imm_extension_unit $end
    $var wire 32 8 instr_i [31:0] $end
    $var wire 32 7 imm_o [31:0] $end
    $var wire 7 ; op_code [6:0] $end
   $upscope $end
   $scope module ld_data_ext $end
    $var wire 3 < funct3_i [2:0] $end
    $var wire 2 D offset_i [1:0] $end
    $var wire 32 6 data_i [31:0] $end
    $var wire 32 9 data_o [31:0] $end
    $var wire 8 E byte_sel [7:0] $end
    $var wire 16 F halfword_sel [15:0] $end
   $upscope $end
   $scope module pc_adder $end
    $var wire 32 p DataWidth [31:0] $end
    $var wire 32 G a_i [31:0] $end
    $var wire 32 r b_i [31:0] $end
    $var wire 32 H y_o [31:0] $end
   $upscope $end
   $scope module pc_mux $end
    $var wire 32 p DataWidth [31:0] $end
    $var wire 1 , sel_i $end
    $var wire 32 H in0_i [31:0] $end
    $var wire 32 - in1_i [31:0] $end
    $var wire 32 . out_o [31:0] $end
   $upscope $end
   $scope module pc_reg $end
    $var wire 32 p DataWidth [31:0] $end
    $var wire 1 k rst_i $end
    $var wire 1 j clk_i $end
    $var wire 32 . d_i [31:0] $end
    $var wire 32 G q_o [31:0] $end
   $upscope $end
   $scope module regf_wr_data_mux $end
    $var wire 32 p DataWidth [31:0] $end
    $var wire 2 $ sel_i [1:0] $end
    $var wire 32 1 in0_i [31:0] $end
    $var wire 32 9 in1_i [31:0] $end
    $var wire 32 H in2_i [31:0] $end
    $var wire 32 5 in3_i [31:0] $end
    $var wire 32 2 out_o [31:0] $end
   $upscope $end
   $scope module regfile $end
    $var wire 32 p NumRegs [31:0] $end
    $var wire 32 p DataWidth [31:0] $end
    $var wire 32 s AddressWidth [31:0] $end
    $var wire 1 j clk_i $end
    $var wire 1 k rst_i $end
    $var wire 1 * wr_en_i $end
    $var wire 5 > rd_addr_i [4:0] $end
    $var wire 5 ? rs1_addr_i [4:0] $end
    $var wire 5 @ rs2_addr_i [4:0] $end
    $var wire 32 2 rd_data_i [31:0] $end
    $var wire 32 3 rs1_data_o [31:0] $end
    $var wire 32 4 rs2_data_o [31:0] $end
    $var wire 32 I i [31:0] $end
    $var wire 32 J register_file[0] [31:0] $end
    $var wire 32 K register_file[1] [31:0] $end
    $var wire 32 L register_file[2] [31:0] $end
    $var wire 32 M register_file[3] [31:0] $end
    $var wire 32 N register_file[4] [31:0] $end
    $var wire 32 O register_file[5] [31:0] $end
    $var wire 32 P register_file[6] [31:0] $end
    $var wire 32 Q register_file[7] [31:0] $end
    $var wire 32 R register_file[8] [31:0] $end
    $var wire 32 S register_file[9] [31:0] $end
    $var wire 32 T register_file[10] [31:0] $end
    $var wire 32 U register_file[11] [31:0] $end
    $var wire 32 V register_file[12] [31:0] $end
    $var wire 32 W register_file[13] [31:0] $end
    $var wire 32 X register_file[14] [31:0] $end
    $var wire 32 Y register_file[15] [31:0] $end
    $var wire 32 Z register_file[16] [31:0] $end
    $var wire 32 [ register_file[17] [31:0] $end
    $var wire 32 \ register_file[18] [31:0] $end
    $var wire 32 ] register_file[19] [31:0] $end
    $var wire 32 ^ register_file[20] [31:0] $end
    $var wire 32 _ register_file[21] [31:0] $end
    $var wire 32 ` register_file[22] [31:0] $end
    $var wire 32 a register_file[23] [31:0] $end
    $var wire 32 b register_file[24] [31:0] $end
    $var wire 32 c register_file[25] [31:0] $end
    $var wire 32 d register_file[26] [31:0] $end
    $var wire 32 e register_file[27] [31:0] $end
    $var wire 32 f register_file[28] [31:0] $end
    $var wire 32 g register_file[29] [31:0] $end
    $var wire 32 h register_file[30] [31:0] $end
    $var wire 32 i register_file[31] [31:0] $end
   $upscope $end
   $scope module utype_rd_data_mux $end
    $var wire 32 p DataWidth [31:0] $end
    $var wire 1 ) sel_i $end
    $var wire 32 7 in0_i [31:0] $end
    $var wire 32 - in1_i [31:0] $end
    $var wire 32 5 out_o [31:0] $end
   $upscope $end
  $upscope $end
 $upscope $end
$enddefinitions $end


#0
b0000 #
b11 $
0%
0&
0'
0(
0)
1*
0+
0,
b10000000000000000000000000000000 -
b00000000000000000000000000000100 .
0/
b00000000000000000000000000000000 0
b00000000000000000000000000000000 1
b10000000000000000000000000000000 2
b00000000000000000000000000000000 3
b00000000000000000000000000000000 4
b10000000000000000000000000000000 5
b00000000000000000000000000000000 6
b10000000000000000000000000000000 7
b10000000000000000000000010110111 8
b00000000000000000000000000000000 9
b0000000000 :
b0110111 ;
b000 <
0=
b00001 >
b00000 ?
b00000 @
0A
b00000000000000000000000000000000 B
b0000000000 C
b00 D
b00000000 E
b0000000000000000 F
b00000000000000000000000000000000 G
b00000000000000000000000000000100 H
b00000000000000000000000000100000 I
b00000000000000000000000000000000 J
b00000000000000000000000000000000 K
b00000000000000000000000000000000 L
b00000000000000000000000000000000 M
b00000000000000000000000000000000 N
b00000000000000000000000000000000 O
b00000000000000000000000000000000 P
b00000000000000000000000000000000 Q
b00000000000000000000000000000000 R
b00000000000000000000000000000000 S
b00000000000000000000000000000000 T
b00000000000000000000000000000000 U
b00000000000000000000000000000000 V
b00000000000000000000000000000000 W
b00000000000000000000000000000000 X
b00000000000000000000000000000000 Y
b00000000000000000000000000000000 Z
b00000000000000000000000000000000 [
b00000000000000000000000000000000 \
b00000000000000000000000000000000 ]
b00000000000000000000000000000000 ^
b00000000000000000000000000000000 _
b00000000000000000000000000000000 `
b00000000000000000000000000000000 a
b00000000000000000000000000000000 b
b00000000000000000000000000000000 c
b00000000000000000000000000000000 d
b00000000000000000000000000000000 e
b00000000000000000000000000000000 f
b00000000000000000000000000000000 g
b00000000000000000000000000000000 h
b00000000000000000000000000000000 i
0j
0k
0l
b0001100110 m
b00000000000000000000000001110011 n
b00000000000000000000000000001010 o
b00000000000000000000000000100000 p
0q
b00000000000000000000000000000100 r
b00000000000000000000000000000101 s
b0110011 t
b0010011 u
b0000011 v
b0100011 w
b1100011 x
b1101111 y
b1100111 z
b0010111 {
#1
b00 $
1%
b00000000000000000000000000000100 -
b00000000000000000000000000001000 .
b10000000000000000000000000000000 1
b10000000000000000000000000000000 3
b00000000000000000000000000000000 5
b00000000000000000000000000000000 7
b00000000000000001000000010010011 8
b0000000001 :
b0010011 ;
b00001 ?
b00000000000000000000000000000100 B
b00000000000000000000000000000100 G
b00000000000000000000000000001000 H
b10000000000000000000000000000000 K
1j
#2
0j
#3
b0110 #
b00000000000000000000000000001001 -
b00000000000000000000000000001100 .
b00000000000000000000000000000001 0
b01000000000000000000000000000000 1
b01000000000000000000000000000000 2
b10000000000000000000000000000000 4
b00000000000000000000000000000001 5
b00000000000000000000000000000001 7
b00000000000100001101111100010011 8
b0000000010 :
b101 <
b11110 >
b00001 @
b00000000000000000000000000001000 B
b00000000000000000000000000001000 G
b00000000000000000000000000001100 H
1j
#4
0j
#5
b0000 #
b11 $
0%
b01000000000000000000000000001100 -
b00000000000000000000000000010000 .
b00000000000000000000000000000000 0
b00000000000000000000000000000000 1
b00000000000000000000000000000000 3
b00000000000000000000000000000000 4
b01000000000000000000000000000000 5
b01000000000000000000000000000000 7
b01000000000000000000111010110111 8
b0000000011 :
b0110111 ;
b000 <
1=
b11101 >
b00000 ?
b00000 @
b00000000000000000000000000001100 B
b00000000000000000000000000001100 G
b00000000000000000000000000010000 H
b01000000000000000000000000000000 h
1j
#6
0j
#7
b00 $
1%
b00000000000000000000000000010000 -
b00000000000000000000000000010100 .
b01000000000000000000000000000000 1
b01000000000000000000000000000000 3
b00000000000000000000000000000000 5
b00000000000000000000000000000000 7
b00000000000011101000111010010011 8
b0000000100 :
b0010011 ;
0=
b11101 ?
b00000000000000000000000000010000 B
b00000000000000000000000000010000 G
b00000000000000000000000000010100 H
b01000000000000000000000000000000 g
1j
#8
0j
#9
b00000000000000000000000000010111 -
b00000000000000000000000000011000 .
1/
b00000000000000000000000000000011 0
b00000000000000000000000000000011 1
b00000000000000000000000000000011 2
b00000000000000000000000000000000 3
b00000000000000000000000000000011 5
b00000000000000000000000000000011 7
b00000000001100000000000110010011 8
b0000000101 :
b00011 >
b00000 ?
b00011 @
b00000000000000000000000000010100 B
b11 D
b00000000000000000000000000010100 G
b00000000000000000000000000011000 H
1j
#10
0j
#11
b1011 #
0%
1(
0*
b00000000000000000000000110000100 -
b00000000000000000000000000011100 .
0/
b01000000000000000000000000000000 0
b00000000000000000000000000000000 1
b00000000000000000000000000000000 2
b01000000000000000000000000000000 3
b01000000000000000000000000000000 4
b00000000000000000000000101101100 5
b00000000000000000000000101101100 7
b00010111110111110001011001100011 8
b0000000110 :
b1100011 ;
b001 <
b01100 >
b11110 ?
b11101 @
b00000000000000000000000000011000 B
b00 D
b00000000000000000000000000011000 G
b00000000000000000000000000011100 H
b00000000000000000000000000000011 M
1j
#12
0j
#13
b0000 #
b11 $
0(
1*
b10000000000000000000000000011100 -
b00000000000000000000000000100000 .
b00000000000000000000000000000000 0
b10000000000000000000000000000000 2
b00000000000000000000000000000000 3
b00000000000000000000000000000000 4
b10000000000000000000000000000000 5
b10000000000000000000000000000000 7
b10000000000000000000000010110111 8
b0000000111 :
b0110111 ;
b000 <
b00001 >
b00000 ?
b00000 @
b00000000000000000000000000011100 B
b00000000000000000000000000011100 G
b00000000000000000000000000100000 H
1j
#14
0j
#15
b00 $
1%
b00000000000000000000000000100000 -
b00000000000000000000000000100100 .
b10000000000000000000000000000000 1
b10000000000000000000000000000000 3
b00000000000000000000000000000000 5
b00000000000000000000000000000000 7
b00000000000000001000000010010011 8
b0000001000 :
b0010011 ;
b00001 ?
b00000000000000000000000000100000 B
b00000000000000000000000000100000 G
b00000000000000000000000000100100 H
1j
#16
0j
#17
b0110 #
b00000000000000000000000000101011 -
b00000000000000000000000000101000 .
b00000000000000000000000000000111 0
b00000001000000000000000000000000 1
b00000001000000000000000000000000 2
b00000000000000000000000000000111 5
b00000000000000000000000000000111 7
b00000000011100001101111100010011 8
b0000001001 :
b101 <
b11110 >
b00111 @
b00000000000000000000000000100100 B
b00000000000000000000000000100100 G
b00000000000000000000000000101000 H
1j
#18
0j
#19
b0000 #
b11 $
0%
b00000001000000000000000000101000 -
b00000000000000000000000000101100 .
b00000000000000000000000000000000 0
b00000000000000000000000000000000 1
b00000000000000000000000000000000 3
b00000001000000000000000000000000 5
b00000001000000000000000000000000 7
b00000001000000000000111010110111 8
b0000001010 :
b0110111 ;
b000 <
b11101 >
b00000 ?
b10000 @
b00000000000000000000000000101000 B
b00000000000000000000000000101000 G
b00000000000000000000000000101100 H
b00000001000000000000000000000000 h
1j
#20
0j
#21
b00 $
1%
b00000000000000000000000000101100 -
b00000000000000000000000000110000 .
b00000001000000000000000000000000 1
b00000001000000000000000000000000 3
b00000000000000000000000000000000 5
b00000000000000000000000000000000 7
b00000000000011101000111010010011 8
b0000001011 :
b0010011 ;
b11101 ?
b00000 @
b00000000000000000000000000101100 B
b00000000000000000000000000101100 G
b00000000000000000000000000110000 H
b00000001000000000000000000000000 g
1j
#22
0j
#23
b00000000000000000000000000110100 -
b00000000000000000000000000110100 .
b00000000000000000000000000000100 0
b00000000000000000000000000000100 1
b00000000000000000000000000000100 2
b00000000000000000000000000000000 3
b00000000000000000000000000000100 5
b00000000000000000000000000000100 7
b00000000010000000000000110010011 8
b0000001100 :
b00011 >
b00000 ?
b00100 @
b00000000000000000000000000110000 B
b0000000001 C
b00000000000000000000000000110000 G
b00000000000000000000000000110100 H
1j
#24
0j
#25
b1011 #
0%
1(
0*
b00000000000000000000000110000100 -
b00000000000000000000000000111000 .
b00000001000000000000000000000000 0
b00000000000000000000000000000000 1
b00000000000000000000000000000000 2
b00000001000000000000000000000000 3
b00000001000000000000000000000000 4
b00000000000000000000000101010000 5
b00000000000000000000000101010000 7
b00010101110111110001100001100011 8
b0000001101 :
b1100011 ;
b001 <
b10000 >
b11110 ?
b11101 @
b00000000000000000000000000110100 B
b0000000000 C
b00000000000000000000000000110100 G
b00000000000000000000000000111000 H
b00000000000000000000000000000100 M
1j
#26
0j
#27
b0000 #
b11 $
0(
1*
b10000000000000000000000000111000 -
b00000000000000000000000000111100 .
b00000000000000000000000000000000 0
b10000000000000000000000000000000 2
b00000000000000000000000000000000 3
b00000000000000000000000000000000 4
b10000000000000000000000000000000 5
b10000000000000000000000000000000 7
b10000000000000000000000010110111 8
b0000001110 :
b0110111 ;
b000 <
b00001 >
b00000 ?
b00000 @
b00000000000000000000000000111000 B
b00000000000000000000000000111000 G
b00000000000000000000000000111100 H
1j
#28
0j
#29
b00 $
1%
b00000000000000000000000000111100 -
b00000000000000000000000001000000 .
b10000000000000000000000000000000 1
b10000000000000000000000000000000 3
b00000000000000000000000000000000 5
b00000000000000000000000000000000 7
b00000000000000001000000010010011 8
b0000001111 :
b0010011 ;
b00001 ?
b00000000000000000000000000111100 B
b00000000000000000000000000111100 G
b00000000000000000000000001000000 H
1j
#30
0j
#31
b0110 #
b00000000000000000000000001001110 -
b00000000000000000000000001000100 .
b00000000000000000000000000001110 0
b00000000000000100000000000000000 1
b00000000000000100000000000000000 2
b00000000000000000000000000001110 5
b00000000000000000000000000001110 7
b00000000111000001101111100010011 8
b0000010000 :
b101 <
b11110 >
b01110 @
b00000000000000000000000001000000 B
b00000000000000000000000001000000 G
b00000000000000000000000001000100 H
1j
#32
0j
#33
b0000 #
b11 $
0%
b00000000000000100000000001000100 -
b00000000000000000000000001001000 .
b00000000000000000000000000000000 0
b00000000000000000000000000000000 1
b00000000000000000000000000000000 3
b00000000000000100000000000000000 5
b00000000000000100000000000000000 7
b00000000000000100000111010110111 8
b0000010001 :
b0110111 ;
b000 <
b11101 >
b00100 ?
b00000 @
b00000000000000000000000001000100 B
b00000000000000000000000001000100 G
b00000000000000000000000001001000 H
b00000000000000100000000000000000 h
1j
#34
0j
#35
b00 $
1%
b00000000000000000000000001001000 -
b00000000000000000000000001001100 .
b00000000000000100000000000000000 1
b00000000000000100000000000000000 3
b00000000000000000000000000000000 5
b00000000000000000000000000000000 7
b00000000000011101000111010010011 8
b0000010010 :
b0010011 ;
b11101 ?
b00000000000000000000000001001000 B
b00000000000000000000000001001000 G
b00000000000000000000000001001100 H
b00000000000000100000000000000000 g
1j
#36
0j
#37
b00000000000000000000000001010001 -
b00000000000000000000000001010000 .
1/
b00000000000000000000000000000101 0
b00000000000000000000000000000101 1
b00000000000000000000000000000101 2
b00000000000000000000000000000000 3
b00000000000000000000000000000101 5
b00000000000000000000000000000101 7
b00000000010100000000000110010011 8
b0000010011 :
b00011 >
b00000 ?
b00101 @
b00000000000000000000000001001100 B
b0000000001 C
b01 D
b00000000000000000000000001001100 G
b00000000000000000000000001010000 H
1j
#38
0j
#39
b1011 #
0%
1(
0*
b00000000000000000000000110000100 -
b00000000000000000000000001010100 .
0/
b00000000000000100000000000000000 0
b00000000000000000000000000000000 1
b00000000000000000000000000000000 2
b00000000000000100000000000000000 3
b00000000000000100000000000000000 4
b00000000000000000000000100110100 5
b00000000000000000000000100110100 7
b00010011110111110001101001100011 8
b0000010100 :
b1100011 ;
b001 <
b10100 >
b11110 ?
b11101 @
b00000000000000000000000001010000 B
b0000000000 C
b00 D
b00000000000000000000000001010000 G
b00000000000000000000000001010100 H
b00000000000000000000000000000101 M
1j
#40
0j
#41
b0000 #
b11 $
0(
1*
b10000000000000000000000001010100 -
b00000000000000000000000001011000 .
b00000000000000000000000000000000 0
b10000000000000000000000000000000 2
b00000000000000000000000000000000 3
b00000000000000000000000000000000 4
b10000000000000000000000000000000 5
b10000000000000000000000000000000 7
b10000000000000000000000010110111 8
b0000010101 :
b0110111 ;
b000 <
b00001 >
b00000 ?
b00000 @
b00000000000000000000000001010100 B
b00000000000000000000000001010100 G
b00000000000000000000000001011000 H
1j
#42
0j
#43
b00 $
1%
b00000000000000000000000001011001 -
b00000000000000000000000001011100 .
1/
b00000000000000000000000000000001 0
b10000000000000000000000000000001 1
b10000000000000000000000000000001 2
b10000000000000000000000000000000 3
b10000000000000000000000000000000 4
b00000000000000000000000000000001 5
b00000000000000000000000000000001 7
b00000000000100001000000010010011 8
b0000010110 :
b0010011 ;
b00001 ?
b00001 @
b00000000000000000000000001011000 B
b01 D
b00000000000000000000000001011000 G
b00000000000000000000000001011100 H
1j
#44
0j
#45
b0110 #
b00000000000000000000000001111011 -
b00000000000000000000000001100000 .
b00000000000000000000000000011111 0
b00000000000000000000000000000001 1
b00000000000000000000000000000001 2
b10000000000000000000000000000001 3
b00000000000000000000000000000000 4
b00000000000000000000000000011111 5
b00000000000000000000000000011111 7
b00000001111100001101111100010011 8
b0000010111 :
b101 <
b11110 >
b11111 @
b00000000000000000000000001011100 B
b00000000000000000000000001011100 G
b00000000000000000000000001100000 H
b10000000000000000000000000000001 K
1j
#46
0j
#47
b0000 #
b00000000000000000000000001100001 -
b00000000000000000000000001100100 .
b00000000000000000000000000000001 0
b00000000000000000000000000000000 3
b10000000000000000000000000000001 4
b00000000000000000000000000000001 5
b00000000000000000000000000000001 7
b00000000000100000000111010010011 8
b0000011000 :
b000 <
b11101 >
b00000 ?
b00001 @
b00000000000000000000000001100000 B
b00000000000000000000000001100000 G
b00000000000000000000000001100100 H
b00000000000000000000000000000001 h
1j
#48
0j
#49
b00000000000000000000000001101010 -
b00000000000000000000000001101000 .
0/
b00000000000000000000000000000110 0
b00000000000000000000000000000110 1
b00000000000000000000000000000110 2
b00000000000000000000000000000000 4
b00000000000000000000000000000110 5
b00000000000000000000000000000110 7
b00000000011000000000000110010011 8
b0000011001 :
b00011 >
b00110 @
b00000000000000000000000001100100 B
b0000000001 C
b10 D
b00000000000000000000000001100100 G
b00000000000000000000000001101000 H
b00000000000000000000000000000001 g
1j
#50
0j
#51
b1011 #
0%
1(
0*
b00000000000000000000000110000100 -
b00000000000000000000000001101100 .
b00000000000000000000000000000001 0
b00000000000000000000000000000000 1
b00000000000000000000000000000000 2
b00000000000000000000000000000001 3
b00000000000000000000000000000001 4
b00000000000000000000000100011100 5
b00000000000000000000000100011100 7
b00010001110111110001111001100011 8
b0000011010 :
b1100011 ;
b001 <
b11100 >
b11110 ?
b11101 @
b00000000000000000000000001101000 B
b0000000000 C
b00 D
b00000000000000000000000001101000 G
b00000000000000000000000001101100 H
b00000000000000000000000000000110 M
1j
#52
0j
#53
b0000 #
1%
0(
1*
b00000000000000000000000001101011 -
b00000000000000000000000001110000 .
1/
b11111111111111111111111111111111 0
b11111111111111111111111111111111 1
b11111111111111111111111111111111 2
b00000000000000000000000000000000 3
b00000000000000000000000000000000 4
b11111111111111111111111111111111 5
b11111111111111111111111111111111 7
b11111111111100000000000010010011 8
b0000011011 :
b0010011 ;
b000 <
1=
b00001 >
b00000 ?
b11111 @
b00000000000000000000000001101100 B
b1111111111 C
b11 D
b00000000000000000000000001101100 G
b00000000000000000000000001110000 H
1j
#54
0j
#55
b0110 #
b00000000000000000000000001110000 -
b00000000000000000000000001110100 .
b00000000000000000000000000000000 0
b11111111111111111111111111111111 3
b00000000000000000000000000000000 5
b00000000000000000000000000000000 7
b00000000000000001101111100010011 8
b0000011100 :
b101 <
0=
b11110 >
b00001 ?
b00000 @
b00000000000000000000000001110000 B
b00000000000000000000000001110000 G
b00000000000000000000000001110100 H
b11111111111111111111111111111111 K
1j
#56
0j
#57
b0000 #
b00000000000000000000000001110011 -
b00000000000000000000000001111000 .
b11111111111111111111111111111111 0
b00000000000000000000000000000000 3
b11111111111111111111111111111111 5
b11111111111111111111111111111111 7
b11111111111100000000111010010011 8
b0000011101 :
b000 <
1=
b11101 >
b00000 ?
b11111 @
b00000000000000000000000001110100 B
b00000000000000000000000001110100 G
b00000000000000000000000001111000 H
b11111111111111111111111111111111 h
1j
#58
0j
#59
b00000000000000000000000001111111 -
b00000000000000000000000001111100 .
b00000000000000000000000000000111 0
b00000000000000000000000000000111 1
b00000000000000000000000000000111 2
b00000000000000000000000000000111 5
b00000000000000000000000000000111 7
b00000000011100000000000110010011 8
b0000011110 :
0=
b00011 >
b00111 @
b00000000000000000000000001111000 B
b0000000001 C
b00000000000000000000000001111000 G
b00000000000000000000000001111100 H
b11111111111111111111111111111111 g
1j
#60
0j
#61
b1011 #
0%
1(
0*
b00000000000000000000000110000100 -
b00000000000000000000000010000000 .
0/
b11111111111111111111111111111111 0
b00000000000000000000000000000000 1
b00000000000000000000000000000000 2
b11111111111111111111111111111111 3
b11111111111111111111111111111111 4
b00000000000000000000000100001000 5
b00000000000000000000000100001000 7
b00010001110111110001010001100011 8
b0000011111 :
b1100011 ;
b001 <
b01000 >
b11110 ?
b11101 @
b00000000000000000000000001111100 B
b0000000000 C
b00 D
b00000000000000000000000001111100 G
b00000000000000000000000010000000 H
b00000000000000000000000000000111 M
1j
#62
0j
#63
b0000 #
1%
0(
1*
b00000000000000000000000001111111 -
b00000000000000000000000010000100 .
1/
b11111111111111111111111111111111 1
b11111111111111111111111111111111 2
b00000000000000000000000000000000 3
b00000000000000000000000000000000 4
b11111111111111111111111111111111 5
b11111111111111111111111111111111 7
b11111111111100000000000010010011 8
b0000100000 :
b0010011 ;
b000 <
1=
b00001 >
b00000 ?
b11111 @
b00000000000000000000000010000000 B
b1111111111 C
b11 D
b00000000000000000000000010000000 G
b00000000000000000000000010000100 H
1j
#64
0j
#65
b0110 #
b00000000000000000000000010000101 -
b00000000000000000000000010001000 .
b00000000000000000000000000000001 0
b01111111111111111111111111111111 1
b01111111111111111111111111111111 2
b11111111111111111111111111111111 3
b11111111111111111111111111111111 4
b00000000000000000000000000000001 5
b00000000000000000000000000000001 7
b00000000000100001101111100010011 8
b0000100001 :
b101 <
0=
b11110 >
b00001 ?
b00001 @
b00000000000000000000000010000100 B
b00000000000000000000000010000100 G
b00000000000000000000000010001000 H
1j
#66
0j
#67
b0000 #
b11 $
0%
b10000000000000000000000010001000 -
b00000000000000000000000010001100 .
0/
b00000000000000000000000000000000 0
b00000000000000000000000000000000 1
b10000000000000000000000000000000 2
b00000000000000000000000000000000 3
b00000000000000000000000000000000 4
b10000000000000000000000000000000 5
b10000000000000000000000000000000 7
b10000000000000000000111010110111 8
b0000100010 :
b0110111 ;
b000 <
b11101 >
b00000 ?
b00000 @
b00000000000000000000000010001000 B
b0000000000 C
b00 D
b00000000000000000000000010001000 G
b00000000000000000000000010001100 H
b01111111111111111111111111111111 h
1j
#68
0j
#69
b00 $
1%
b00000000000000000000000010001011 -
b00000000000000000000000010010000 .
1/
b11111111111111111111111111111111 0
b01111111111111111111111111111111 1
b01111111111111111111111111111111 2
b10000000000000000000000000000000 3
b11111111111111111111111111111111 5
b11111111111111111111111111111111 7
b11111111111111101000111010010011 8
b0000100011 :
b0010011 ;
1=
b11101 ?
b11111 @
b00000000000000000000000010001100 B
b1111111111 C
b11 D
b00000000000000000000000010001100 G
b00000000000000000000000010010000 H
b10000000000000000000000000000000 g
1j
#70
0j
#71
b00000000000000000000000010011000 -
b00000000000000000000000010010100 .
0/
b00000000000000000000000000001000 0
b00000000000000000000000000001000 1
b00000000000000000000000000001000 2
b00000000000000000000000000000000 3
b00000000000000000000000000001000 5
b00000000000000000000000000001000 7
b00000000100000000000000110010011 8
b0000100100 :
0=
b00011 >
b00000 ?
b01000 @
b00000000000000000000000010010000 B
b0000000010 C
b00 D
b00000000000000000000000010010000 G
b00000000000000000000000010010100 H
b01111111111111111111111111111111 g
1j
#72
0j
#73
b1011 #
0%
1(
0*
b00000000000000000000000110000100 -
b00000000000000000000000010011000 .
b01111111111111111111111111111111 0
b00000000000000000000000000000000 1
b00000000000000000000000000000000 2
b01111111111111111111111111111111 3
b01111111111111111111111111111111 4
b00000000000000000000000011110000 5
b00000000000000000000000011110000 7
b00001111110111110001100001100011 8
b0000100101 :
b1100011 ;
b001 <
b10000 >
b11110 ?
b11101 @
b00000000000000000000000010010100 B
b0000000000 C
b00000000000000000000000010010100 G
b00000000000000000000000010011000 H
b00000000000000000000000000001000 M
1j
#74
0j
#75
b0000 #
1%
0(
1*
b00000000000000000000000010010111 -
b00000000000000000000000010011100 .
1/
b11111111111111111111111111111111 0
b11111111111111111111111111111111 1
b11111111111111111111111111111111 2
b00000000000000000000000000000000 3
b00000000000000000000000000000000 4
b11111111111111111111111111111111 5
b11111111111111111111111111111111 7
b11111111111100000000000010010011 8
b0000100110 :
b0010011 ;
b000 <
1=
b00001 >
b00000 ?
b11111 @
b00000000000000000000000010011000 B
b1111111111 C
b11 D
b00000000000000000000000010011000 G
b00000000000000000000000010011100 H
1j
#76
0j
#77
b0110 #
b00000000000000000000000010100011 -
b00000000000000000000000010100000 .
b00000000000000000000000000000111 0
b00000001111111111111111111111111 1
b00000001111111111111111111111111 2
b11111111111111111111111111111111 3
b00000000000000000000000000000111 5
b00000000000000000000000000000111 7
b00000000011100001101111100010011 8
b0000100111 :
b101 <
0=
b11110 >
b00001 ?
b00111 @
b00000000000000000000000010011100 B
b00000000000000000000000010011100 G
b00000000000000000000000010100000 H
1j
#78
0j
#79
b0000 #
b11 $
0%
b00000010000000000000000010100000 -
b00000000000000000000000010100100 .
0/
b00000000000000000000000000000000 0
b00000000000000000000000000000000 1
b00000010000000000000000000000000 2
b00000000000000000000000000000000 3
b00000010000000000000000000000000 5
b00000010000000000000000000000000 7
b00000010000000000000111010110111 8
b0000101000 :
b0110111 ;
b000 <
b11101 >
b00000 ?
b00000 @
b00000000000000000000000010100000 B
b0000000000 C
b00 D
b00000000000000000000000010100000 G
b00000000000000000000000010100100 H
b00000001111111111111111111111111 h
1j
#80
0j
#81
b00 $
1%
b00000000000000000000000010100011 -
b00000000000000000000000010101000 .
1/
b11111111111111111111111111111111 0
b00000001111111111111111111111111 1
b00000001111111111111111111111111 2
b00000010000000000000000000000000 3
b11111111111111111111111111111111 5
b11111111111111111111111111111111 7
b11111111111111101000111010010011 8
b0000101001 :
b0010011 ;
1=
b11101 ?
b11111 @
b00000000000000000000000010100100 B
b1111111111 C
b11 D
b00000000000000000000000010100100 G
b00000000000000000000000010101000 H
b00000010000000000000000000000000 g
1j
#82
0j
#83
b00000000000000000000000010110001 -
b00000000000000000000000010101100 .
b00000000000000000000000000001001 0
b00000000000000000000000000001001 1
b00000000000000000000000000001001 2
b00000000000000000000000000000000 3
b00000000000000000000000000001001 5
b00000000000000000000000000001001 7
b00000000100100000000000110010011 8
b0000101010 :
0=
b00011 >
b00000 ?
b01001 @
b00000000000000000000000010101000 B
b0000000010 C
b01 D
b00000000000000000000000010101000 G
b00000000000000000000000010101100 H
b00000001111111111111111111111111 g
1j
#84
0j
#85
b1011 #
0%
1(
0*
b00000000000000000000000110000100 -
b00000000000000000000000010110000 .
0/
b00000001111111111111111111111111 0
b00000000000000000000000000000000 1
b00000000000000000000000000000000 2
b00000001111111111111111111111111 3
b00000001111111111111111111111111 4
b00000000000000000000000011011000 5
b00000000000000000000000011011000 7
b00001101110111110001110001100011 8
b0000101011 :
b1100011 ;
b001 <
b11000 >
b11110 ?
b11101 @
b00000000000000000000000010101100 B
b0000000000 C
b00 D
b00000000000000000000000010101100 G
b00000000000000000000000010110000 H
b00000000000000000000000000001001 M
1j
#86
0j
#87
b0000 #
1%
0(
1*
b00000000000000000000000010101111 -
b00000000000000000000000010110100 .
1/
b11111111111111111111111111111111 0
b11111111111111111111111111111111 1
b11111111111111111111111111111111 2
b00000000000000000000000000000000 3
b00000000000000000000000000000000 4
b11111111111111111111111111111111 5
b11111111111111111111111111111111 7
b11111111111100000000000010010011 8
b0000101100 :
b0010011 ;
b000 <
1=
b00001 >
b00000 ?
b11111 @
b00000000000000000000000010110000 B
b1111111111 C
b11 D
b00000000000000000000000010110000 G
b00000000000000000000000010110100 H
1j
#88
0j
#89
b0110 #
b00000000000000000000000011000010 -
b00000000000000000000000010111000 .
b00000000000000000000000000001110 0
b00000000000000111111111111111111 1
b00000000000000111111111111111111 2
b11111111111111111111111111111111 3
b00000000000000000000000000001110 5
b00000000000000000000000000001110 7
b00000000111000001101111100010011 8
b0000101101 :
b101 <
0=
b11110 >
b00001 ?
b01110 @
b00000000000000000000000010110100 B
b00000000000000000000000010110100 G
b00000000000000000000000010111000 H
1j
#90
0j
#91
b0000 #
b11 $
0%
b00000000000001000000000010111000 -
b00000000000000000000000010111100 .
0/
b00000000000000000000000000000000 0
b00000000000000000000000000000000 1
b00000000000001000000000000000000 2
b00000000000000000000000000000000 3
b00000000000001000000000000000000 5
b00000000000001000000000000000000 7
b00000000000001000000111010110111 8
b0000101110 :
b0110111 ;
b000 <
b11101 >
b01000 ?
b00000 @
b00000000000000000000000010111000 B
b0000000000 C
b00 D
b00000000000000000000000010111000 G
b00000000000000000000000010111100 H
b00000000000000111111111111111111 h
1j
#92
0j
#93
b00 $
1%
b00000000000000000000000010111011 -
b00000000000000000000000011000000 .
1/
b11111111111111111111111111111111 0
b00000000000000111111111111111111 1
b00000000000000111111111111111111 2
b00000000000001000000000000000000 3
b11111111111111111111111111111111 5
b11111111111111111111111111111111 7
b11111111111111101000111010010011 8
b0000101111 :
b0010011 ;
1=
b11101 ?
b11111 @
b00000000000000000000000010111100 B
b1111111111 C
b11 D
b00000000000000000000000010111100 G
b00000000000000000000000011000000 H
b00000000000001000000000000000000 g
1j
#94
0j
#95
b00000000000000000000000011001010 -
b00000000000000000000000011000100 .
0/
b00000000000000000000000000001010 0
b00000000000000000000000000001010 1
b00000000000000000000000000001010 2
b00000000000000000000000000000000 3
b00000000000000000000000000001010 5
b00000000000000000000000000001010 7
b00000000101000000000000110010011 8
b0000110000 :
0=
b00011 >
b00000 ?
b01010 @
b00000000000000000000000011000000 B
b0000000010 C
b10 D
b00000000000000000000000011000000 G
b00000000000000000000000011000100 H
b00000000000000111111111111111111 g
1j
#96
0j
#97
b1011 #
0%
1(
0*
b00000000000000000000000110000100 -
b00000000000000000000000011001000 .
b00000000000000111111111111111111 0
b00000000000000000000000000000000 1
b00000000000000000000000000000000 2
b00000000000000111111111111111111 3
b00000000000000111111111111111111 4
b00000000000000000000000011000000 5
b00000000000000000000000011000000 7
b00001101110111110001000001100011 8
b0000110001 :
b1100011 ;
b001 <
b00000 >
b11110 ?
b11101 @
b00000000000000000000000011000100 B
b0000000000 C
b00 D
b00000000000000000000000011000100 G
b00000000000000000000000011001000 H
b00000000000000000000000000001010 M
1j
#98
0j
#99
b0000 #
1%
0(
1*
b00000000000000000000000011000111 -
b00000000000000000000000011001100 .
1/
b11111111111111111111111111111111 0
b11111111111111111111111111111111 1
b11111111111111111111111111111111 2
b00000000000000000000000000000000 3
b00000000000000000000000000000000 4
b11111111111111111111111111111111 5
b11111111111111111111111111111111 7
b11111111111100000000000010010011 8
b0000110010 :
b0010011 ;
b000 <
1=
b00001 >
b00000 ?
b11111 @
b00000000000000000000000011001000 B
b1111111111 C
b11 D
b00000000000000000000000011001000 G
b00000000000000000000000011001100 H
1j
#100
0j
#101
b0110 #
b00000000000000000000000011101011 -
b00000000000000000000000011010000 .
b00000000000000000000000000011111 0
b00000000000000000000000000000001 1
b00000000000000000000000000000001 2
b11111111111111111111111111111111 3
b00000000000000000000000000011111 5
b00000000000000000000000000011111 7
b00000001111100001101111100010011 8
b0000110011 :
b101 <
0=
b11110 >
b00001 ?
b00000000000000000000000011001100 B
b0000000000 C
b01 D
b00000000000000000000000011001100 G
b00000000000000000000000011010000 H
1j
#102
0j
#103
b0000 #
b00000000000000000000000011010001 -
b00000000000000000000000011010100 .
b00000000000000000000000000000001 0
b00000000000000000000000000000000 3
b11111111111111111111111111111111 4
b00000000000000000000000000000001 5
b00000000000000000000000000000001 7
b00000000000100000000111010010011 8
b0000110100 :
b000 <
b11101 >
b00000 ?
b00001 @
b00000000000000000000000011010000 B
b00000000000000000000000011010000 G
b00000000000000000000000011010100 H
b00000000000000000000000000000001 h
1j
#104
0j
#105
b00000000000000000000000011011111 -
b00000000000000000000000011011000 .
b00000000000000000000000000001011 0
b00000000000000000000000000001011 1
b00000000000000000000000000001011 2
b00000000000000000000000000000000 4
b00000000000000000000000000001011 5
b00000000000000000000000000001011 7
b00000000101100000000000110010011 8
b0000110101 :
b00011 >
b01011 @
b00000000000000000000000011010100 B
b0000000010 C
b11 D
b00000000000000000000000011010100 G
b00000000000000000000000011011000 H
b00000000000000000000000000000001 g
1j
#106
0j
#107
b1011 #
0%
1(
0*
b00000000000000000000000110000100 -
b00000000000000000000000011011100 .
0/
b00000000000000000000000000000001 0
b00000000000000000000000000000000 1
b00000000000000000000000000000000 2
b00000000000000000000000000000001 3
b00000000000000000000000000000001 4
b00000000000000000000000010101100 5
b00000000000000000000000010101100 7
b00001011110111110001011001100011 8
b0000110110 :
b1100011 ;
b001 <
b01100 >
b11110 ?
b11101 @
b00000000000000000000000011011000 B
b0000000000 C
b00 D
b00000000000000000000000011011000 G
b00000000000000000000000011011100 H
b00000000000000000000000000001011 M
1j
#108
0j
#109
b0000 #
b11 $
0(
1*
b00100001001000010010000011011100 -
b00000000000000000000000011100000 .
b00000000000000000000000000000000 0
b00100001001000010010000000000000 2
b00000000000000000000000000000000 3
b00000000000000000000000000000000 4
b00100001001000010010000000000000 5
b00100001001000010010000000000000 7
b00100001001000010010000010110111 8
b0000110111 :
b0110111 ;
b010 <
b00001 >
b00010 ?
b10010 @
b00000000000000000000000011011100 B
b00000000000000000000000011011100 G
b00000000000000000000000011100000 H
1j
#110
0j
#111
b00 $
1%
b00000000000000000000001000000001 -
b00000000000000000000000011100100 .
1/
b00000000000000000000000100100001 0
b00100001001000010010000100100001 1
b00100001001000010010000100100001 2
b00100001001000010010000000000000 3
b00100001001000010010000000000000 4
b00000000000000000000000100100001 5
b00000000000000000000000100100001 7
b00010010000100001000000010010011 8
b0000111000 :
b0010011 ;
b000 <
b00001 ?
b00001 @
b00000000000000000000000011100000 B
b0001001000 C
b01 D
b00000000000000000000000011100000 G
b00000000000000000000000011100100 H
b00100001001000010010000000000000 K
1j
#112
0j
#113
b0110 #
b00000000000000000000000011100100 -
b00000000000000000000000011101000 .
b00000000000000000000000000000000 0
b00100001001000010010000100100001 3
b00000000000000000000000000000000 4
b00000000000000000000000000000000 5
b00000000000000000000000000000000 7
b00000000000000001101111100010011 8
b0000111001 :
b101 <
b11110 >
b00000 @
b00000000000000000000000011100100 B
b00000000000000000000000011100100 G
b00000000000000000000000011101000 H
b00100001001000010010000100100001 K
1j
#114
0j
#115
b0000 #
b11 $
0%
b00100001001000010010000011101000 -
b00000000000000000000000011101100 .
0/
b00000000000000000000000000000000 1
b00100001001000010010000000000000 2
b00000000000000000000000000000000 3
b00100001001000010010000000000000 5
b00100001001000010010000000000000 7
b00100001001000010010111010110111 8
b0000111010 :
b0110111 ;
b010 <
b11101 >
b00010 ?
b10010 @
b00000000000000000000000011101000 B
b0000000000 C
b00 D
b00000000000000000000000011101000 G
b00000000000000000000000011101100 H
b00100001001000010010000100100001 h
1j
#116
0j
#117
b00 $
1%
b00000000000000000000001000001101 -
b00000000000000000000000011110000 .
1/
b00000000000000000000000100100001 0
b00100001001000010010000100100001 1
b00100001001000010010000100100001 2
b00100001001000010010000000000000 3
b00100001001000010010000100100001 4
b00000000000000000000000100100001 5
b00000000000000000000000100100001 7
b00010010000111101000111010010011 8
b0000111011 :
b0010011 ;
b000 <
b11101 ?
b00001 @
b00000000000000000000000011101100 B
b0001001000 C
b01 D
b00000000000000000000000011101100 G
b00000000000000000000000011110000 H
b00100001001000010010000000000000 g
1j
#118
0j
#119
b00000000000000000000000011111100 -
b00000000000000000000000011110100 .
0/
b00000000000000000000000000001100 0
b00000000000000000000000000001100 1
b00000000000000000000000000001100 2
b00000000000000000000000000000000 3
b00000000000000000000000000000000 4
b00000000000000000000000000001100 5
b00000000000000000000000000001100 7
b00000000110000000000000110010011 8
b0000111100 :
b00011 >
b00000 ?
b01100 @
b00000000000000000000000011110000 B
b0000000011 C
b00 D
b00000000000000000000000011110000 G
b00000000000000000000000011110100 H
b00100001001000010010000100100001 g
1j
#120
0j
#121
b1011 #
0%
1(
0*
b00000000000000000000000110000100 -
b00000000000000000000000011111000 .
b00100001001000010010000100100001 0
b00000000000000000000000000000000 1
b00000000000000000000000000000000 2
b00100001001000010010000100100001 3
b00100001001000010010000100100001 4
b00000000000000000000000010010000 5
b00000000000000000000000010010000 7
b00001001110111110001100001100011 8
b0000111101 :
b1100011 ;
b001 <
b10000 >
b11110 ?
b11101 @
b00000000000000000000000011110100 B
b0000000000 C
b00000000000000000000000011110100 G
b00000000000000000000000011111000 H
b00000000000000000000000000001100 M
1j
#122
0j
#123
b0000 #
b11 $
0(
1*
b00100001001000010010000011111000 -
b00000000000000000000000011111100 .
b00000000000000000000000000000000 0
b00100001001000010010000000000000 2
b00000000000000000000000000000000 3
b00000000000000000000000000000000 4
b00100001001000010010000000000000 5
b00100001001000010010000000000000 7
b00100001001000010010000010110111 8
b0000111110 :
b0110111 ;
b010 <
b00001 >
b00010 ?
b10010 @
b00000000000000000000000011111000 B
b00000000000000000000000011111000 G
b00000000000000000000000011111100 H
1j
#124
0j
#125
b00 $
1%
b00000000000000000000001000011101 -
b00000000000000000000000100000000 .
1/
b00000000000000000000000100100001 0
b00100001001000010010000100100001 1
b00100001001000010010000100100001 2
b00100001001000010010000000000000 3
b00100001001000010010000000000000 4
b00000000000000000000000100100001 5
b00000000000000000000000100100001 7
b00010010000100001000000010010011 8
b0000111111 :
b0010011 ;
b000 <
b00001 ?
b00001 @
b00000000000000000000000011111100 B
b0001001000 C
b01 D
b00000000000000000000000011111100 G
b00000000000000000000000100000000 H
b00100001001000010010000000000000 K
1j
#126
0j
#127
b0110 #
b00000000000000000000000100000001 -
b00000000000000000000000100000100 .
0/
b00000000000000000000000000000001 0
b00010000100100001001000010010000 1
b00010000100100001001000010010000 2
b00100001001000010010000100100001 3
b00100001001000010010000100100001 4
b00000000000000000000000000000001 5
b00000000000000000000000000000001 7
b00000000000100001101111100010011 8
b0001000000 :
b101 <
b11110 >
b00000000000000000000000100000000 B
b0000100100 C
b00 D
b00000000000000000000000100000000 G
b00000000000000000000000100000100 H
b00100001001000010010000100100001 K
1j
#128
0j
#129
b0000 #
b11 $
0%
b00010000100100001001000100000100 -
b00000000000000000000000100001000 .
1/
b00000000000000000000000000000000 0
b00100001001000010010000100100001 1
b00010000100100001001000000000000 2
b00000000000000000000000000000000 4
b00010000100100001001000000000000 5
b00010000100100001001000000000000 7
b00010000100100001001111010110111 8
b0001000001 :
b0110111 ;
b001 <
b11101 >
b01001 @
b00000000000000000000000100000100 B
b0001001000 C
b01 D
b00000000000000000000000100000100 G
b00000000000000000000000100001000 H
b00010000100100001001000010010000 h
1j
#130
0j
#131
b00 $
1%
b00000000000000000000000110011000 -
b00000000000000000000000100001100 .
0/
b00000000000000000000000010010000 0
b00010000100100001001000010010000 1
b00010000100100001001000010010000 2
b00010000100100001001000000000000 3
b00000000000000000000000010010000 5
b00000000000000000000000010010000 7
b00001001000011101000111010010011 8
b0001000010 :
b0010011 ;
b000 <
b11101 ?
b10000 @
b00000000000000000000000100001000 B
b0000100100 C
b00 D
b00000000000000000000000100001000 G
b00000000000000000000000100001100 H
b00010000100100001001000000000000 g
1j
#132
0j
#133
b00000000000000000000000100011001 -
b00000000000000000000000100010000 .
1/
b00000000000000000000000000001101 0
b00000000000000000000000000001101 1
b00000000000000000000000000001101 2
b00000000000000000000000000000000 3
b00000000000000000000000000001101 5
b00000000000000000000000000001101 7
b00000000110100000000000110010011 8
b0001000011 :
b00011 >
b00000 ?
b01101 @
b00000000000000000000000100001100 B
b0000000011 C
b01 D
b00000000000000000000000100001100 G
b00000000000000000000000100010000 H
b00010000100100001001000010010000 g
1j
#134
0j
#135
b1011 #
0%
1(
0*
b00000000000000000000000110000100 -
b00000000000000000000000100010100 .
0/
b00010000100100001001000010010000 0
b00000000000000000000000000000000 1
b00000000000000000000000000000000 2
b00010000100100001001000010010000 3
b00010000100100001001000010010000 4
b00000000000000000000000001110100 5
b00000000000000000000000001110100 7
b00000111110111110001101001100011 8
b0001000100 :
b1100011 ;
b001 <
b10100 >
b11110 ?
b11101 @
b00000000000000000000000100010000 B
b0000000000 C
b00 D
b00000000000000000000000100010000 G
b00000000000000000000000100010100 H
b00000000000000000000000000001101 M
1j
#136
0j
#137
b0000 #
b11 $
0(
1*
b00100001001000010010000100010100 -
b00000000000000000000000100011000 .
b00000000000000000000000000000000 0
b00100001001000010010000000000000 2
b00000000000000000000000000000000 3
b00000000000000000000000000000000 4
b00100001001000010010000000000000 5
b00100001001000010010000000000000 7
b00100001001000010010000010110111 8
b0001000101 :
b0110111 ;
b010 <
b00001 >
b00010 ?
b10010 @
b00000000000000000000000100010100 B
b00000000000000000000000100010100 G
b00000000000000000000000100011000 H
1j
#138
0j
#139
b00 $
1%
b00000000000000000000001000111001 -
b00000000000000000000000100011100 .
1/
b00000000000000000000000100100001 0
b00100001001000010010000100100001 1
b00100001001000010010000100100001 2
b00100001001000010010000000000000 3
b00100001001000010010000000000000 4
b00000000000000000000000100100001 5
b00000000000000000000000100100001 7
b00010010000100001000000010010011 8
b0001000110 :
b0010011 ;
b000 <
b00001 ?
b00001 @
b00000000000000000000000100011000 B
b0001001000 C
b01 D
b00000000000000000000000100011000 G
b00000000000000000000000100011100 H
b00100001001000010010000000000000 K
1j
#140
0j
#141
b0110 #
b00000000000000000000000100100011 -
b00000000000000000000000100100000 .
0/
b00000000000000000000000000000111 0
b00000000010000100100001001000010 1
b00000000010000100100001001000010 2
b00100001001000010010000100100001 3
b00000000000000000000000000000000 4
b00000000000000000000000000000111 5
b00000000000000000000000000000111 7
b00000000011100001101111100010011 8
b0001000111 :
b101 <
b11110 >
b00111 @
b00000000000000000000000100011100 B
b0010010000 C
b10 D
b00000000000000000000000100011100 G
b00000000000000000000000100100000 H
b00100001001000010010000100100001 K
1j
#142
0j
#143
b0000 #
b11 $
0%
b00000000010000100100000100100000 -
b00000000000000000000000100100100 .
b00000000000000000000000000000000 0
b00000000000000000000000000000000 1
b00000000010000100100000000000000 2
b00000000000000000000000000000000 3
b00000000010000100100000000000000 5
b00000000010000100100000000000000 7
b00000000010000100100111010110111 8
b0001001000 :
b0110111 ;
b100 <
b11101 >
b00100 ?
b00100 @
b00000000000000000000000100100000 B
b0000000000 C
b00 D
b00000000000000000000000100100000 G
b00000000000000000000000100100100 H
b00000000010000100100001001000010 h
1j
#144
0j
#145
b00 $
1%
b00000000000000000000001101100110 -
b00000000000000000000000100101000 .
b00000000000000000000001001000010 0
b00000000010000100100001001000010 1
b00000000010000100100001001000010 2
b00000000010000100100000000000000 3
b00000000000000000000001001000010 5
b00000000000000000000001001000010 7
b00100100001011101000111010010011 8
b0001001001 :
b0010011 ;
b000 <
b11101 ?
b00010 @
b00000000000000000000000100100100 B
b0010010000 C
b10 D
b00000000000000000000000100100100 G
b00000000000000000000000100101000 H
b00000000010000100100000000000000 g
1j
#146
0j
#147
b00000000000000000000000100110110 -
b00000000000000000000000100101100 .
b00000000000000000000000000001110 0
b00000000000000000000000000001110 1
b00000000000000000000000000001110 2
b00000000000000000000000000000000 3
b00000000000000000000000000001110 5
b00000000000000000000000000001110 7
b00000000111000000000000110010011 8
b0001001010 :
b00011 >
b00000 ?
b01110 @
b00000000000000000000000100101000 B
b0000000011 C
b00000000000000000000000100101000 G
b00000000000000000000000100101100 H
b00000000010000100100001001000010 g
1j
#148
0j
#149
b1011 #
0%
1(
0*
b00000000000000000000000110000100 -
b00000000000000000000000100110000 .
b00000000010000100100001001000010 0
b00000000000000000000000000000000 1
b00000000000000000000000000000000 2
b00000000010000100100001001000010 3
b00000000010000100100001001000010 4
b00000000000000000000000001011000 5
b00000000000000000000000001011000 7
b00000101110111110001110001100011 8
b0001001011 :
b1100011 ;
b001 <
b11000 >
b11110 ?
b11101 @
b00000000000000000000000100101100 B
b0000000000 C
b00 D
b00000000000000000000000100101100 G
b00000000000000000000000100110000 H
b00000000000000000000000000001110 M
1j
#150
0j
#151
b0000 #
b11 $
0(
1*
b00100001001000010010000100110000 -
b00000000000000000000000100110100 .
b00000000000000000000000000000000 0
b00100001001000010010000000000000 2
b00000000000000000000000000000000 3
b00000000000000000000000000000000 4
b00100001001000010010000000000000 5
b00100001001000010010000000000000 7
b00100001001000010010000010110111 8
b0001001100 :
b0110111 ;
b010 <
b00001 >
b00010 ?
b10010 @
b00000000000000000000000100110000 B
b00000000000000000000000100110000 G
b00000000000000000000000100110100 H
1j
#152
0j
#153
b00 $
1%
b00000000000000000000001001010101 -
b00000000000000000000000100111000 .
1/
b00000000000000000000000100100001 0
b00100001001000010010000100100001 1
b00100001001000010010000100100001 2
b00100001001000010010000000000000 3
b00100001001000010010000000000000 4
b00000000000000000000000100100001 5
b00000000000000000000000100100001 7
b00010010000100001000000010010011 8
b0001001101 :
b0010011 ;
b000 <
b00001 ?
b00001 @
b00000000000000000000000100110100 B
b0001001000 C
b01 D
b00000000000000000000000100110100 G
b00000000000000000000000100111000 H
b00100001001000010010000000000000 K
1j
#154
0j
#155
b0110 #
b00000000000000000000000101000110 -
b00000000000000000000000100111100 .
0/
b00000000000000000000000000001110 0
b00000000000000001000010010000100 1
b00000000000000001000010010000100 2
b00100001001000010010000100100001 3
b00000000000000000000000000000000 4
b00000000000000000000000000001110 5
b00000000000000000000000000001110 7
b00000000111000001101111100010011 8
b0001001110 :
b101 <
b11110 >
b01110 @
b00000000000000000000000100111000 B
b0100100001 C
b00 D
b00000000000000000000000100111000 G
b00000000000000000000000100111100 H
b00100001001000010010000100100001 K
1j
#156
0j
#157
b0000 #
b11 $
0%
b00000000000000001000000100111100 -
b00000000000000000000000101000000 .
1/
b00000000000000000000000000000000 0
b00100001001000010010000100100001 1
b00000000000000001000000000000000 2
b00000000000000001000000000000000 5
b00000000000000001000000000000000 7
b00000000000000001000111010110111 8
b0001001111 :
b0110111 ;
b000 <
b11101 >
b00000 @
b00000000000000000000000100111100 B
b0001001000 C
b01 D
b00000000000000000000000100111100 G
b00000000000000000000000101000000 H
b00000000000000001000010010000100 h
1j
#158
0j
#159
b00 $
1%
b00000000000000000000010111000100 -
b00000000000000000000000101000100 .
0/
b00000000000000000000010010000100 0
b00000000000000001000010010000100 1
b00000000000000001000010010000100 2
b00000000000000001000000000000000 3
b00000000000000000000010010000100 5
b00000000000000000000010010000100 7
b01001000010011101000111010010011 8
b0001010000 :
b0010011 ;
1=
b11101 ?
b00100 @
b00000000000000000000000101000000 B
b0100100001 C
b00 D
b00000000000000000000000101000000 G
b00000000000000000000000101000100 H
b00000000000000001000000000000000 g
1j
#160
0j
#161
b00000000000000000000000101010011 -
b00000000000000000000000101001000 .
1/
b00000000000000000000000000001111 0
b00000000000000000000000000001111 1
b00000000000000000000000000001111 2
b00000000000000000000000000000000 3
b00000000000000000000000000001111 5
b00000000000000000000000000001111 7
b00000000111100000000000110010011 8
b0001010001 :
0=
b00011 >
b00000 ?
b01111 @
b00000000000000000000000101000100 B
b0000000011 C
b11 D
b00000000000000000000000101000100 G
b00000000000000000000000101001000 H
b00000000000000001000010010000100 g
1j
#162
0j
#163
b1011 #
0%
1(
0*
b00000000000000000000000110000100 -
b00000000000000000000000101001100 .
0/
b00000000000000001000010010000100 0
b00000000000000000000000000000000 1
b00000000000000000000000000000000 2
b00000000000000001000010010000100 3
b00000000000000001000010010000100 4
b00000000000000000000000000111100 5
b00000000000000000000000000111100 7
b00000011110111110001111001100011 8
b0001010010 :
b1100011 ;
b001 <
b11100 >
b11110 ?
b11101 @
b00000000000000000000000101001000 B
b0000000000 C
b00 D
b00000000000000000000000101001000 G
b00000000000000000000000101001100 H
b00000000000000000000000000001111 M
1j
#164
0j
#165
b0000 #
b11 $
0(
1*
b00100001001000010010000101001100 -
b00000000000000000000000101010000 .
b00000000000000000000000000000000 0
b00100001001000010010000000000000 2
b00000000000000000000000000000000 3
b00000000000000000000000000000000 4
b00100001001000010010000000000000 5
b00100001001000010010000000000000 7
b00100001001000010010000010110111 8
b0001010011 :
b0110111 ;
b010 <
b00001 >
b00010 ?
b10010 @
b00000000000000000000000101001100 B
b00000000000000000000000101001100 G
b00000000000000000000000101010000 H
1j
#166
0j
#167
b00 $
1%
b00000000000000000000001001110001 -
b00000000000000000000000101010100 .
1/
b00000000000000000000000100100001 0
b00100001001000010010000100100001 1
b00100001001000010010000100100001 2
b00100001001000010010000000000000 3
b00100001001000010010000000000000 4
b00000000000000000000000100100001 5
b00000000000000000000000100100001 7
b00010010000100001000000010010011 8
b0001010100 :
b0010011 ;
b000 <
b00001 ?
b00001 @
b00000000000000000000000101010000 B
b0001001000 C
b01 D
b00000000000000000000000101010000 G
b00000000000000000000000101010100 H
b00100001001000010010000000000000 K
1j
#168
0j
#169
b0110 #
b00000000000000000000000101110011 -
b00000000000000000000000101011000 .
0/
b00000000000000000000000000011111 0
b00000000000000000000000000000000 1
b00000000000000000000000000000000 2
b00100001001000010010000100100001 3
b00000000000000000000000000000000 4
b00000000000000000000000000011111 5
b00000000000000000000000000011111 7
b00000001111100001101111100010011 8
b0001010101 :
b101 <
b11110 >
b11111 @
b00000000000000000000000101010100 B
b0000000000 C
b00 D
b00000000000000000000000101010100 G
b00000000000000000000000101011000 H
b00100001001000010010000100100001 K
1j
#170
0j
#171
b0000 #
b00000000000000000000000101011000 -
b00000000000000000000000101011100 .
b00000000000000000000000000000000 0
b00000000000000000000000000000000 3
b00000000000000000000000000000000 5
b00000000000000000000000000000000 7
b00000000000000000000111010010011 8
b0001010110 :
b000 <
b11101 >
b00000 ?
b00000 @
b00000000000000000000000101011000 B
b00000000000000000000000101011000 G
b00000000000000000000000101011100 H
b00000000000000000000000000000000 h
1j
#172
0j
#173
b00000000000000000000000101101100 -
b00000000000000000000000101100000 .
b00000000000000000000000000010000 0
b00000000000000000000000000010000 1
b00000000000000000000000000010000 2
b00000000000000000000000000010000 5
b00000000000000000000000000010000 7
b00000001000000000000000110010011 8
b0001010111 :
b00011 >
b10000 @
b00000000000000000000000101011100 B
b0000000100 C
b00000000000000000000000101011100 G
b00000000000000000000000101100000 H
b00000000000000000000000000000000 g
1j
#174
0j
#175
b1011 #
0%
1(
0*
b00000000000000000000000110000100 -
b00000000000000000000000101100100 .
b00000000000000000000000000000000 0
b00000000000000000000000000000000 1
b00000000000000000000000000000000 2
b00000000000000000000000000100100 5
b00000000000000000000000000100100 7
b00000011110111110001001001100011 8
b0001011000 :
b1100011 ;
b001 <
b00100 >
b11110 ?
b11101 @
b00000000000000000000000101100000 B
b0000000000 C
b00000000000000000000000101100000 G
b00000000000000000000000101100100 H
b00000000000000000000000000010000 M
1j
#176
0j
#177
b0000 #
b11 $
0(
1*
b10000000000000000000000101100100 -
b00000000000000000000000101101000 .
b10000000000000000000000000000000 2
b10000000000000000000000000000000 5
b10000000000000000000000000000000 7
b10000000000000000000000010110111 8
b0001011001 :
b0110111 ;
b000 <
b00001 >
b00000 ?
b00000 @
b00000000000000000000000101100100 B
b00000000000000000000000101100100 G
b00000000000000000000000101101000 H
1j
#178
0j
#179
b00 $
1%
b00000000000000000000000101101000 -
b00000000000000000000000101101100 .
b10000000000000000000000000000000 1
b10000000000000000000000000000000 3
b00000000000000000000000000000000 5
b00000000000000000000000000000000 7
b00000000000000001000000010010011 8
b0001011010 :
b0010011 ;
b00001 ?
b00000000000000000000000101101000 B
b00000000000000000000000101101000 G
b00000000000000000000000101101100 H
b10000000000000000000000000000000 K
1j
#180
0j
#181
b0110 #
b00000000000000000000000101110011 -
b00000000000000000000000101110000 .
b00000000000000000000000000000111 0
b00000001000000000000000000000000 1
b00000001000000000000000000000000 2
b00000000000000000000000000000111 5
b00000000000000000000000000000111 7
b00000000011100001101000010010011 8
b0001011011 :
b101 <
b00111 @
b00000000000000000000000101101100 B
b00000000000000000000000101101100 G
b00000000000000000000000101110000 H
1j
#182
0j
#183
b0000 #
b11 $
0%
b00000001000000000000000101110000 -
b00000000000000000000000101110100 .
b00000000000000000000000000000000 0
b00000000000000000000000000000000 1
b00000000000000000000000000000000 3
b00000001000000000000000000000000 5
b00000001000000000000000000000000 7
b00000001000000000000111010110111 8
b0001011100 :
b0110111 ;
b000 <
b11101 >
b00000 ?
b10000 @
b00000000000000000000000101110000 B
b00000000000000000000000101110000 G
b00000000000000000000000101110100 H
b00000001000000000000000000000000 K
1j
#184
0j
#185
b00 $
1%
b00000000000000000000000101110100 -
b00000000000000000000000101111000 .
b00000001000000000000000000000000 1
b00000001000000000000000000000000 3
b00000000000000000000000000000000 5
b00000000000000000000000000000000 7
b00000000000011101000111010010011 8
b0001011101 :
b0010011 ;
b11101 ?
b00000 @
b00000000000000000000000101110100 B
b00000000000000000000000101110100 G
b00000000000000000000000101111000 H
b00000001000000000000000000000000 g
1j
#186
0j
#187
b00000000000000000000000110001001 -
b00000000000000000000000101111100 .
1/
b00000000000000000000000000010001 0
b00000000000000000000000000010001 1
b00000000000000000000000000010001 2
b00000000000000000000000000000000 3
b00000000000000000000000000010001 5
b00000000000000000000000000010001 7
b00000001000100000000000110010011 8
b0001011110 :
b00011 >
b00000 ?
b10001 @
b00000000000000000000000101111000 B
b0000000100 C
b01 D
b00000000000000000000000101111000 G
b00000000000000000000000101111100 H
1j
#188
0j
#189
b1011 #
0%
1(
0*
b00000000000000000000000110000100 -
b00000000000000000000000110000000 .
0/
b00000001000000000000000000000000 0
b00000000000000000000000000000000 1
b00000000000000000000000000000000 2
b00000001000000000000000000000000 3
b00000001000000000000000000000000 4
b00000000000000000000000000001000 5
b00000000000000000000000000001000 7
b00000001110100001001010001100011 8
b0001011111 :
b1100011 ;
b001 <
b01000 >
b00001 ?
b11101 @
b00000000000000000000000101111100 B
b0000000000 C
b00 D
b00000000000000000000000101111100 G
b00000000000000000000000110000000 H
b00000000000000000000000000010001 M
1j
#190
0j
#191
1,
b00000000000000000000000110010000 -
b00000000000000000000000110010000 .
1/
b00000000000000000000000000010001 0
b00000000000000000000000000000001 1
b00000000000000000000000000000001 2
b00000000000000000000000000000000 3
b00000000000000000000000000010001 4
b00000000000000000000000000010000 5
b00000000000000000000000000010000 7
b00000000001100000001100001100011 8
b0001100000 :
b10000 >
b00000 ?
b00011 @
b00000000000000000000000110000000 B
b01 D
b00000000000000000000000110000000 G
b00000000000000000000000110000100 H
1j
#192
0j
#193
b0000 #
1%
0(
1*
0,
b00000000000000000000000110111010 -
b00000000000000000000000110010100 .
0/
b00000000000000000000000000101010 0
b00000000000000000000000000101010 1
b00000000000000000000000000101010 2
b00000000000000000000000000000000 4
b00000000000000000000000000101010 5
b00000000000000000000000000101010 7
b00000010101000000000010100010011 8
b0001100100 :
b0010011 ;
b000 <
b01010 >
b01010 @
b00000000000000000000000110010000 B
b0000001010 C
b10 D
b00000000000000000000000110010000 G
b00000000000000000000000110010100 H
1j
#194
0j
#195
b00000000000000000000000111110001 -
b00000000000000000000000110011000 .
1/
b00000000000000000000000001011101 0
b00000000000000000000000001011101 1
b00000000000000000000000001011101 2
b00000001000000000000000000000000 4
b00000000000000000000000001011101 5
b00000000000000000000000001011101 7
b00000101110100000000100010010011 8
b0001100101 :
b10001 >
b11101 @
b00000000000000000000000110010100 B
b0000010111 C
b01 D
b00000000000000000000000110010100 G
b00000000000000000000000110011000 H
b00000000000000000000000000101010 T
1j
#196
0j
#197
0%
b00000000000000000000000110011000 -
b00000000000000000000000110011100 .
0/
b00000000000000000000000000000000 0
b00000000000000000000000000000000 1
b00000000000000000000000000000000 2
b00000000000000000000000000000000 4
b00000000000000000000000000000000 5
b00000000000000000000000000000000 7
b00000000000000000000000001110011 8
b0001100110 :
b1110011 ;
b00000 >
b00000 @
b00000000000000000000000110011000 B
b0000000000 C
b00 D
b00000000000000000000000110011000 G
b00000000000000000000000110011100 H
b00000000000000000000000001011101 [
1j
#198
0j
#199
b00000000000000000000000110011100 -
b00000000000000000000000110100000 .
b00000000000000000000000000000000 8
b0001100111 :
b0000000 ;
b00000000000000000000000110011100 B
b00000000000000000000000110011100 G
b00000000000000000000000110100000 H
1j
#200
0j
