[inst #1] addi x1,x0,1
Register Write to Reg: 0x01 Val: 0x00000001
[inst #2] slli x30,x1,0
Register Write to Reg: 0x1E Val: 0x00000001
[inst #3] addi x29,x0,1
Register Write to Reg: 0x1D Val: 0x00000001
[inst #4] addi x3,x0,2
Register Write to Reg: 0x03 Val: 0x00000002
[inst #5] bne x30,x29,372
[inst #6] addi x1,x0,1
Register Write to Reg: 0x01 Val: 0x00000001
[inst #7] slli x30,x1,1
Register Write to Reg: 0x1E Val: 0x00000002
[inst #8] addi x29,x0,2
Register Write to Reg: 0x1D Val: 0x00000002
[inst #9] addi x3,x0,3
Register Write to Reg: 0x03 Val: 0x00000003
[inst #10] bne x30,x29,352
[inst #11] addi x1,x0,1
Register Write to Reg: 0x01 Val: 0x00000001
[inst #12] slli x30,x1,7
Register Write to Reg: 0x1E Val: 0x00000080
[inst #13] addi x29,x0,128
Register Write to Reg: 0x1D Val: 0x00000080
[inst #14] addi x3,x0,4
Register Write to Reg: 0x03 Val: 0x00000004
[inst #15] bne x30,x29,332
[inst #16] addi x1,x0,1
Register Write to Reg: 0x01 Val: 0x00000001
[inst #17] slli x30,x1,14
Register Write to Reg: 0x1E Val: 0x00004000
[inst #18] lui x29,4
Register Write to Reg: 0x1D Val: 0x00004000
[inst #19] addi x29,x29,0
Register Write to Reg: 0x1D Val: 0x00004000
[inst #20] addi x3,x0,5
Register Write to Reg: 0x03 Val: 0x00000005
[inst #21] bne x30,x29,308
[inst #22] addi x1,x0,1
Register Write to Reg: 0x01 Val: 0x00000001
[inst #23] slli x30,x1,31
Register Write to Reg: 0x1E Val: 0xFFFFFFFF80000000
[inst #24] lui x29,-524288
Register Write to Reg: 0x1D Val: 0xFFFFFFFF80000000
[inst #25] addi x29,x29,0
Register Write to Reg: 0x1D Val: 0xFFFFFFFF80000000
[inst #26] addi x3,x0,6
Register Write to Reg: 0x03 Val: 0x00000006
[inst #27] bne x30,x29,284
[inst #28] addi x1,x0,-1
Register Write to Reg: 0x01 Val: 0xFFFFFFFFFFFFFFFF
[inst #29] slli x30,x1,0
Register Write to Reg: 0x1E Val: 0xFFFFFFFFFFFFFFFF
[inst #30] addi x29,x0,-1
Register Write to Reg: 0x1D Val: 0xFFFFFFFFFFFFFFFF
[inst #31] addi x3,x0,7
Register Write to Reg: 0x03 Val: 0x00000007
[inst #32] bne x30,x29,264
[inst #33] addi x1,x0,-1
Register Write to Reg: 0x01 Val: 0xFFFFFFFFFFFFFFFF
[inst #34] slli x30,x1,1
Register Write to Reg: 0x1E Val: 0xFFFFFFFFFFFFFFFE
[inst #35] addi x29,x0,-2
Register Write to Reg: 0x1D Val: 0xFFFFFFFFFFFFFFFE
[inst #36] addi x3,x0,8
Register Write to Reg: 0x03 Val: 0x00000008
[inst #37] bne x30,x29,244
[inst #38] addi x1,x0,-1
Register Write to Reg: 0x01 Val: 0xFFFFFFFFFFFFFFFF
[inst #39] slli x30,x1,7
Register Write to Reg: 0x1E Val: 0xFFFFFFFFFFFFFF80
[inst #40] addi x29,x0,-128
Register Write to Reg: 0x1D Val: 0xFFFFFFFFFFFFFF80
[inst #41] addi x3,x0,9
Register Write to Reg: 0x03 Val: 0x00000009
[inst #42] bne x30,x29,224
[inst #43] addi x1,x0,-1
Register Write to Reg: 0x01 Val: 0xFFFFFFFFFFFFFFFF
[inst #44] slli x30,x1,14
Register Write to Reg: 0x1E Val: 0xFFFFFFFFFFFFC000
[inst #45] lui x29,-4
Register Write to Reg: 0x1D Val: 0xFFFFFFFFFFFFC000
[inst #46] addi x29,x29,0
Register Write to Reg: 0x1D Val: 0xFFFFFFFFFFFFC000
[inst #47] addi x3,x0,10
Register Write to Reg: 0x03 Val: 0x0000000A
[inst #48] bne x30,x29,200
[inst #49] addi x1,x0,-1
Register Write to Reg: 0x01 Val: 0xFFFFFFFFFFFFFFFF
[inst #50] slli x30,x1,31
Register Write to Reg: 0x1E Val: 0xFFFFFFFF80000000
[inst #51] lui x29,-524288
Register Write to Reg: 0x1D Val: 0xFFFFFFFF80000000
[inst #52] addi x29,x29,0
Register Write to Reg: 0x1D Val: 0xFFFFFFFF80000000
[inst #53] addi x3,x0,11
Register Write to Reg: 0x03 Val: 0x0000000B
[inst #54] bne x30,x29,176
[inst #55] lui x1,135698
Register Write to Reg: 0x01 Val: 0x21212000
[inst #56] addi x1,x1,289
Register Write to Reg: 0x01 Val: 0x21212121
[inst #57] slli x30,x1,0
Register Write to Reg: 0x1E Val: 0x21212121
[inst #58] lui x29,135698
Register Write to Reg: 0x1D Val: 0x21212000
[inst #59] addi x29,x29,289
Register Write to Reg: 0x1D Val: 0x21212121
[inst #60] addi x3,x0,12
Register Write to Reg: 0x03 Val: 0x0000000C
[inst #61] bne x30,x29,148
[inst #62] lui x1,135698
Register Write to Reg: 0x01 Val: 0x21212000
[inst #63] addi x1,x1,289
Register Write to Reg: 0x01 Val: 0x21212121
[inst #64] slli x30,x1,1
Register Write to Reg: 0x1E Val: 0x42424242
[inst #65] lui x29,271396
Register Write to Reg: 0x1D Val: 0x42424000
[inst #66] addi x29,x29,578
Register Write to Reg: 0x1D Val: 0x42424242
[inst #67] addi x3,x0,13
Register Write to Reg: 0x03 Val: 0x0000000D
[inst #68] bne x30,x29,120
[inst #69] lui x1,135698
Register Write to Reg: 0x01 Val: 0x21212000
[inst #70] addi x1,x1,289
Register Write to Reg: 0x01 Val: 0x21212121
[inst #71] slli x30,x1,7
Register Write to Reg: 0x1E Val: 0xFFFFFFFF90909080
[inst #72] lui x29,-456439
Register Write to Reg: 0x1D Val: 0xFFFFFFFF90909000
[inst #73] addi x29,x29,128
Register Write to Reg: 0x1D Val: 0xFFFFFFFF90909080
[inst #74] addi x3,x0,14
Register Write to Reg: 0x03 Val: 0x0000000E
[inst #75] bne x30,x29,92
[inst #76] lui x1,135698
Register Write to Reg: 0x01 Val: 0x21212000
[inst #77] addi x1,x1,289
Register Write to Reg: 0x01 Val: 0x21212121
[inst #78] slli x30,x1,14
Register Write to Reg: 0x1E Val: 0x48484000
[inst #79] lui x29,296068
Register Write to Reg: 0x1D Val: 0x48484000
[inst #80] addi x29,x29,0
Register Write to Reg: 0x1D Val: 0x48484000
[inst #81] addi x3,x0,15
Register Write to Reg: 0x03 Val: 0x0000000F
[inst #82] bne x30,x29,64
[inst #83] lui x1,135698
Register Write to Reg: 0x01 Val: 0x21212000
[inst #84] addi x1,x1,289
Register Write to Reg: 0x01 Val: 0x21212121
[inst #85] slli x30,x1,31
Register Write to Reg: 0x1E Val: 0xFFFFFFFF80000000
[inst #86] lui x29,-524288
Register Write to Reg: 0x1D Val: 0xFFFFFFFF80000000
[inst #87] addi x29,x29,0
Register Write to Reg: 0x1D Val: 0xFFFFFFFF80000000
[inst #88] addi x3,x0,16
Register Write to Reg: 0x03 Val: 0x00000010
[inst #89] bne x30,x29,36
[inst #90] addi x1,x0,1
Register Write to Reg: 0x01 Val: 0x00000001
[inst #91] slli x1,x1,7
Register Write to Reg: 0x01 Val: 0x00000080
[inst #92] addi x29,x0,128
Register Write to Reg: 0x1D Val: 0x00000080
[inst #93] addi x3,x0,17
Register Write to Reg: 0x03 Val: 0x00000011
[inst #94] bne x1,x29,16
[inst #95] addi x10,x0,42
Register Write to Reg: 0x0A Val: 0x0000002A
[inst #96] addi x17,x0,93
Register Write to Reg: 0x11 Val: 0x0000005D
[inst #97] ecall 

Program terminated by calling exit
