[inst #1] lui x1,4081
Register Write to Reg: 0x01 Val: 0x00FF1000
[inst #2] addi x1,x1,-256
Register Write to Reg: 0x01 Val: 0x00FF0F00
[inst #3] xori x30,x1,-241
Register Write to Reg: 0x1E Val: 0xFFFFFFFFFF00F00F
[inst #4] lui x29,-4081
Register Write to Reg: 0x1D Val: 0xFFFFFFFFFF00F000
[inst #5] addi x29,x29,15
Register Write to Reg: 0x1D Val: 0xFFFFFFFFFF00F00F
[inst #6] addi x3,x0,2
Register Write to Reg: 0x03 Val: 0x00000002
[inst #7] bne x30,x29,120
[inst #8] lui x1,65281
Register Write to Reg: 0x01 Val: 0x0FF01000
[inst #9] addi x1,x1,-16
Register Write to Reg: 0x01 Val: 0x0FF00FF0
[inst #10] xori x30,x1,240
Register Write to Reg: 0x1E Val: 0x0FF00F00
[inst #11] lui x29,65281
Register Write to Reg: 0x1D Val: 0x0FF01000
[inst #12] addi x29,x29,-256
Register Write to Reg: 0x1D Val: 0x0FF00F00
[inst #13] addi x3,x0,3
Register Write to Reg: 0x03 Val: 0x00000003
[inst #14] bne x30,x29,92
[inst #15] lui x1,4081
Register Write to Reg: 0x01 Val: 0x00FF1000
[inst #16] addi x1,x1,-1793
Register Write to Reg: 0x01 Val: 0x00FF08FF
[inst #17] xori x30,x1,1807
Register Write to Reg: 0x1E Val: 0x00FF0FF0
[inst #18] lui x29,4081
Register Write to Reg: 0x1D Val: 0x00FF1000
[inst #19] addi x29,x29,-16
Register Write to Reg: 0x1D Val: 0x00FF0FF0
[inst #20] addi x3,x0,4
Register Write to Reg: 0x03 Val: 0x00000004
[inst #21] bne x30,x29,64
[inst #22] lui x1,-65281
Register Write to Reg: 0x01 Val: 0xFFFFFFFFF00FF000
[inst #23] addi x1,x1,15
Register Write to Reg: 0x01 Val: 0xFFFFFFFFF00FF00F
[inst #24] xori x30,x1,240
Register Write to Reg: 0x1E Val: 0xFFFFFFFFF00FF0FF
[inst #25] lui x29,-65281
Register Write to Reg: 0x1D Val: 0xFFFFFFFFF00FF000
[inst #26] addi x29,x29,255
Register Write to Reg: 0x1D Val: 0xFFFFFFFFF00FF0FF
[inst #27] addi x3,x0,5
Register Write to Reg: 0x03 Val: 0x00000005
[inst #28] bne x30,x29,36
[inst #29] lui x1,-4081
Register Write to Reg: 0x01 Val: 0xFFFFFFFFFF00F000
[inst #30] addi x1,x1,1792
Register Write to Reg: 0x01 Val: 0xFFFFFFFFFF00F700
[inst #31] xori x1,x1,1807
Register Write to Reg: 0x01 Val: 0xFFFFFFFFFF00F00F
[inst #32] lui x29,-4081
Register Write to Reg: 0x1D Val: 0xFFFFFFFFFF00F000
[inst #33] addi x29,x29,15
Register Write to Reg: 0x1D Val: 0xFFFFFFFFFF00F00F
[inst #34] addi x3,x0,6
Register Write to Reg: 0x03 Val: 0x00000006
[inst #35] bne x1,x29,8
[inst #36] bne x0,x3,16
[inst #37] addi x10,x0,42
Register Write to Reg: 0x0A Val: 0x0000002A
[inst #38] addi x17,x0,93
Register Write to Reg: 0x11 Val: 0x0000005D
[inst #39] ecall 

Program terminated by calling exit
