[inst #1] lui x1,-4080
Register Write to Reg: 0x01 Val: 0xFFFFFFFFFF010000
[inst #2] addi x1,x1,-256
Register Write to Reg: 0x01 Val: 0xFFFFFFFFFF00FF00
[inst #3] ori x30,x1,-241
Register Write to Reg: 0x1E Val: 0xFFFFFFFFFFFFFF0F
[inst #4] addi x29,x0,-241
Register Write to Reg: 0x1D Val: 0xFFFFFFFFFFFFFF0F
[inst #5] addi x3,x0,2
Register Write to Reg: 0x03 Val: 0x00000002
[inst #6] bne x30,x29,120
[inst #7] lui x1,65281
Register Write to Reg: 0x01 Val: 0x0FF01000
[inst #8] addi x1,x1,-16
Register Write to Reg: 0x01 Val: 0x0FF00FF0
[inst #9] ori x30,x1,240
Register Write to Reg: 0x1E Val: 0x0FF00FF0
[inst #10] lui x29,65281
Register Write to Reg: 0x1D Val: 0x0FF01000
[inst #11] addi x29,x29,-16
Register Write to Reg: 0x1D Val: 0x0FF00FF0
[inst #12] addi x3,x0,3
Register Write to Reg: 0x03 Val: 0x00000003
[inst #13] bne x30,x29,92
[inst #14] lui x1,4080
Register Write to Reg: 0x01 Val: 0x00FF0000
[inst #15] addi x1,x1,255
Register Write to Reg: 0x01 Val: 0x00FF00FF
[inst #16] ori x30,x1,1807
Register Write to Reg: 0x1E Val: 0x00FF07FF
[inst #17] lui x29,4080
Register Write to Reg: 0x1D Val: 0x00FF0000
[inst #18] addi x29,x29,2047
Register Write to Reg: 0x1D Val: 0x00FF07FF
[inst #19] addi x3,x0,4
Register Write to Reg: 0x03 Val: 0x00000004
[inst #20] bne x30,x29,64
[inst #21] lui x1,-65281
Register Write to Reg: 0x01 Val: 0xFFFFFFFFF00FF000
[inst #22] addi x1,x1,15
Register Write to Reg: 0x01 Val: 0xFFFFFFFFF00FF00F
[inst #23] ori x30,x1,240
Register Write to Reg: 0x1E Val: 0xFFFFFFFFF00FF0FF
[inst #24] lui x29,-65281
Register Write to Reg: 0x1D Val: 0xFFFFFFFFF00FF000
[inst #25] addi x29,x29,255
Register Write to Reg: 0x1D Val: 0xFFFFFFFFF00FF0FF
[inst #26] addi x3,x0,5
Register Write to Reg: 0x03 Val: 0x00000005
[inst #27] bne x30,x29,36
[inst #28] lui x1,-4080
Register Write to Reg: 0x01 Val: 0xFFFFFFFFFF010000
[inst #29] addi x1,x1,-256
Register Write to Reg: 0x01 Val: 0xFFFFFFFFFF00FF00
[inst #30] ori x1,x1,240
Register Write to Reg: 0x01 Val: 0xFFFFFFFFFF00FFF0
[inst #31] lui x29,-4080
Register Write to Reg: 0x1D Val: 0xFFFFFFFFFF010000
[inst #32] addi x29,x29,-16
Register Write to Reg: 0x1D Val: 0xFFFFFFFFFF00FFF0
[inst #33] addi x3,x0,6
Register Write to Reg: 0x03 Val: 0x00000006
[inst #34] bne x1,x29,8
[inst #35] bne x0,x3,16
[inst #36] addi x10,x0,42
Register Write to Reg: 0x0A Val: 0x0000002A
[inst #37] addi x17,x0,93
Register Write to Reg: 0x11 Val: 0x0000005D
[inst #38] ecall 

Program terminated by calling exit
