$version Generated by VerilatedVcd $end
$timescale 1ps $end
 $scope module TOP $end
  $scope module $unit $end
   $var wire 7 t R_TYPE [6:0] $end
   $var wire 7 u I_IMM_TYPE [6:0] $end
   $var wire 7 u I_OR_R_ALU [6:0] $end
   $var wire 7 v LD_TYPE [6:0] $end
   $var wire 7 v I_IMM_OR_LD [6:0] $end
   $var wire 7 w S_TYPE [6:0] $end
   $var wire 7 v LD_OR_S [6:0] $end
   $var wire 7 x B_TYPE [6:0] $end
   $var wire 7 y J_TYPE [6:0] $end
   $var wire 7 z I_JMP_TYPE [6:0] $end
   $var wire 7 z JAL_OR_JALR [6:0] $end
   $var wire 7 { AUIPC [6:0] $end
   $var wire 7 { U_TYPE [6:0] $end
  $upscope $end
  $var wire 1 j clk_i $end
  $var wire 1 k rst_i $end
  $var wire 1 l imem_ld_i $end
  $var wire 10 m imem_ld_addr_i [9:0] $end
  $var wire 32 n imem_ld_data_i [31:0] $end
  $scope module risc_v $end
   $var wire 32 o AddressWidth [31:0] $end
   $var wire 32 p DataWidth [31:0] $end
   $var wire 1 j clk_i $end
   $var wire 1 k rst_i $end
   $var wire 1 l imem_ld_i $end
   $var wire 10 m imem_ld_addr_i [9:0] $end
   $var wire 32 n imem_ld_data_i [31:0] $end
   $var wire 1 q halt $end
   $var wire 4 # alu_op [3:0] $end
   $var wire 2 $ regf_rd_src [1:0] $end
   $var wire 1 % alu_src2_sel $end
   $var wire 1 & jal $end
   $var wire 1 ' jalr $end
   $var wire 1 ( branch $end
   $var wire 1 ) auipc $end
   $var wire 1 * regf_wr_en $end
   $var wire 1 + mem_wr_en $end
   $var wire 1 , pc_src_sel $end
   $var wire 32 - target_pc [31:0] $end
   $var wire 32 G pc [31:0] $end
   $var wire 32 H pc_plus4 [31:0] $end
   $var wire 32 . next_pc [31:0] $end
   $var wire 1 / alu_flag $end
   $var wire 32 0 alu_src2 [31:0] $end
   $var wire 32 1 alu_result [31:0] $end
   $var wire 32 2 regf_rd_data [31:0] $end
   $var wire 32 3 regf_rs1_data [31:0] $end
   $var wire 32 4 regf_rs2_data [31:0] $end
   $var wire 32 5 uimm_type_data [31:0] $end
   $var wire 32 6 data_mem_r_data [31:0] $end
   $var wire 32 7 imm [31:0] $end
   $var wire 32 8 instr [31:0] $end
   $var wire 32 9 ld_data [31:0] $end
   $var wire 10 : imem_addr [9:0] $end
   $var wire 7 ; op_code [6:0] $end
   $var wire 3 < funct3 [2:0] $end
   $var wire 1 = funct7_h20 $end
   $var wire 5 > regf_rd_addr [4:0] $end
   $var wire 5 ? regf_rs1_addr [4:0] $end
   $var wire 5 @ regf_rs2_addr [4:0] $end
   $scope module alu $end
    $var wire 32 p DataWidth [31:0] $end
    $var wire 32 3 src1_i [31:0] $end
    $var wire 32 0 src2_i [31:0] $end
    $var wire 4 # alu_op_i [3:0] $end
    $var wire 32 1 result_o [31:0] $end
   $upscope $end
   $scope module alu_src2_mux $end
    $var wire 32 p DataWidth [31:0] $end
    $var wire 1 % sel_i $end
    $var wire 32 4 in0_i [31:0] $end
    $var wire 32 7 in1_i [31:0] $end
    $var wire 32 0 out_o [31:0] $end
   $upscope $end
   $scope module control_unit $end
    $var wire 7 ; op_code_i [6:0] $end
    $var wire 1 & jal_o $end
    $var wire 1 ' jalr_o $end
    $var wire 1 ( branch_o $end
    $var wire 1 ) auipc_o $end
    $var wire 1 * regf_wr_en_o $end
    $var wire 1 + mem_wr_en_o $end
    $var wire 2 $ regf_rd_src_o [1:0] $end
    $var wire 1 = fnc7_h20_i $end
    $var wire 3 < funct3_i [2:0] $end
    $var wire 1 % alu_src_o $end
    $var wire 4 # alu_op_o [3:0] $end
    $var wire 1 A fnc7_en $end
   $upscope $end
   $scope module ctrl_flow_unit $end
    $var wire 32 p DataWidth [31:0] $end
    $var wire 1 & jal_i $end
    $var wire 1 ' jalr_i $end
    $var wire 1 ( branch_i $end
    $var wire 1 / alu_flag_i $end
    $var wire 32 G pc_i [31:0] $end
    $var wire 32 3 rs1_data_i [31:0] $end
    $var wire 32 7 addr_offset_i [31:0] $end
    $var wire 1 , pc_src_sel_o $end
    $var wire 32 - pc_target_o [31:0] $end
    $var wire 32 B base_addr [31:0] $end
    $var wire 32 - pc_plus_offset [31:0] $end
   $upscope $end
   $scope module dmem $end
    $var wire 32 o AddressWidth [31:0] $end
    $var wire 32 p DataWidth [31:0] $end
    $var wire 1 j clk_i $end
    $var wire 1 + wr_en_i $end
    $var wire 10 C addr_i [9:0] $end
    $var wire 32 4 wr_data_i [31:0] $end
    $var wire 32 6 r_data_o [31:0] $end
   $upscope $end
   $scope module imem $end
    $var wire 32 o AddressWidth [31:0] $end
    $var wire 32 p DataWidth [31:0] $end
    $var wire 1 j clk_i $end
    $var wire 1 l wr_en_i $end
    $var wire 10 : addr_i [9:0] $end
    $var wire 32 n wr_data_i [31:0] $end
    $var wire 32 8 r_data_o [31:0] $end
   $upscope $end
   $scope module imm_extension_unit $end
    $var wire 32 8 instr_i [31:0] $end
    $var wire 32 7 imm_o [31:0] $end
    $var wire 7 ; op_code [6:0] $end
   $upscope $end
   $scope module ld_data_ext $end
    $var wire 3 < funct3_i [2:0] $end
    $var wire 2 D offset_i [1:0] $end
    $var wire 32 6 data_i [31:0] $end
    $var wire 32 9 data_o [31:0] $end
    $var wire 8 E byte_sel [7:0] $end
    $var wire 16 F halfword_sel [15:0] $end
   $upscope $end
   $scope module pc_adder $end
    $var wire 32 p DataWidth [31:0] $end
    $var wire 32 G a_i [31:0] $end
    $var wire 32 r b_i [31:0] $end
    $var wire 32 H y_o [31:0] $end
   $upscope $end
   $scope module pc_mux $end
    $var wire 32 p DataWidth [31:0] $end
    $var wire 1 , sel_i $end
    $var wire 32 H in0_i [31:0] $end
    $var wire 32 - in1_i [31:0] $end
    $var wire 32 . out_o [31:0] $end
   $upscope $end
   $scope module pc_reg $end
    $var wire 32 p DataWidth [31:0] $end
    $var wire 1 k rst_i $end
    $var wire 1 j clk_i $end
    $var wire 32 . d_i [31:0] $end
    $var wire 32 G q_o [31:0] $end
   $upscope $end
   $scope module regf_wr_data_mux $end
    $var wire 32 p DataWidth [31:0] $end
    $var wire 2 $ sel_i [1:0] $end
    $var wire 32 1 in0_i [31:0] $end
    $var wire 32 9 in1_i [31:0] $end
    $var wire 32 H in2_i [31:0] $end
    $var wire 32 5 in3_i [31:0] $end
    $var wire 32 2 out_o [31:0] $end
   $upscope $end
   $scope module regfile $end
    $var wire 32 p NumRegs [31:0] $end
    $var wire 32 p DataWidth [31:0] $end
    $var wire 32 s AddressWidth [31:0] $end
    $var wire 1 j clk_i $end
    $var wire 1 k rst_i $end
    $var wire 1 * wr_en_i $end
    $var wire 5 > rd_addr_i [4:0] $end
    $var wire 5 ? rs1_addr_i [4:0] $end
    $var wire 5 @ rs2_addr_i [4:0] $end
    $var wire 32 2 rd_data_i [31:0] $end
    $var wire 32 3 rs1_data_o [31:0] $end
    $var wire 32 4 rs2_data_o [31:0] $end
    $var wire 32 I i [31:0] $end
    $var wire 32 J register_file[0] [31:0] $end
    $var wire 32 K register_file[1] [31:0] $end
    $var wire 32 L register_file[2] [31:0] $end
    $var wire 32 M register_file[3] [31:0] $end
    $var wire 32 N register_file[4] [31:0] $end
    $var wire 32 O register_file[5] [31:0] $end
    $var wire 32 P register_file[6] [31:0] $end
    $var wire 32 Q register_file[7] [31:0] $end
    $var wire 32 R register_file[8] [31:0] $end
    $var wire 32 S register_file[9] [31:0] $end
    $var wire 32 T register_file[10] [31:0] $end
    $var wire 32 U register_file[11] [31:0] $end
    $var wire 32 V register_file[12] [31:0] $end
    $var wire 32 W register_file[13] [31:0] $end
    $var wire 32 X register_file[14] [31:0] $end
    $var wire 32 Y register_file[15] [31:0] $end
    $var wire 32 Z register_file[16] [31:0] $end
    $var wire 32 [ register_file[17] [31:0] $end
    $var wire 32 \ register_file[18] [31:0] $end
    $var wire 32 ] register_file[19] [31:0] $end
    $var wire 32 ^ register_file[20] [31:0] $end
    $var wire 32 _ register_file[21] [31:0] $end
    $var wire 32 ` register_file[22] [31:0] $end
    $var wire 32 a register_file[23] [31:0] $end
    $var wire 32 b register_file[24] [31:0] $end
    $var wire 32 c register_file[25] [31:0] $end
    $var wire 32 d register_file[26] [31:0] $end
    $var wire 32 e register_file[27] [31:0] $end
    $var wire 32 f register_file[28] [31:0] $end
    $var wire 32 g register_file[29] [31:0] $end
    $var wire 32 h register_file[30] [31:0] $end
    $var wire 32 i register_file[31] [31:0] $end
   $upscope $end
   $scope module utype_rd_data_mux $end
    $var wire 32 p DataWidth [31:0] $end
    $var wire 1 ) sel_i $end
    $var wire 32 7 in0_i [31:0] $end
    $var wire 32 - in1_i [31:0] $end
    $var wire 32 5 out_o [31:0] $end
   $upscope $end
  $upscope $end
 $upscope $end
$enddefinitions $end


#0
b0000 #
b11 $
0%
0&
0'
0(
0)
1*
0+
0,
b11111111000000010000000000000000 -
b00000000000000000000000000000100 .
0/
b00000000000000000000000000000000 0
b00000000000000000000000000000000 1
b11111111000000010000000000000000 2
b00000000000000000000000000000000 3
b00000000000000000000000000000000 4
b11111111000000010000000000000000 5
b00000000000000000000000000000000 6
b11111111000000010000000000000000 7
b11111111000000010000000010110111 8
b00000000000000000000000000000000 9
b0000000000 :
b0110111 ;
b000 <
1=
b00001 >
b00010 ?
b10000 @
0A
b00000000000000000000000000000000 B
b0000000000 C
b00 D
b00000000 E
b0000000000000000 F
b00000000000000000000000000000000 G
b00000000000000000000000000000100 H
b00000000000000000000000000100000 I
b00000000000000000000000000000000 J
b00000000000000000000000000000000 K
b00000000000000000000000000000000 L
b00000000000000000000000000000000 M
b00000000000000000000000000000000 N
b00000000000000000000000000000000 O
b00000000000000000000000000000000 P
b00000000000000000000000000000000 Q
b00000000000000000000000000000000 R
b00000000000000000000000000000000 S
b00000000000000000000000000000000 T
b00000000000000000000000000000000 U
b00000000000000000000000000000000 V
b00000000000000000000000000000000 W
b00000000000000000000000000000000 X
b00000000000000000000000000000000 Y
b00000000000000000000000000000000 Z
b00000000000000000000000000000000 [
b00000000000000000000000000000000 \
b00000000000000000000000000000000 ]
b00000000000000000000000000000000 ^
b00000000000000000000000000000000 _
b00000000000000000000000000000000 `
b00000000000000000000000000000000 a
b00000000000000000000000000000000 b
b00000000000000000000000000000000 c
b00000000000000000000000000000000 d
b00000000000000000000000000000000 e
b00000000000000000000000000000000 f
b00000000000000000000000000000000 g
b00000000000000000000000000000000 h
b00000000000000000000000000000000 i
0j
0k
0l
b0000101000 m
b00000000000000000000000001110011 n
b00000000000000000000000000001010 o
b00000000000000000000000000100000 p
0q
b00000000000000000000000000000100 r
b00000000000000000000000000000101 s
b0110011 t
b0010011 u
b0000011 v
b0100011 w
b1100011 x
b1101111 y
b1100111 z
b0010111 {
#1
b00 $
1%
b11111111111111111111111100000100 -
b00000000000000000000000000001000 .
b11111111111111111111111100000000 0
b11111111000000001111111100000000 1
b11111111000000001111111100000000 2
b11111111000000010000000000000000 3
b11111111111111111111111100000000 5
b11111111111111111111111100000000 7
b11110000000000001000000010010011 8
b0000000001 :
b0010011 ;
b00001 ?
b00000 @
b00000000000000000000000000000100 B
b1111000000 C
b00000000000000000000000000000100 G
b00000000000000000000000000001000 H
b11111111000000010000000000000000 K
1j
#2
0j
#3
b0011 #
b11111111111111111111111100010111 -
b00000000000000000000000000001100 .
1/
b11111111111111111111111100001111 0
b11111111111111111111111100001111 1
b11111111111111111111111100001111 2
b11111111000000001111111100000000 3
b11111111111111111111111100001111 5
b11111111111111111111111100001111 7
b11110000111100001110111100010011 8
b0000000010 :
b110 <
b11110 >
b01111 @
b00000000000000000000000000001000 B
b1111000011 C
b11 D
b00000000000000000000000000001000 G
b00000000000000000000000000001100 H
b11111111000000001111111100000000 K
1j
#4
0j
#5
b0000 #
b11111111111111111111111100011011 -
b00000000000000000000000000010000 .
b00000000000000000000000000000000 3
b11110000111100000000111010010011 8
b0000000011 :
b000 <
b11101 >
b00000 ?
b00000000000000000000000000001100 B
b00000000000000000000000000001100 G
b00000000000000000000000000010000 H
b11111111111111111111111100001111 h
1j
#6
0j
#7
b00000000000000000000000000010010 -
b00000000000000000000000000010100 .
0/
b00000000000000000000000000000010 0
b00000000000000000000000000000010 1
b00000000000000000000000000000010 2
b00000000000000000000000000000010 5
b00000000000000000000000000000010 7
b00000000001000000000000110010011 8
b0000000100 :
0=
b00011 >
b00010 @
b00000000000000000000000000010000 B
b0000000000 C
b10 D
b00000000000000000000000000010000 G
b00000000000000000000000000010100 H
b11111111111111111111111100001111 g
1j
#8
0j
#9
b1011 #
0%
1(
0*
b00000000000000000000000010001100 -
b00000000000000000000000000011000 .
b11111111111111111111111100001111 0
b00000000000000000000000000000000 1
b00000000000000000000000000000000 2
b11111111111111111111111100001111 3
b11111111111111111111111100001111 4
b00000000000000000000000001111000 5
b00000000000000000000000001111000 7
b00000111110111110001110001100011 8
b0000000101 :
b1100011 ;
b001 <
b11000 >
b11110 ?
b11101 @
b00000000000000000000000000010100 B
b00 D
b00000000000000000000000000010100 G
b00000000000000000000000000011000 H
b00000000000000000000000000000010 M
1j
#10
0j
#11
b0000 #
b11 $
0(
1*
b00001111111100000001000000011000 -
b00000000000000000000000000011100 .
b00000000000000000000000000000000 0
b00001111111100000001000000000000 2
b00000000000000000000000000000000 3
b00000000000000000000000000000000 4
b00001111111100000001000000000000 5
b00001111111100000001000000000000 7
b00001111111100000001000010110111 8
b0000000110 :
b0110111 ;
b00001 >
b00000 ?
b11111 @
b00000000000000000000000000011000 B
b00000000000000000000000000011000 G
b00000000000000000000000000011100 H
1j
#12
0j
#13
b00 $
1%
b00000000000000000000000000001100 -
b00000000000000000000000000100000 .
b11111111111111111111111111110000 0
b00001111111100000000111111110000 1
b00001111111100000000111111110000 2
b00001111111100000001000000000000 3
b11111111111111111111111111110000 5
b11111111111111111111111111110000 7
b11111111000000001000000010010011 8
b0000000111 :
b0010011 ;
b000 <
1=
b00001 ?
b10000 @
b00000000000000000000000000011100 B
b1111111100 C
b00000000000000000000000000011100 G
b00000000000000000000000000100000 H
b00001111111100000001000000000000 K
1j
#14
0j
#15
b0011 #
b00000000000000000000000100010000 -
b00000000000000000000000000100100 .
b00000000000000000000000011110000 0
b00001111111100000000111111110000 3
b00000000000000000000000011110000 5
b00000000000000000000000011110000 7
b00001111000000001110111100010011 8
b0000001000 :
b110 <
0=
b11110 >
b00000000000000000000000000100000 B
b00000000000000000000000000100000 G
b00000000000000000000000000100100 H
b00001111111100000000111111110000 K
1j
#16
0j
#17
b0000 #
b11 $
0%
b00001111111100000001000000100100 -
b00000000000000000000000000101000 .
b00000000000000000000000000000000 0
b00000000000000000000000000000000 1
b00001111111100000001000000000000 2
b00000000000000000000000000000000 3
b00001111111100000001000000000000 5
b00001111111100000001000000000000 7
b00001111111100000001111010110111 8
b0000001001 :
b0110111 ;
b001 <
b11101 >
b00000 ?
b11111 @
b00000000000000000000000000100100 B
b0000000000 C
b00000000000000000000000000100100 G
b00000000000000000000000000101000 H
b00001111111100000000111111110000 h
1j
#18
0j
#19
b00 $
1%
b00000000000000000000000000011000 -
b00000000000000000000000000101100 .
b11111111111111111111111111110000 0
b00001111111100000000111111110000 1
b00001111111100000000111111110000 2
b00001111111100000001000000000000 3
b11111111111111111111111111110000 5
b11111111111111111111111111110000 7
b11111111000011101000111010010011 8
b0000001010 :
b0010011 ;
b000 <
1=
b11101 ?
b10000 @
b00000000000000000000000000101000 B
b1111111100 C
b00000000000000000000000000101000 G
b00000000000000000000000000101100 H
b00001111111100000001000000000000 g
1j
#20
0j
#21
b00000000000000000000000000101111 -
b00000000000000000000000000110000 .
1/
b00000000000000000000000000000011 0
b00000000000000000000000000000011 1
b00000000000000000000000000000011 2
b00000000000000000000000000000000 3
b00000000000000000000000000000010 4
b00000000000000000000000000000011 5
b00000000000000000000000000000011 7
b00000000001100000000000110010011 8
b0000001011 :
0=
b00011 >
b00000 ?
b00011 @
b00000000000000000000000000101100 B
b0000000000 C
b11 D
b00000000000000000000000000101100 G
b00000000000000000000000000110000 H
b00001111111100000000111111110000 g
1j
#22
0j
#23
b1011 #
0%
1(
0*
b00000000000000000000000010001100 -
b00000000000000000000000000110100 .
0/
b00001111111100000000111111110000 0
b00000000000000000000000000000000 1
b00000000000000000000000000000000 2
b00001111111100000000111111110000 3
b00001111111100000000111111110000 4
b00000000000000000000000001011100 5
b00000000000000000000000001011100 7
b00000101110111110001111001100011 8
b0000001100 :
b1100011 ;
b001 <
b11100 >
b11110 ?
b11101 @
b00000000000000000000000000110000 B
b00 D
b00000000000000000000000000110000 G
b00000000000000000000000000110100 H
b00000000000000000000000000000011 M
1j
#24
0j
#25
b0000 #
b11 $
0(
1*
b00000000111111110000000000110100 -
b00000000000000000000000000111000 .
b00000000000000000000000000000000 0
b00001111111100000000111111110000 1
b00000000111111110000000000000000 2
b00000000000000000000000000000000 4
b00000000111111110000000000000000 5
b00000000111111110000000000000000 7
b00000000111111110000000010110111 8
b0000001101 :
b0110111 ;
b000 <
b00001 >
b01111 @
b00000000000000000000000000110100 B
b1111111100 C
b00000000000000000000000000110100 G
b00000000000000000000000000111000 H
1j
#26
0j
#27
b00 $
1%
b00000000000000000000000100110111 -
b00000000000000000000000000111100 .
1/
b00000000000000000000000011111111 0
b00000000111111110000000011111111 1
b00000000111111110000000011111111 2
b00000000111111110000000000000000 3
b00000000000000000000000011111111 5
b00000000000000000000000011111111 7
b00001111111100001000000010010011 8
b0000001110 :
b0010011 ;
b00001 ?
b11111 @
b00000000000000000000000000111000 B
b0000111111 C
b11 D
b00000000000000000000000000111000 G
b00000000000000000000000000111100 H
b00000000111111110000000000000000 K
1j
#28
0j
#29
b0011 #
b00000000000000000000011101001011 -
b00000000000000000000000001000000 .
b00000000000000000000011100001111 0
b00000000111111110000011111111111 1
b00000000111111110000011111111111 2
b00000000111111110000000011111111 3
b00000000000000000000011100001111 5
b00000000000000000000011100001111 7
b01110000111100001110111100010011 8
b0000001111 :
b110 <
1=
b11110 >
b01111 @
b00000000000000000000000000111100 B
b0111111111 C
b00000000000000000000000000111100 G
b00000000000000000000000001000000 H
b00000000111111110000000011111111 K
1j
#30
0j
#31
b0000 #
b11 $
0%
b00000000111111110000000001000000 -
b00000000000000000000000001000100 .
b00000000000000000000000000000000 0
b00000000111111110000000000000000 2
b00000000111111110000011111111111 3
b00000000111111110000000000000000 5
b00000000111111110000000000000000 7
b00000000111111110000111010110111 8
b0000010000 :
b0110111 ;
b000 <
0=
b11101 >
b11110 ?
b00000000000000000000000001000000 B
b00000000000000000000000001000000 G
b00000000000000000000000001000100 H
b00000000111111110000011111111111 h
1j
#32
0j
#33
b00 $
1%
b00000000000000000000100001000011 -
b00000000000000000000000001001000 .
b00000000000000000000011111111111 0
b00000000111111110000011111111111 2
b00000000111111110000000000000000 3
b00000000000000000000011111111111 5
b00000000000000000000011111111111 7
b01111111111111101000111010010011 8
b0000010001 :
b0010011 ;
1=
b11101 ?
b11111 @
b00000000000000000000000001000100 B
b00000000000000000000000001000100 G
b00000000000000000000000001001000 H
b00000000111111110000000000000000 g
1j
#34
0j
#35
b00000000000000000000000001001100 -
b00000000000000000000000001001100 .
0/
b00000000000000000000000000000100 0
b00000000000000000000000000000100 1
b00000000000000000000000000000100 2
b00000000000000000000000000000000 3
b00000000000000000000000000000100 5
b00000000000000000000000000000100 7
b00000000010000000000000110010011 8
b0000010010 :
0=
b00011 >
b00000 ?
b00100 @
b00000000000000000000000001001000 B
b0000000001 C
b00 D
b00000000000000000000000001001000 G
b00000000000000000000000001001100 H
b00000000111111110000011111111111 g
1j
#36
0j
#37
b1011 #
0%
1(
0*
b00000000000000000000000010001100 -
b00000000000000000000000001010000 .
b00000000111111110000011111111111 0
b00000000000000000000000000000000 1
b00000000000000000000000000000000 2
b00000000111111110000011111111111 3
b00000000111111110000011111111111 4
b00000000000000000000000001000000 5
b00000000000000000000000001000000 7
b00000101110111110001000001100011 8
b0000010011 :
b1100011 ;
b001 <
b00000 >
b11110 ?
b11101 @
b00000000000000000000000001001100 B
b0000000000 C
b00000000000000000000000001001100 G
b00000000000000000000000001010000 H
b00000000000000000000000000000100 M
1j
#38
0j
#39
b0000 #
b11 $
0(
1*
b11110000000011111111000001010000 -
b00000000000000000000000001010100 .
b00000000000000000000000000000000 0
b11110000000011111111000000000000 2
b00000000000000000000000000000000 3
b00000000000000000000000000000000 4
b11110000000011111111000000000000 5
b11110000000011111111000000000000 7
b11110000000011111111000010110111 8
b0000010100 :
b0110111 ;
b111 <
1=
b00001 >
b11111 ?
b00000 @
b00000000000000000000000001010000 B
b00000000000000000000000001010000 G
b00000000000000000000000001010100 H
1j
#40
0j
#41
b00 $
1%
b00000000000000000000000001100011 -
b00000000000000000000000001011000 .
1/
b00000000000000000000000000001111 0
b11110000000011111111000000001111 1
b11110000000011111111000000001111 2
b11110000000011111111000000000000 3
b00000000000000000000000000001111 5
b00000000000000000000000000001111 7
b00000000111100001000000010010011 8
b0000010101 :
b0010011 ;
b000 <
0=
b00001 ?
b01111 @
b00000000000000000000000001010100 B
b0000000011 C
b11 D
b00000000000000000000000001010100 G
b00000000000000000000000001011000 H
b11110000000011111111000000000000 K
1j
#42
0j
#43
b0011 #
b00000000000000000000000101001000 -
b00000000000000000000000001011100 .
b00000000000000000000000011110000 0
b11110000000011111111000011111111 1
b11110000000011111111000011111111 2
b11110000000011111111000000001111 3
b00000000000000000000000011110000 5
b00000000000000000000000011110000 7
b00001111000000001110111100010011 8
b0000010110 :
b110 <
b11110 >
b10000 @
b00000000000000000000000001011000 B
b0000111111 C
b00000000000000000000000001011000 G
b00000000000000000000000001011100 H
b11110000000011111111000000001111 K
1j
#44
0j
#45
b0000 #
b11 $
0%
b11110000000011111111000001011100 -
b00000000000000000000000001100000 .
0/
b00000000000000000000000000000000 0
b00000000000000000000000000000000 1
b11110000000011111111000000000000 2
b00000000000000000000000000000000 3
b11110000000011111111000000000000 5
b11110000000011111111000000000000 7
b11110000000011111111111010110111 8
b0000010111 :
b0110111 ;
b111 <
1=
b11101 >
b11111 ?
b00000 @
b00000000000000000000000001011100 B
b0000000000 C
b00 D
b00000000000000000000000001011100 G
b00000000000000000000000001100000 H
b11110000000011111111000011111111 h
1j
#46
0j
#47
b00 $
1%
b00000000000000000000000101011111 -
b00000000000000000000000001100100 .
1/
b00000000000000000000000011111111 0
b11110000000011111111000011111111 1
b11110000000011111111000011111111 2
b11110000000011111111000000000000 3
b00000000000000000000000011111111 5
b00000000000000000000000011111111 7
b00001111111111101000111010010011 8
b0000011000 :
b0010011 ;
b000 <
0=
b11101 ?
b11111 @
b00000000000000000000000001100000 B
b0000111111 C
b11 D
b00000000000000000000000001100000 G
b00000000000000000000000001100100 H
b11110000000011111111000000000000 g
1j
#48
0j
#49
b00000000000000000000000001101001 -
b00000000000000000000000001101000 .
b00000000000000000000000000000101 0
b00000000000000000000000000000101 1
b00000000000000000000000000000101 2
b00000000000000000000000000000000 3
b00000000000000000000000000000101 5
b00000000000000000000000000000101 7
b00000000010100000000000110010011 8
b0000011001 :
b00011 >
b00000 ?
b00101 @
b00000000000000000000000001100100 B
b0000000001 C
b01 D
b00000000000000000000000001100100 G
b00000000000000000000000001101000 H
b11110000000011111111000011111111 g
1j
#50
0j
#51
b1011 #
0%
1(
0*
b00000000000000000000000010001100 -
b00000000000000000000000001101100 .
0/
b11110000000011111111000011111111 0
b00000000000000000000000000000000 1
b00000000000000000000000000000000 2
b11110000000011111111000011111111 3
b11110000000011111111000011111111 4
b00000000000000000000000000100100 5
b00000000000000000000000000100100 7
b00000011110111110001001001100011 8
b0000011010 :
b1100011 ;
b001 <
b00100 >
b11110 ?
b11101 @
b00000000000000000000000001101000 B
b0000000000 C
b00 D
b00000000000000000000000001101000 G
b00000000000000000000000001101100 H
b00000000000000000000000000000101 M
1j
#52
0j
#53
b0000 #
b11 $
0(
1*
b11111111000000010000000001101100 -
b00000000000000000000000001110000 .
b00000000000000000000000000000000 0
b11111111000000010000000000000000 2
b00000000000000000000000000000000 3
b00000000000000000000000000000000 4
b11111111000000010000000000000000 5
b11111111000000010000000000000000 7
b11111111000000010000000010110111 8
b0000011011 :
b0110111 ;
b000 <
1=
b00001 >
b00010 ?
b10000 @
b00000000000000000000000001101100 B
b00000000000000000000000001101100 G
b00000000000000000000000001110000 H
1j
#54
0j
#55
b00 $
1%
b11111111111111111111111101110000 -
b00000000000000000000000001110100 .
b11111111111111111111111100000000 0
b11111111000000001111111100000000 1
b11111111000000001111111100000000 2
b11111111000000010000000000000000 3
b11111111111111111111111100000000 5
b11111111111111111111111100000000 7
b11110000000000001000000010010011 8
b0000011100 :
b0010011 ;
b00001 ?
b00000 @
b00000000000000000000000001110000 B
b1111000000 C
b00000000000000000000000001110000 G
b00000000000000000000000001110100 H
b11111111000000010000000000000000 K
1j
#56
0j
#57
b0011 #
b00000000000000000000000101100100 -
b00000000000000000000000001111000 .
b00000000000000000000000011110000 0
b11111111000000001111111111110000 1
b11111111000000001111111111110000 2
b11111111000000001111111100000000 3
b00000000000000000000000011110000 5
b00000000000000000000000011110000 7
b00001111000000001110000010010011 8
b0000011101 :
b110 <
0=
b10000 @
b00000000000000000000000001110100 B
b1111111100 C
b00000000000000000000000001110100 G
b00000000000000000000000001111000 H
b11111111000000001111111100000000 K
1j
#58
0j
#59
b0000 #
b11 $
0%
b11111111000000010000000001111000 -
b00000000000000000000000001111100 .
b00000000000000000000000000000000 0
b00000000000000000000000000000000 1
b11111111000000010000000000000000 2
b00000000000000000000000000000000 3
b11111111000000010000000000000000 5
b11111111000000010000000000000000 7
b11111111000000010000111010110111 8
b0000011110 :
b0110111 ;
b000 <
1=
b11101 >
b00010 ?
b00000000000000000000000001111000 B
b0000000000 C
b00000000000000000000000001111000 G
b00000000000000000000000001111100 H
b11111111000000001111111111110000 K
1j
#60
0j
#61
b00 $
1%
b00000000000000000000000001101100 -
b00000000000000000000000010000000 .
b11111111111111111111111111110000 0
b11111111000000001111111111110000 1
b11111111000000001111111111110000 2
b11111111000000010000000000000000 3
b11111111111111111111111111110000 5
b11111111111111111111111111110000 7
b11111111000011101000111010010011 8
b0000011111 :
b0010011 ;
b11101 ?
b00000000000000000000000001111100 B
b1111111100 C
b00000000000000000000000001111100 G
b00000000000000000000000010000000 H
b11111111000000010000000000000000 g
1j
#62
0j
#63
b00000000000000000000000010000110 -
b00000000000000000000000010000100 .
b00000000000000000000000000000110 0
b00000000000000000000000000000110 1
b00000000000000000000000000000110 2
b00000000000000000000000000000000 3
b00000000000000000000000000000110 5
b00000000000000000000000000000110 7
b00000000011000000000000110010011 8
b0000100000 :
0=
b00011 >
b00000 ?
b00110 @
b00000000000000000000000010000000 B
b0000000001 C
b10 D
b00000000000000000000000010000000 G
b00000000000000000000000010000100 H
b11111111000000001111111111110000 g
1j
#64
0j
#65
b1011 #
0%
1(
0*
b00000000000000000000000010001100 -
b00000000000000000000000010001000 .
b11111111000000001111111111110000 0
b00000000000000000000000000000000 1
b00000000000000000000000000000000 2
b11111111000000001111111111110000 3
b11111111000000001111111111110000 4
b00000000000000000000000000001000 5
b00000000000000000000000000001000 7
b00000001110100001001010001100011 8
b0000100001 :
b1100011 ;
b001 <
b01000 >
b00001 ?
b11101 @
b00000000000000000000000010000100 B
b0000000000 C
b00 D
b00000000000000000000000010000100 G
b00000000000000000000000010001000 H
b00000000000000000000000000000110 M
1j
#66
0j
#67
1,
b00000000000000000000000010011000 -
b00000000000000000000000010011000 .
1/
b00000000000000000000000000000110 0
b00000000000000000000000000000001 1
b00000000000000000000000000000001 2
b00000000000000000000000000000000 3
b00000000000000000000000000000110 4
b00000000000000000000000000010000 5
b00000000000000000000000000010000 7
b00000000001100000001100001100011 8
b0000100010 :
b10000 >
b00000 ?
b00011 @
b00000000000000000000000010001000 B
b01 D
b00000000000000000000000010001000 G
b00000000000000000000000010001100 H
1j
#68
0j
#69
b0000 #
1%
0(
1*
0,
b00000000000000000000000011000010 -
b00000000000000000000000010011100 .
0/
b00000000000000000000000000101010 0
b00000000000000000000000000101010 1
b00000000000000000000000000101010 2
b00000000000000000000000000000000 4
b00000000000000000000000000101010 5
b00000000000000000000000000101010 7
b00000010101000000000010100010011 8
b0000100110 :
b0010011 ;
b000 <
b01010 >
b01010 @
b00000000000000000000000010011000 B
b0000001010 C
b10 D
b00000000000000000000000010011000 G
b00000000000000000000000010011100 H
1j
#70
0j
#71
b00000000000000000000000011111001 -
b00000000000000000000000010100000 .
1/
b00000000000000000000000001011101 0
b00000000000000000000000001011101 1
b00000000000000000000000001011101 2
b11111111000000001111111111110000 4
b00000000000000000000000001011101 5
b00000000000000000000000001011101 7
b00000101110100000000100010010011 8
b0000100111 :
b10001 >
b11101 @
b00000000000000000000000010011100 B
b0000010111 C
b01 D
b00000000000000000000000010011100 G
b00000000000000000000000010100000 H
b00000000000000000000000000101010 T
1j
#72
0j
#73
0%
b00000000000000000000000010100000 -
b00000000000000000000000010100100 .
0/
b00000000000000000000000000000000 0
b00000000000000000000000000000000 1
b00000000000000000000000000000000 2
b00000000000000000000000000000000 4
b00000000000000000000000000000000 5
b00000000000000000000000000000000 7
b00000000000000000000000001110011 8
b0000101000 :
b1110011 ;
b00000 >
b00000 @
b00000000000000000000000010100000 B
b0000000000 C
b00 D
b00000000000000000000000010100000 G
b00000000000000000000000010100100 H
b00000000000000000000000001011101 [
1j
#74
0j
#75
b00000000000000000000000010100100 -
b00000000000000000000000010101000 .
b00000000000000000000000000000000 8
b0000101001 :
b0000000 ;
b00000000000000000000000010100100 B
b00000000000000000000000010100100 G
b00000000000000000000000010101000 H
1j
#76
0j
